Change Class Name : Old Net Name=PORT K Filter Capacitor New Net Name=PORT K Filter Capacitors
Added Room: Name=3V3 LDO Regulator
Added Room: Name=3V8 Buck Boost Converter
Added Room: Name=5V Buck Boost Converter
Added Room: Name=Buzzer
Added Room: Name=FOTA Burn Buffer
Added Room: Name=FOTA MicroController
Added Room: Name=FOTA MicroController Power Trigger
Added Room: Name=GE910QUAD Modem
Added Room: Name=GSM Power Switch & Filter
Added Room: Name=I2C Analog Digital Converter
Added Room: Name=I2C EEprom
Added Room: Name=I2C Multiplexer
Added Room: Name=I2C Real Time Clock
Added Room: Name=I2C Serial ID EEprom
Added Room: Name=LED Indicators
Added Room: Name=LED Inducators
Added Room: Name=Main Power Switch
Added Room: Name=Master MicroController Core
Added Room: Name=PORT A
Added Room: Name=PORT C
Added Room: Name=PORT F
Added Room: Name=PORT K
Added Room: Name=PORT K Filter Capacitors
Added Room: Name=PORT K Filter Capacitors
Added Room: Name=PORT K Filter Capacitors
Added Room: Name=PORT K Filter Capacitors
Added Room: Name=PORT K Filter Capacitors
Added Room: Name=PORT K Filter Capacitors
Added Room: Name=PORT K Filter Capacitors
Added Room: Name=PORT K Filter Capacitors
Added Room: Name=PORT K Filter Capacitors
Added Room: Name=PORT K Filter Capacitors
Added Room: Name=PORT K Filter Capacitors
Added Room: Name=PORT K Filter Capacitors
Added Room: Name=PORT K Filter Capacitors
Added Room: Name=PORT K Filter Capacitors
Added Room: Name=PORT L
Added Room: Name=PORT Outputs
Added Room: Name=SD Card and Select Switch
Added Room: Name=Signal Control
Added Room: Name=Voltage Translator
