Added Pin To Net: NetName=3V3 Pin=C12-1
Added Pin To Net: NetName=3V3 Pin=C14-1
Added Pin To Net: NetName=3V3 Pin=C15-2
Added Pin To Net: NetName=3V3 Pin=C16-1
Added Pin To Net: NetName=3V3 Pin=C142-2
Added Pin To Net: NetName=3V3 Pin=C148-2
Added Pin To Net: NetName=3V3 Pin=C159-2
Added Pin To Net: NetName=3V3 Pin=C169-2
Added Pin To Net: NetName=3V3 Pin=C171-2
Added Pin To Net: NetName=3V3 Pin=J2-29
Added Pin To Net: NetName=3V3 Pin=J2-32
Added Pin To Net: NetName=3V3 Pin=J3-29
Added Pin To Net: NetName=3V3 Pin=J3-32
Added Pin To Net: NetName=3V3 Pin=U2-1
Added Pin To Net: NetName=3V3 Pin=U3-5
Added Pin To Net: NetName=3V3 Pin=U17-6
Added Net: Name=3V3
Added Pin To Net: NetName=3V8 Pin=C5-1
Added Pin To Net: NetName=3V8 Pin=C13-1
Added Pin To Net: NetName=3V8 Pin=C143-2
Added Pin To Net: NetName=3V8 Pin=C149-2
Added Pin To Net: NetName=3V8 Pin=C158-2
Added Pin To Net: NetName=3V8 Pin=C168-2
Added Pin To Net: NetName=3V8 Pin=C265-1
Added Pin To Net: NetName=3V8 Pin=C266-1
Added Pin To Net: NetName=3V8 Pin=C267-2
Added Pin To Net: NetName=3V8 Pin=J2-28
Added Pin To Net: NetName=3V8 Pin=J2-33
Added Pin To Net: NetName=3V8 Pin=J3-28
Added Pin To Net: NetName=3V8 Pin=J3-33
Added Pin To Net: NetName=3V8 Pin=R64-2
Added Pin To Net: NetName=3V8 Pin=R65-2
Added Pin To Net: NetName=3V8 Pin=U1-1
Added Pin To Net: NetName=3V8 Pin=U3-1
Added Pin To Net: NetName=3V8 Pin=U3-3
Added Pin To Net: NetName=3V8 Pin=U21-6
Added Net: Name=3V8
Added Pin To Net: NetName=5V Pin=C144-2
Added Pin To Net: NetName=5V Pin=C152-2
Added Pin To Net: NetName=5V Pin=C177-2
Added Pin To Net: NetName=5V Pin=C271-1
Added Pin To Net: NetName=5V Pin=C272-1
Added Pin To Net: NetName=5V Pin=C273-2
Added Pin To Net: NetName=5V Pin=J2-34
Added Pin To Net: NetName=5V Pin=J3-3
Added Pin To Net: NetName=5V Pin=R62-2
Added Pin To Net: NetName=5V Pin=R63-2
Added Pin To Net: NetName=5V Pin=R67-2
Added Pin To Net: NetName=5V Pin=R68-2
Added Pin To Net: NetName=5V Pin=U20-3
Added Pin To Net: NetName=5V Pin=U22-6
Added Net: Name=5V
Added Pin To Net: NetName=ANTENNA_GSM Pin=C23-2
Added Pin To Net: NetName=ANTENNA_GSM Pin=L1-2
Added Pin To Net: NetName=ANTENNA_GSM Pin=R7-2
Added Pin To Net: NetName=ANTENNA_GSM Pin=U4-K01
Added Net: Name=ANTENNA_GSM
Added Pin To Net: NetName=ANTENNA_SOCKET Pin=C24-2
Added Pin To Net: NetName=ANTENNA_SOCKET Pin=L2-2
Added Pin To Net: NetName=ANTENNA_SOCKET Pin=R7-1
Added Pin To Net: NetName=ANTENNA_SOCKET Pin=RF1-1
Added Net: Name=ANTENNA_SOCKET
Added Pin To Net: NetName=FOTA_DIGITAL_MISO Pin=C230-2
Added Pin To Net: NetName=FOTA_DIGITAL_MISO Pin=J3-46
Added Pin To Net: NetName=FOTA_DIGITAL_MISO Pin=U11-30
Added Pin To Net: NetName=FOTA_DIGITAL_MISO Pin=U13-15
Added Net: Name=FOTA_DIGITAL_MISO
Added Pin To Net: NetName=FOTA_DIGITAL_MOSI Pin=C231-2
Added Pin To Net: NetName=FOTA_DIGITAL_MOSI Pin=J3-45
Added Pin To Net: NetName=FOTA_DIGITAL_MOSI Pin=U11-31
Added Pin To Net: NetName=FOTA_DIGITAL_MOSI Pin=U13-14
Added Net: Name=FOTA_DIGITAL_MOSI
Added Pin To Net: NetName=FOTA_DIGITAL_RESET Pin=C233-2
Added Pin To Net: NetName=FOTA_DIGITAL_RESET Pin=J3-43
Added Pin To Net: NetName=FOTA_DIGITAL_RESET Pin=U11-1
Added Pin To Net: NetName=FOTA_DIGITAL_RESET Pin=U13-12
Added Net: Name=FOTA_DIGITAL_RESET
Added Pin To Net: NetName=FOTA_DIGITAL_SCK Pin=C232-2
Added Pin To Net: NetName=FOTA_DIGITAL_SCK Pin=J3-44
Added Pin To Net: NetName=FOTA_DIGITAL_SCK Pin=U11-32
Added Pin To Net: NetName=FOTA_DIGITAL_SCK Pin=U13-13
Added Net: Name=FOTA_DIGITAL_SCK
Added Pin To Net: NetName=FOTA_MISO Pin=C208-2
Added Pin To Net: NetName=FOTA_MISO Pin=J3-14
Added Pin To Net: NetName=FOTA_MISO Pin=U11-16
Added Pin To Net: NetName=FOTA_MISO Pin=U12-5
Added Net: Name=FOTA_MISO
Added Pin To Net: NetName=FOTA_MOSI Pin=C207-2
Added Pin To Net: NetName=FOTA_MOSI Pin=J3-13
Added Pin To Net: NetName=FOTA_MOSI Pin=U11-15
Added Pin To Net: NetName=FOTA_MOSI Pin=U12-2
Added Net: Name=FOTA_MOSI
Added Pin To Net: NetName=FOTA_RESET Pin=C76-2
Added Pin To Net: NetName=FOTA_RESET Pin=C210-2
Added Pin To Net: NetName=FOTA_RESET Pin=J3-16
Added Pin To Net: NetName=FOTA_RESET Pin=R36-1
Added Pin To Net: NetName=FOTA_RESET Pin=U11-29
Added Net: Name=FOTA_RESET
Added Pin To Net: NetName=FOTA_SCK Pin=C209-2
Added Pin To Net: NetName=FOTA_SCK Pin=J3-15
Added Pin To Net: NetName=FOTA_SCK Pin=U11-17
Added Pin To Net: NetName=FOTA_SCK Pin=U12-11
Added Net: Name=FOTA_SCK
Added Pin To Net: NetName=FOTA_SS Pin=C211-2
Added Pin To Net: NetName=FOTA_SS Pin=J3-17
Added Pin To Net: NetName=FOTA_SS Pin=U11-14
Added Pin To Net: NetName=FOTA_SS Pin=U12-14
Added Net: Name=FOTA_SS
Added Pin To Net: NetName=GND Pin=C1-2
Added Pin To Net: NetName=GND Pin=C2-1
Added Pin To Net: NetName=GND Pin=C3-1
Added Pin To Net: NetName=GND Pin=C4-1
Added Pin To Net: NetName=GND Pin=C5-2
Added Pin To Net: NetName=GND Pin=C6-2
Added Pin To Net: NetName=GND Pin=C7-2
Added Pin To Net: NetName=GND Pin=C8-1
Added Pin To Net: NetName=GND Pin=C9-1
Added Pin To Net: NetName=GND Pin=C10-2
Added Pin To Net: NetName=GND Pin=C11-1
Added Pin To Net: NetName=GND Pin=C12-2
Added Pin To Net: NetName=GND Pin=C13-2
Added Pin To Net: NetName=GND Pin=C14-2
Added Pin To Net: NetName=GND Pin=C15-1
Added Pin To Net: NetName=GND Pin=C16-2
Added Pin To Net: NetName=GND Pin=C17-1
Added Pin To Net: NetName=GND Pin=C18-1
Added Pin To Net: NetName=GND Pin=C19-1
Added Pin To Net: NetName=GND Pin=C20-1
Added Pin To Net: NetName=GND Pin=C21-1
Added Pin To Net: NetName=GND Pin=C22-1
Added Pin To Net: NetName=GND Pin=C23-1
Added Pin To Net: NetName=GND Pin=C24-1
Added Pin To Net: NetName=GND Pin=C25-2
Added Pin To Net: NetName=GND Pin=C26-2
Added Pin To Net: NetName=GND Pin=C27-1
Added Pin To Net: NetName=GND Pin=C28-1
Added Pin To Net: NetName=GND Pin=C29-1
Added Pin To Net: NetName=GND Pin=C30-1
Added Pin To Net: NetName=GND Pin=C31-1
Added Pin To Net: NetName=GND Pin=C32-1
Added Pin To Net: NetName=GND Pin=C33-1
Added Pin To Net: NetName=GND Pin=C34-1
Added Pin To Net: NetName=GND Pin=C35-1
Added Pin To Net: NetName=GND Pin=C36-1
Added Pin To Net: NetName=GND Pin=C37-1
Added Pin To Net: NetName=GND Pin=C38-1
Added Pin To Net: NetName=GND Pin=C39-1
Added Pin To Net: NetName=GND Pin=C40-1
Added Pin To Net: NetName=GND Pin=C41-1
Added Pin To Net: NetName=GND Pin=C42-1
Added Pin To Net: NetName=GND Pin=C43-1
Added Pin To Net: NetName=GND Pin=C44-1
Added Pin To Net: NetName=GND Pin=C45-1
Added Pin To Net: NetName=GND Pin=C46-1
Added Pin To Net: NetName=GND Pin=C47-1
Added Pin To Net: NetName=GND Pin=C48-1
Added Pin To Net: NetName=GND Pin=C49-1
Added Pin To Net: NetName=GND Pin=C50-1
Added Pin To Net: NetName=GND Pin=C51-1
Added Pin To Net: NetName=GND Pin=C52-1
Added Pin To Net: NetName=GND Pin=C53-2
Added Pin To Net: NetName=GND Pin=C54-2
Added Pin To Net: NetName=GND Pin=C55-2
Added Pin To Net: NetName=GND Pin=C56-2
Added Pin To Net: NetName=GND Pin=C57-2
Added Pin To Net: NetName=GND Pin=C58-2
Added Pin To Net: NetName=GND Pin=C59-2
Added Pin To Net: NetName=GND Pin=C60-1
Added Pin To Net: NetName=GND Pin=C61-2
Added Pin To Net: NetName=GND Pin=C62-1
Added Pin To Net: NetName=GND Pin=C63-1
Added Pin To Net: NetName=GND Pin=C64-1
Added Pin To Net: NetName=GND Pin=C65-1
Added Pin To Net: NetName=GND Pin=C66-1
Added Pin To Net: NetName=GND Pin=C67-2
Added Pin To Net: NetName=GND Pin=C68-2
Added Pin To Net: NetName=GND Pin=C69-2
Added Pin To Net: NetName=GND Pin=C70-2
Added Pin To Net: NetName=GND Pin=C71-2
Added Pin To Net: NetName=GND Pin=C72-2
Added Pin To Net: NetName=GND Pin=C73-2
Added Pin To Net: NetName=GND Pin=C74-1
Added Pin To Net: NetName=GND Pin=C75-1
Added Pin To Net: NetName=GND Pin=C76-1
Added Pin To Net: NetName=GND Pin=C77-1
Added Pin To Net: NetName=GND Pin=C78-2
Added Pin To Net: NetName=GND Pin=C79-1
Added Pin To Net: NetName=GND Pin=C80-1
Added Pin To Net: NetName=GND Pin=C81-1
Added Pin To Net: NetName=GND Pin=C82-2
Added Pin To Net: NetName=GND Pin=C83-1
Added Pin To Net: NetName=GND Pin=C84-1
Added Pin To Net: NetName=GND Pin=C85-1
Added Pin To Net: NetName=GND Pin=C88-1
Added Pin To Net: NetName=GND Pin=C89-1
Added Pin To Net: NetName=GND Pin=C90-1
Added Pin To Net: NetName=GND Pin=C91-1
Added Pin To Net: NetName=GND Pin=C92-1
Added Pin To Net: NetName=GND Pin=C93-1
Added Pin To Net: NetName=GND Pin=C94-1
Added Pin To Net: NetName=GND Pin=C95-1
Added Pin To Net: NetName=GND Pin=C96-1
Added Pin To Net: NetName=GND Pin=C97-1
Added Pin To Net: NetName=GND Pin=C98-1
Added Pin To Net: NetName=GND Pin=C99-1
Added Pin To Net: NetName=GND Pin=C100-1
Added Pin To Net: NetName=GND Pin=C101-1
Added Pin To Net: NetName=GND Pin=C102-1
Added Pin To Net: NetName=GND Pin=C103-1
Added Pin To Net: NetName=GND Pin=C104-1
Added Pin To Net: NetName=GND Pin=C105-1
Added Pin To Net: NetName=GND Pin=C106-1
Added Pin To Net: NetName=GND Pin=C107-1
Added Pin To Net: NetName=GND Pin=C108-1
Added Pin To Net: NetName=GND Pin=C109-1
Added Pin To Net: NetName=GND Pin=C110-1
Added Pin To Net: NetName=GND Pin=C111-1
Added Pin To Net: NetName=GND Pin=C112-1
Added Pin To Net: NetName=GND Pin=C113-1
Added Pin To Net: NetName=GND Pin=C114-1
Added Pin To Net: NetName=GND Pin=C115-1
Added Pin To Net: NetName=GND Pin=C116-1
Added Pin To Net: NetName=GND Pin=C117-1
Added Pin To Net: NetName=GND Pin=C118-1
Added Pin To Net: NetName=GND Pin=C119-1
Added Pin To Net: NetName=GND Pin=C120-1
Added Pin To Net: NetName=GND Pin=C121-1
Added Pin To Net: NetName=GND Pin=C122-1
Added Pin To Net: NetName=GND Pin=C123-1
Added Pin To Net: NetName=GND Pin=C124-1
Added Pin To Net: NetName=GND Pin=C125-1
Added Pin To Net: NetName=GND Pin=C126-1
Added Pin To Net: NetName=GND Pin=C127-1
Added Pin To Net: NetName=GND Pin=C128-1
Added Pin To Net: NetName=GND Pin=C129-1
Added Pin To Net: NetName=GND Pin=C130-1
Added Pin To Net: NetName=GND Pin=C131-1
Added Pin To Net: NetName=GND Pin=C132-1
Added Pin To Net: NetName=GND Pin=C133-1
Added Pin To Net: NetName=GND Pin=C134-1
Added Pin To Net: NetName=GND Pin=C135-2
Added Pin To Net: NetName=GND Pin=C136-2
Added Pin To Net: NetName=GND Pin=C137-2
Added Pin To Net: NetName=GND Pin=C138-2
Added Pin To Net: NetName=GND Pin=C139-2
Added Pin To Net: NetName=GND Pin=C140-2
Added Pin To Net: NetName=GND Pin=C141-2
Added Pin To Net: NetName=GND Pin=C142-1
Added Pin To Net: NetName=GND Pin=C143-1
Added Pin To Net: NetName=GND Pin=C144-1
Added Pin To Net: NetName=GND Pin=C145-1
Added Pin To Net: NetName=GND Pin=C146-1
Added Pin To Net: NetName=GND Pin=C147-1
Added Pin To Net: NetName=GND Pin=C148-1
Added Pin To Net: NetName=GND Pin=C149-1
Added Pin To Net: NetName=GND Pin=C150-1
Added Pin To Net: NetName=GND Pin=C151-1
Added Pin To Net: NetName=GND Pin=C152-1
Added Pin To Net: NetName=GND Pin=C153-1
Added Pin To Net: NetName=GND Pin=C154-1
Added Pin To Net: NetName=GND Pin=C155-1
Added Pin To Net: NetName=GND Pin=C156-1
Added Pin To Net: NetName=GND Pin=C157-1
Added Pin To Net: NetName=GND Pin=C158-1
Added Pin To Net: NetName=GND Pin=C159-1
Added Pin To Net: NetName=GND Pin=C160-1
Added Pin To Net: NetName=GND Pin=C161-1
Added Pin To Net: NetName=GND Pin=C162-1
Added Pin To Net: NetName=GND Pin=C163-1
Added Pin To Net: NetName=GND Pin=C164-1
Added Pin To Net: NetName=GND Pin=C165-1
Added Pin To Net: NetName=GND Pin=C166-1
Added Pin To Net: NetName=GND Pin=C167-1
Added Pin To Net: NetName=GND Pin=C168-1
Added Pin To Net: NetName=GND Pin=C169-1
Added Pin To Net: NetName=GND Pin=C170-1
Added Pin To Net: NetName=GND Pin=C171-1
Added Pin To Net: NetName=GND Pin=C172-1
Added Pin To Net: NetName=GND Pin=C173-2
Added Pin To Net: NetName=GND Pin=C174-2
Added Pin To Net: NetName=GND Pin=C175-1
Added Pin To Net: NetName=GND Pin=C176-1
Added Pin To Net: NetName=GND Pin=C177-1
Added Pin To Net: NetName=GND Pin=C178-1
Added Pin To Net: NetName=GND Pin=C179-1
Added Pin To Net: NetName=GND Pin=C180-1
Added Pin To Net: NetName=GND Pin=C181-1
Added Pin To Net: NetName=GND Pin=C182-1
Added Pin To Net: NetName=GND Pin=C183-1
Added Pin To Net: NetName=GND Pin=C184-1
Added Pin To Net: NetName=GND Pin=C185-1
Added Pin To Net: NetName=GND Pin=C186-1
Added Pin To Net: NetName=GND Pin=C187-1
Added Pin To Net: NetName=GND Pin=C188-1
Added Pin To Net: NetName=GND Pin=C189-1
Added Pin To Net: NetName=GND Pin=C190-1
Added Pin To Net: NetName=GND Pin=C191-1
Added Pin To Net: NetName=GND Pin=C192-1
Added Pin To Net: NetName=GND Pin=C193-1
Added Pin To Net: NetName=GND Pin=C194-1
Added Pin To Net: NetName=GND Pin=C195-1
Added Pin To Net: NetName=GND Pin=C196-1
Added Pin To Net: NetName=GND Pin=C197-1
Added Pin To Net: NetName=GND Pin=C198-1
Added Pin To Net: NetName=GND Pin=C199-1
Added Pin To Net: NetName=GND Pin=C200-1
Added Pin To Net: NetName=GND Pin=C201-1
Added Pin To Net: NetName=GND Pin=C202-1
Added Pin To Net: NetName=GND Pin=C203-1
Added Pin To Net: NetName=GND Pin=C204-1
Added Pin To Net: NetName=GND Pin=C205-1
Added Pin To Net: NetName=GND Pin=C206-1
Added Pin To Net: NetName=GND Pin=C207-1
Added Pin To Net: NetName=GND Pin=C208-1
Added Pin To Net: NetName=GND Pin=C209-1
Added Pin To Net: NetName=GND Pin=C210-1
Added Pin To Net: NetName=GND Pin=C211-1
Added Pin To Net: NetName=GND Pin=C212-1
Added Pin To Net: NetName=GND Pin=C213-1
Added Pin To Net: NetName=GND Pin=C214-1
Added Pin To Net: NetName=GND Pin=C215-1
Added Pin To Net: NetName=GND Pin=C216-1
Added Pin To Net: NetName=GND Pin=C217-1
Added Pin To Net: NetName=GND Pin=C218-1
Added Pin To Net: NetName=GND Pin=C219-1
Added Pin To Net: NetName=GND Pin=C220-1
Added Pin To Net: NetName=GND Pin=C221-1
Added Pin To Net: NetName=GND Pin=C222-1
Added Pin To Net: NetName=GND Pin=C223-1
Added Pin To Net: NetName=GND Pin=C224-1
Added Pin To Net: NetName=GND Pin=C225-1
Added Pin To Net: NetName=GND Pin=C226-1
Added Pin To Net: NetName=GND Pin=C227-1
Added Pin To Net: NetName=GND Pin=C228-1
Added Pin To Net: NetName=GND Pin=C229-1
Added Pin To Net: NetName=GND Pin=C230-1
Added Pin To Net: NetName=GND Pin=C231-1
Added Pin To Net: NetName=GND Pin=C232-1
Added Pin To Net: NetName=GND Pin=C233-1
Added Pin To Net: NetName=GND Pin=C234-1
Added Pin To Net: NetName=GND Pin=C235-1
Added Pin To Net: NetName=GND Pin=C236-1
Added Pin To Net: NetName=GND Pin=C237-1
Added Pin To Net: NetName=GND Pin=C238-1
Added Pin To Net: NetName=GND Pin=C239-1
Added Pin To Net: NetName=GND Pin=C240-1
Added Pin To Net: NetName=GND Pin=C241-1
Added Pin To Net: NetName=GND Pin=C242-1
Added Pin To Net: NetName=GND Pin=C243-1
Added Pin To Net: NetName=GND Pin=C244-1
Added Pin To Net: NetName=GND Pin=C245-1
Added Pin To Net: NetName=GND Pin=C246-1
Added Pin To Net: NetName=GND Pin=C247-1
Added Pin To Net: NetName=GND Pin=C248-1
Added Pin To Net: NetName=GND Pin=C249-1
Added Pin To Net: NetName=GND Pin=C250-1
Added Pin To Net: NetName=GND Pin=C251-1
Added Pin To Net: NetName=GND Pin=C252-1
Added Pin To Net: NetName=GND Pin=C253-1
Added Pin To Net: NetName=GND Pin=C254-1
Added Pin To Net: NetName=GND Pin=C255-1
Added Pin To Net: NetName=GND Pin=C256-1
Added Pin To Net: NetName=GND Pin=C257-1
Added Pin To Net: NetName=GND Pin=C258-1
Added Pin To Net: NetName=GND Pin=C259-1
Added Pin To Net: NetName=GND Pin=C260-1
Added Pin To Net: NetName=GND Pin=C261-1
Added Pin To Net: NetName=GND Pin=C262-1
Added Pin To Net: NetName=GND Pin=C263-2
Added Pin To Net: NetName=GND Pin=C264-2
Added Pin To Net: NetName=GND Pin=C265-2
Added Pin To Net: NetName=GND Pin=C266-2
Added Pin To Net: NetName=GND Pin=C267-1
Added Pin To Net: NetName=GND Pin=C268-1
Added Pin To Net: NetName=GND Pin=C269-2
Added Pin To Net: NetName=GND Pin=C270-2
Added Pin To Net: NetName=GND Pin=C271-2
Added Pin To Net: NetName=GND Pin=C272-2
Added Pin To Net: NetName=GND Pin=C273-1
Added Pin To Net: NetName=GND Pin=C274-1
Added Pin To Net: NetName=GND Pin=D4-1
Added Pin To Net: NetName=GND Pin=J1-6
Added Pin To Net: NetName=GND Pin=J2-4
Added Pin To Net: NetName=GND Pin=J2-30
Added Pin To Net: NetName=GND Pin=J2-31
Added Pin To Net: NetName=GND Pin=J2-58
Added Pin To Net: NetName=GND Pin=J3-4
Added Pin To Net: NetName=GND Pin=J3-30
Added Pin To Net: NetName=GND Pin=J3-31
Added Pin To Net: NetName=GND Pin=J3-58
Added Pin To Net: NetName=GND Pin=L1-1
Added Pin To Net: NetName=GND Pin=L2-1
Added Pin To Net: NetName=GND Pin=Q1-2
Added Pin To Net: NetName=GND Pin=Q2-2
Added Pin To Net: NetName=GND Pin=Q4-2
Added Pin To Net: NetName=GND Pin=Q5-2
Added Pin To Net: NetName=GND Pin=Q6-2
Added Pin To Net: NetName=GND Pin=Q7-2
Added Pin To Net: NetName=GND Pin=Q8-2
Added Pin To Net: NetName=GND Pin=Q9-2
Added Pin To Net: NetName=GND Pin=Q10-2
Added Pin To Net: NetName=GND Pin=Q11-2
Added Pin To Net: NetName=GND Pin=Q12-2
Added Pin To Net: NetName=GND Pin=R2-1
Added Pin To Net: NetName=GND Pin=R4-1
Added Pin To Net: NetName=GND Pin=R5-1
Added Pin To Net: NetName=GND Pin=R10-1
Added Pin To Net: NetName=GND Pin=R11-1
Added Pin To Net: NetName=GND Pin=R25-1
Added Pin To Net: NetName=GND Pin=R26-1
Added Pin To Net: NetName=GND Pin=R28-1
Added Pin To Net: NetName=GND Pin=R29-1
Added Pin To Net: NetName=GND Pin=R30-1
Added Pin To Net: NetName=GND Pin=R33-1
Added Pin To Net: NetName=GND Pin=R35-1
Added Pin To Net: NetName=GND Pin=R37-1
Added Pin To Net: NetName=GND Pin=R42-1
Added Pin To Net: NetName=GND Pin=R43-1
Added Pin To Net: NetName=GND Pin=R44-1
Added Pin To Net: NetName=GND Pin=R47-1
Added Pin To Net: NetName=GND Pin=R49-1
Added Pin To Net: NetName=GND Pin=R51-1
Added Pin To Net: NetName=GND Pin=R66-1
Added Pin To Net: NetName=GND Pin=R69-1
Added Pin To Net: NetName=GND Pin=R70-1
Added Pin To Net: NetName=GND Pin=RF1-2
Added Pin To Net: NetName=GND Pin=RF1-2
Added Pin To Net: NetName=GND Pin=U1-2
Added Pin To Net: NetName=GND Pin=U2-2
Added Pin To Net: NetName=GND Pin=U3-2
Added Pin To Net: NetName=GND Pin=U4-A02
Added Pin To Net: NetName=GND Pin=U4-A04
Added Pin To Net: NetName=GND Pin=U4-B13
Added Pin To Net: NetName=GND Pin=U4-E01
Added Pin To Net: NetName=GND Pin=U4-E02
Added Pin To Net: NetName=GND Pin=U4-E14
Added Pin To Net: NetName=GND Pin=U4-F02
Added Pin To Net: NetName=GND Pin=U4-G01
Added Pin To Net: NetName=GND Pin=U4-G02
Added Pin To Net: NetName=GND Pin=U4-H01
Added Pin To Net: NetName=GND Pin=U4-H02
Added Pin To Net: NetName=GND Pin=U4-J01
Added Pin To Net: NetName=GND Pin=U4-J02
Added Pin To Net: NetName=GND Pin=U4-K02
Added Pin To Net: NetName=GND Pin=U4-L01
Added Pin To Net: NetName=GND Pin=U4-L02
Added Pin To Net: NetName=GND Pin=U4-M03
Added Pin To Net: NetName=GND Pin=U4-M04
Added Pin To Net: NetName=GND Pin=U4-M12
Added Pin To Net: NetName=GND Pin=U4-N03
Added Pin To Net: NetName=GND Pin=U4-N04
Added Pin To Net: NetName=GND Pin=U4-N05
Added Pin To Net: NetName=GND Pin=U4-N06
Added Pin To Net: NetName=GND Pin=U4-P03
Added Pin To Net: NetName=GND Pin=U4-P04
Added Pin To Net: NetName=GND Pin=U4-P05
Added Pin To Net: NetName=GND Pin=U4-P06
Added Pin To Net: NetName=GND Pin=U4-P08
Added Pin To Net: NetName=GND Pin=U4-P09
Added Pin To Net: NetName=GND Pin=U4-P10
Added Pin To Net: NetName=GND Pin=U4-P13
Added Pin To Net: NetName=GND Pin=U4-R02
Added Pin To Net: NetName=GND Pin=U4-R03
Added Pin To Net: NetName=GND Pin=U4-R04
Added Pin To Net: NetName=GND Pin=U4-R05
Added Pin To Net: NetName=GND Pin=U4-R06
Added Pin To Net: NetName=GND Pin=U4-R08
Added Pin To Net: NetName=GND Pin=U4-R10
Added Pin To Net: NetName=GND Pin=U5-1
Added Pin To Net: NetName=GND Pin=U5-1
Added Pin To Net: NetName=GND Pin=U6-3
Added Pin To Net: NetName=GND Pin=U6-8
Added Pin To Net: NetName=GND Pin=U6-9
Added Pin To Net: NetName=GND Pin=U6-17
Added Pin To Net: NetName=GND Pin=U7-3
Added Pin To Net: NetName=GND Pin=U7-8
Added Pin To Net: NetName=GND Pin=U7-9
Added Pin To Net: NetName=GND Pin=U7-17
Added Pin To Net: NetName=GND Pin=U8-3
Added Pin To Net: NetName=GND Pin=U8-8
Added Pin To Net: NetName=GND Pin=U8-9
Added Pin To Net: NetName=GND Pin=U8-17
Added Pin To Net: NetName=GND Pin=U9-2
Added Pin To Net: NetName=GND Pin=U9-6
Added Pin To Net: NetName=GND Pin=U10-2
Added Pin To Net: NetName=GND Pin=U11-3
Added Pin To Net: NetName=GND Pin=U11-5
Added Pin To Net: NetName=GND Pin=U11-21
Added Pin To Net: NetName=GND Pin=U12-8
Added Pin To Net: NetName=GND Pin=U12-15
Added Pin To Net: NetName=GND Pin=U13-11
Added Pin To Net: NetName=GND Pin=U14-5
Added Pin To Net: NetName=GND Pin=U14-13
Added Pin To Net: NetName=GND Pin=U15-11
Added Pin To Net: NetName=GND Pin=U15-32
Added Pin To Net: NetName=GND Pin=U15-62
Added Pin To Net: NetName=GND Pin=U15-81
Added Pin To Net: NetName=GND Pin=U15-99
Added Pin To Net: NetName=GND Pin=U16-1
Added Pin To Net: NetName=GND Pin=U16-2
Added Pin To Net: NetName=GND Pin=U16-8
Added Pin To Net: NetName=GND Pin=U16-13
Added Pin To Net: NetName=GND Pin=U17-5
Added Pin To Net: NetName=GND Pin=U18-2
Added Pin To Net: NetName=GND Pin=U19-1
Added Pin To Net: NetName=GND Pin=U19-2
Added Pin To Net: NetName=GND Pin=U19-3
Added Pin To Net: NetName=GND Pin=U19-4
Added Pin To Net: NetName=GND Pin=U19-7
Added Pin To Net: NetName=GND Pin=U20-6
Added Pin To Net: NetName=GND Pin=U21-2
Added Pin To Net: NetName=GND Pin=U21-3
Added Pin To Net: NetName=GND Pin=U21-8
Added Pin To Net: NetName=GND Pin=U22-2
Added Pin To Net: NetName=GND Pin=U22-3
Added Pin To Net: NetName=GND Pin=U22-8
Added Pin To Net: NetName=GND Pin=X1-2
Added Pin To Net: NetName=GND Pin=X2-2
Added Net: Name=GND
Added Pin To Net: NetName=GSM_3V3_UART.GSM_3V3_CTS Pin=C45-2
Added Pin To Net: NetName=GSM_3V3_UART.GSM_3V3_CTS Pin=C238-2
Added Pin To Net: NetName=GSM_3V3_UART.GSM_3V3_CTS Pin=J3-53
Added Pin To Net: NetName=GSM_3V3_UART.GSM_3V3_CTS Pin=U8-7
Added Pin To Net: NetName=GSM_3V3_UART.GSM_3V3_CTS Pin=U15-66
Added Net: Name=GSM_3V3_UART.GSM_3V3_CTS
Added Pin To Net: NetName=GSM_3V3_UART.GSM_3V3_DCD Pin=C37-2
Added Pin To Net: NetName=GSM_3V3_UART.GSM_3V3_DCD Pin=C239-2
Added Pin To Net: NetName=GSM_3V3_UART.GSM_3V3_DCD Pin=J3-52
Added Pin To Net: NetName=GSM_3V3_UART.GSM_3V3_DCD Pin=U7-6
Added Pin To Net: NetName=GSM_3V3_UART.GSM_3V3_DCD Pin=U15-68
Added Net: Name=GSM_3V3_UART.GSM_3V3_DCD
Added Pin To Net: NetName=GSM_3V3_UART.GSM_3V3_DSR Pin=C36-2
Added Pin To Net: NetName=GSM_3V3_UART.GSM_3V3_DSR Pin=C240-2
Added Pin To Net: NetName=GSM_3V3_UART.GSM_3V3_DSR Pin=J3-51
Added Pin To Net: NetName=GSM_3V3_UART.GSM_3V3_DSR Pin=U7-7
Added Pin To Net: NetName=GSM_3V3_UART.GSM_3V3_DSR Pin=U15-69
Added Net: Name=GSM_3V3_UART.GSM_3V3_DSR
Added Pin To Net: NetName=GSM_3V3_UART.GSM_3V3_DTR Pin=C48-2
Added Pin To Net: NetName=GSM_3V3_UART.GSM_3V3_DTR Pin=C236-2
Added Pin To Net: NetName=GSM_3V3_UART.GSM_3V3_DTR Pin=J3-55
Added Pin To Net: NetName=GSM_3V3_UART.GSM_3V3_DTR Pin=R15-1
Added Pin To Net: NetName=GSM_3V3_UART.GSM_3V3_DTR Pin=U8-4
Added Pin To Net: NetName=GSM_3V3_UART.GSM_3V3_DTR Pin=U15-65
Added Net: Name=GSM_3V3_UART.GSM_3V3_DTR
Added Pin To Net: NetName=GSM_3V3_UART.GSM_3V3_RING Pin=C31-2
Added Pin To Net: NetName=GSM_3V3_UART.GSM_3V3_RING Pin=C241-2
Added Pin To Net: NetName=GSM_3V3_UART.GSM_3V3_RING Pin=J3-50
Added Pin To Net: NetName=GSM_3V3_UART.GSM_3V3_RING Pin=U6-6
Added Pin To Net: NetName=GSM_3V3_UART.GSM_3V3_RING Pin=U15-79
Added Net: Name=GSM_3V3_UART.GSM_3V3_RING
Added Pin To Net: NetName=GSM_3V3_UART.GSM_3V3_RTS Pin=C38-2
Added Pin To Net: NetName=GSM_3V3_UART.GSM_3V3_RTS Pin=C237-2
Added Pin To Net: NetName=GSM_3V3_UART.GSM_3V3_RTS Pin=J3-54
Added Pin To Net: NetName=GSM_3V3_UART.GSM_3V3_RTS Pin=U7-4
Added Pin To Net: NetName=GSM_3V3_UART.GSM_3V3_RTS Pin=U15-67
Added Net: Name=GSM_3V3_UART.GSM_3V3_RTS
Added Pin To Net: NetName=GSM_3V3_UART.GSM_3V3_RX Pin=C47-2
Added Pin To Net: NetName=GSM_3V3_UART.GSM_3V3_RX Pin=C234-2
Added Pin To Net: NetName=GSM_3V3_UART.GSM_3V3_RX Pin=J3-57
Added Pin To Net: NetName=GSM_3V3_UART.GSM_3V3_RX Pin=U8-5
Added Pin To Net: NetName=GSM_3V3_UART.GSM_3V3_RX Pin=U15-64
Added Net: Name=GSM_3V3_UART.GSM_3V3_RX
Added Pin To Net: NetName=GSM_3V3_UART.GSM_3V3_TX Pin=C46-2
Added Pin To Net: NetName=GSM_3V3_UART.GSM_3V3_TX Pin=C235-2
Added Pin To Net: NetName=GSM_3V3_UART.GSM_3V3_TX Pin=J3-56
Added Pin To Net: NetName=GSM_3V3_UART.GSM_3V3_TX Pin=U8-6
Added Pin To Net: NetName=GSM_3V3_UART.GSM_3V3_TX Pin=U15-63
Added Net: Name=GSM_3V3_UART.GSM_3V3_TX
Added Pin To Net: NetName=MASTER_I2C.MASTER_SCL Pin=C261-2
Added Pin To Net: NetName=MASTER_I2C.MASTER_SCL Pin=J2-45
Added Pin To Net: NetName=MASTER_I2C.MASTER_SCL Pin=R52-1
Added Pin To Net: NetName=MASTER_I2C.MASTER_SCL Pin=U15-43
Added Pin To Net: NetName=MASTER_I2C.MASTER_SCL Pin=U16-14
Added Net: Name=MASTER_I2C.MASTER_SCL
Added Pin To Net: NetName=MASTER_I2C.MASTER_SDA Pin=C260-2
Added Pin To Net: NetName=MASTER_I2C.MASTER_SDA Pin=J2-46
Added Pin To Net: NetName=MASTER_I2C.MASTER_SDA Pin=R53-1
Added Pin To Net: NetName=MASTER_I2C.MASTER_SDA Pin=U15-44
Added Pin To Net: NetName=MASTER_I2C.MASTER_SDA Pin=U16-15
Added Net: Name=MASTER_I2C.MASTER_SDA
Added Pin To Net: NetName=MASTER_ICSP.MASTER_MISO Pin=C189-2
Added Pin To Net: NetName=MASTER_ICSP.MASTER_MISO Pin=J2-16
Added Pin To Net: NetName=MASTER_ICSP.MASTER_MISO Pin=U12-6
Added Pin To Net: NetName=MASTER_ICSP.MASTER_MISO Pin=U13-6
Added Pin To Net: NetName=MASTER_ICSP.MASTER_MISO Pin=U15-22
Added Net: Name=MASTER_ICSP.MASTER_MISO
Added Pin To Net: NetName=MASTER_ICSP.MASTER_MOSI Pin=C188-2
Added Pin To Net: NetName=MASTER_ICSP.MASTER_MOSI Pin=J2-15
Added Pin To Net: NetName=MASTER_ICSP.MASTER_MOSI Pin=U12-3
Added Pin To Net: NetName=MASTER_ICSP.MASTER_MOSI Pin=U13-7
Added Pin To Net: NetName=MASTER_ICSP.MASTER_MOSI Pin=U15-21
Added Net: Name=MASTER_ICSP.MASTER_MOSI
Added Pin To Net: NetName=MASTER_ICSP.MASTER_SCK Pin=C187-2
Added Pin To Net: NetName=MASTER_ICSP.MASTER_SCK Pin=J2-14
Added Pin To Net: NetName=MASTER_ICSP.MASTER_SCK Pin=U12-10
Added Pin To Net: NetName=MASTER_ICSP.MASTER_SCK Pin=U13-8
Added Pin To Net: NetName=MASTER_ICSP.MASTER_SCK Pin=U15-20
Added Net: Name=MASTER_ICSP.MASTER_SCK
Added Pin To Net: NetName=MASTER_ICSP.MASTER_SS Pin=C186-2
Added Pin To Net: NetName=MASTER_ICSP.MASTER_SS Pin=J2-13
Added Pin To Net: NetName=MASTER_ICSP.MASTER_SS Pin=U12-13
Added Pin To Net: NetName=MASTER_ICSP.MASTER_SS Pin=U15-19
Added Net: Name=MASTER_ICSP.MASTER_SS
Added Pin To Net: NetName=MASTER_RESET Pin=C94-2
Added Pin To Net: NetName=MASTER_RESET Pin=C190-2
Added Pin To Net: NetName=MASTER_RESET Pin=J2-17
Added Pin To Net: NetName=MASTER_RESET Pin=R45-1
Added Pin To Net: NetName=MASTER_RESET Pin=U13-9
Added Pin To Net: NetName=MASTER_RESET Pin=U15-30
Added Net: Name=MASTER_RESET
Added Pin To Net: NetName=NetC25_1 Pin=C25-1
Added Pin To Net: NetName=NetC25_1 Pin=Q1-1
Added Pin To Net: NetName=NetC25_1 Pin=R8-1
Added Pin To Net: NetName=NetC25_1 Pin=R10-2
Added Net: Name=NetC25_1
Added Pin To Net: NetName=NetC26_1 Pin=C26-1
Added Pin To Net: NetName=NetC26_1 Pin=Q2-1
Added Pin To Net: NetName=NetC26_1 Pin=R9-1
Added Pin To Net: NetName=NetC26_1 Pin=R11-2
Added Net: Name=NetC26_1
Added Pin To Net: NetName=NetC32_2 Pin=C32-2
Added Pin To Net: NetName=NetC32_2 Pin=U4-R14
Added Pin To Net: NetName=NetC32_2 Pin=U6-11
Added Net: Name=NetC32_2
Added Pin To Net: NetName=NetC39_2 Pin=C39-2
Added Pin To Net: NetName=NetC39_2 Pin=U4-P14
Added Pin To Net: NetName=NetC39_2 Pin=U7-10
Added Net: Name=NetC39_2
Added Pin To Net: NetName=NetC40_2 Pin=C40-2
Added Pin To Net: NetName=NetC40_2 Pin=U4-N14
Added Pin To Net: NetName=NetC40_2 Pin=U7-11
Added Net: Name=NetC40_2
Added Pin To Net: NetName=NetC41_2 Pin=C41-2
Added Pin To Net: NetName=NetC41_2 Pin=U4-L14
Added Pin To Net: NetName=NetC41_2 Pin=U7-13
Added Net: Name=NetC41_2
Added Pin To Net: NetName=NetC49_2 Pin=C49-2
Added Pin To Net: NetName=NetC49_2 Pin=U4-P15
Added Pin To Net: NetName=NetC49_2 Pin=U8-10
Added Net: Name=NetC49_2
Added Pin To Net: NetName=NetC50_2 Pin=C50-2
Added Pin To Net: NetName=NetC50_2 Pin=U4-M15
Added Pin To Net: NetName=NetC50_2 Pin=U8-11
Added Net: Name=NetC50_2
Added Pin To Net: NetName=NetC51_2 Pin=C51-2
Added Pin To Net: NetName=NetC51_2 Pin=U4-N15
Added Pin To Net: NetName=NetC51_2 Pin=U8-12
Added Net: Name=NetC51_2
Added Pin To Net: NetName=NetC52_2 Pin=C52-2
Added Pin To Net: NetName=NetC52_2 Pin=U4-M14
Added Pin To Net: NetName=NetC52_2 Pin=U8-13
Added Net: Name=NetC52_2
Added Pin To Net: NetName=NetC53_1 Pin=C53-1
Added Pin To Net: NetName=NetC53_1 Pin=Q3-1
Added Pin To Net: NetName=NetC53_1 Pin=R17-1
Added Pin To Net: NetName=NetC53_1 Pin=R18-1
Added Net: Name=NetC53_1
Added Pin To Net: NetName=NetC55_1 Pin=C55-1
Added Pin To Net: NetName=NetC55_1 Pin=D1-1
Added Pin To Net: NetName=NetC55_1 Pin=R19-2
Added Net: Name=NetC55_1
Added Pin To Net: NetName=NetC56_1 Pin=C56-1
Added Pin To Net: NetName=NetC56_1 Pin=Q5-1
Added Pin To Net: NetName=NetC56_1 Pin=R23-1
Added Pin To Net: NetName=NetC56_1 Pin=R25-2
Added Net: Name=NetC56_1
Added Pin To Net: NetName=NetC57_1 Pin=C57-1
Added Pin To Net: NetName=NetC57_1 Pin=D1-2
Added Pin To Net: NetName=NetC57_1 Pin=R20-2
Added Net: Name=NetC57_1
Added Pin To Net: NetName=NetC58_1 Pin=C58-1
Added Pin To Net: NetName=NetC58_1 Pin=Q6-1
Added Pin To Net: NetName=NetC58_1 Pin=R24-1
Added Pin To Net: NetName=NetC58_1 Pin=R26-2
Added Net: Name=NetC58_1
Added Pin To Net: NetName=NetC59_1 Pin=C59-1
Added Pin To Net: NetName=NetC59_1 Pin=D1-3
Added Pin To Net: NetName=NetC59_1 Pin=R21-2
Added Net: Name=NetC59_1
Added Pin To Net: NetName=NetC63_2 Pin=C63-2
Added Pin To Net: NetName=NetC63_2 Pin=R30-2
Added Pin To Net: NetName=NetC63_2 Pin=U9-5
Added Pin To Net: NetName=NetC63_2 Pin=U10-3
Added Net: Name=NetC63_2
Added Pin To Net: NetName=NetC68_1 Pin=C68-1
Added Pin To Net: NetName=NetC68_1 Pin=Q7-3
Added Pin To Net: NetName=NetC68_1 Pin=R31-1
Added Net: Name=NetC68_1
Added Pin To Net: NetName=NetC71_1 Pin=C71-1
Added Pin To Net: NetName=NetC71_1 Pin=Q8-3
Added Pin To Net: NetName=NetC71_1 Pin=R32-1
Added Net: Name=NetC71_1
Added Pin To Net: NetName=NetC73_1 Pin=C73-1
Added Pin To Net: NetName=NetC73_1 Pin=Q9-3
Added Pin To Net: NetName=NetC73_1 Pin=R34-1
Added Net: Name=NetC73_1
Added Pin To Net: NetName=NetC86_1 Pin=C86-1
Added Pin To Net: NetName=NetC86_1 Pin=U14-4
Added Net: Name=NetC86_1
Added Pin To Net: NetName=NetC86_2 Pin=C86-2
Added Pin To Net: NetName=NetC86_2 Pin=U14-9
Added Net: Name=NetC86_2
Added Pin To Net: NetName=NetC87_1 Pin=C87-1
Added Pin To Net: NetName=NetC87_1 Pin=U14-8
Added Net: Name=NetC87_1
Added Pin To Net: NetName=NetC87_2 Pin=C87-2
Added Pin To Net: NetName=NetC87_2 Pin=U14-11
Added Net: Name=NetC87_2
Added Pin To Net: NetName=NetC136_1 Pin=C136-1
Added Pin To Net: NetName=NetC136_1 Pin=Q10-3
Added Pin To Net: NetName=NetC136_1 Pin=R46-1
Added Net: Name=NetC136_1
Added Pin To Net: NetName=NetC139_1 Pin=C139-1
Added Pin To Net: NetName=NetC139_1 Pin=Q11-3
Added Pin To Net: NetName=NetC139_1 Pin=R48-1
Added Net: Name=NetC139_1
Added Pin To Net: NetName=NetC141_1 Pin=C141-1
Added Pin To Net: NetName=NetC141_1 Pin=Q12-3
Added Pin To Net: NetName=NetC141_1 Pin=R50-1
Added Net: Name=NetC141_1
Added Pin To Net: NetName=NetC174_1 Pin=C174-1
Added Pin To Net: NetName=NetC174_1 Pin=Q13-1
Added Pin To Net: NetName=NetC174_1 Pin=U17-1
Added Net: Name=NetC174_1
Added Pin To Net: NetName=NetC256_2 Pin=C256-2
Added Pin To Net: NetName=NetC256_2 Pin=J2-42
Added Pin To Net: NetName=NetC256_2 Pin=U20-8
Added Net: Name=NetC256_2
Added Pin To Net: NetName=NetC257_2 Pin=C257-2
Added Pin To Net: NetName=NetC257_2 Pin=J2-41
Added Pin To Net: NetName=NetC257_2 Pin=U20-7
Added Net: Name=NetC257_2
Added Pin To Net: NetName=NetC258_2 Pin=C258-2
Added Pin To Net: NetName=NetC258_2 Pin=J2-44
Added Pin To Net: NetName=NetC258_2 Pin=U20-2
Added Net: Name=NetC258_2
Added Pin To Net: NetName=NetC259_2 Pin=C259-2
Added Pin To Net: NetName=NetC259_2 Pin=J2-43
Added Pin To Net: NetName=NetC259_2 Pin=U20-1
Added Net: Name=NetC259_2
Added Pin To Net: NetName=NetD1_4 Pin=D1-4
Added Pin To Net: NetName=NetD1_4 Pin=Q3-3
Added Net: Name=NetD1_4
Added Pin To Net: NetName=NetD2_1 Pin=D2-1
Added Pin To Net: NetName=NetD2_1 Pin=R31-2
Added Net: Name=NetD2_1
Added Pin To Net: NetName=NetD2_2 Pin=D2-2
Added Pin To Net: NetName=NetD2_2 Pin=R32-2
Added Net: Name=NetD2_2
Added Pin To Net: NetName=NetD2_3 Pin=D2-3
Added Pin To Net: NetName=NetD2_3 Pin=R34-2
Added Net: Name=NetD2_3
Added Pin To Net: NetName=NetD3_1 Pin=D3-1
Added Pin To Net: NetName=NetD3_1 Pin=R46-2
Added Net: Name=NetD3_1
Added Pin To Net: NetName=NetD3_2 Pin=D3-2
Added Pin To Net: NetName=NetD3_2 Pin=R48-2
Added Net: Name=NetD3_2
Added Pin To Net: NetName=NetD3_3 Pin=D3-3
Added Pin To Net: NetName=NetD3_3 Pin=R50-2
Added Net: Name=NetD3_3
Added Pin To Net: NetName=NetD4_2 Pin=D4-2
Added Pin To Net: NetName=NetD4_2 Pin=Q13-2
Added Net: Name=NetD4_2
Added Pin To Net: NetName=NetL3_1 Pin=L3-1
Added Pin To Net: NetName=NetL3_1 Pin=U21-9
Added Net: Name=NetL3_1
Added Pin To Net: NetName=NetL3_2 Pin=L3-2
Added Pin To Net: NetName=NetL3_2 Pin=U21-7
Added Net: Name=NetL3_2
Added Pin To Net: NetName=NetL4_1 Pin=L4-1
Added Pin To Net: NetName=NetL4_1 Pin=U22-9
Added Net: Name=NetL4_1
Added Pin To Net: NetName=NetL4_2 Pin=L4-2
Added Pin To Net: NetName=NetL4_2 Pin=U22-7
Added Net: Name=NetL4_2
Added Pin To Net: NetName=NetPZ1_1 Pin=PZ1-1
Added Pin To Net: NetName=NetPZ1_1 Pin=U14-7
Added Net: Name=NetPZ1_1
Added Pin To Net: NetName=NetPZ1_2 Pin=PZ1-2
Added Pin To Net: NetName=NetPZ1_2 Pin=U14-6
Added Net: Name=NetPZ1_2
Added Pin To Net: NetName=NetQ1_3 Pin=Q1-3
Added Pin To Net: NetName=NetQ1_3 Pin=U4-R12
Added Net: Name=NetQ1_3
Added Pin To Net: NetName=NetQ2_3 Pin=Q2-3
Added Pin To Net: NetName=NetQ2_3 Pin=U4-R13
Added Net: Name=NetQ2_3
Added Pin To Net: NetName=NetQ4_1 Pin=Q4-1
Added Pin To Net: NetName=NetQ4_1 Pin=R22-1
Added Net: Name=NetQ4_1
Added Pin To Net: NetName=NetQ4_3 Pin=Q4-3
Added Pin To Net: NetName=NetQ4_3 Pin=R19-1
Added Net: Name=NetQ4_3
Added Pin To Net: NetName=NetQ5_3 Pin=Q5-3
Added Pin To Net: NetName=NetQ5_3 Pin=R20-1
Added Net: Name=NetQ5_3
Added Pin To Net: NetName=NetQ6_3 Pin=Q6-3
Added Pin To Net: NetName=NetQ6_3 Pin=R21-1
Added Net: Name=NetQ6_3
Added Pin To Net: NetName=NetQ13_3 Pin=Q13-3
Added Pin To Net: NetName=NetQ13_3 Pin=R57-1
Added Net: Name=NetQ13_3
Added Pin To Net: NetName=NetR1_2 Pin=R1-2
Added Pin To Net: NetName=NetR1_2 Pin=U1-5
Added Net: Name=NetR1_2
Added Pin To Net: NetName=NetR3_2 Pin=R3-2
Added Pin To Net: NetName=NetR3_2 Pin=U2-5
Added Net: Name=NetR3_2
Added Pin To Net: NetName=NetR5_2 Pin=R5-2
Added Pin To Net: NetName=NetR5_2 Pin=U4-D04
Added Net: Name=NetR5_2
Added Pin To Net: NetName=NetR6_1 Pin=R6-1
Added Pin To Net: NetName=NetR6_1 Pin=U4-E13
Added Net: Name=NetR6_1
Added Pin To Net: NetName=NetR6_2 Pin=R6-2
Added Pin To Net: NetName=NetR6_2 Pin=U4-D13
Added Net: Name=NetR6_2
Added Pin To Net: NetName=NetR12_1 Pin=R12-1
Added Pin To Net: NetName=NetR12_1 Pin=U6-2
Added Net: Name=NetR12_1
Added Pin To Net: NetName=NetR14_1 Pin=R14-1
Added Pin To Net: NetName=NetR14_1 Pin=U7-2
Added Net: Name=NetR14_1
Added Pin To Net: NetName=NetR16_1 Pin=R16-1
Added Pin To Net: NetName=NetR16_1 Pin=U8-2
Added Net: Name=NetR16_1
Added Pin To Net: NetName=NetR23_2 Pin=R23-2
Added Pin To Net: NetName=NetR23_2 Pin=U4-C08
Added Net: Name=NetR23_2
Added Pin To Net: NetName=NetR24_2 Pin=R24-2
Added Pin To Net: NetName=NetR24_2 Pin=U4-B14
Added Net: Name=NetR24_2
Added Pin To Net: NetName=NetR27_2 Pin=R27-2
Added Pin To Net: NetName=NetR27_2 Pin=U10-5
Added Net: Name=NetR27_2
Added Pin To Net: NetName=NetR54_1 Pin=R54-1
Added Pin To Net: NetName=NetR54_1 Pin=U16-5
Added Pin To Net: NetName=NetR54_1 Pin=U17-3
Added Net: Name=NetR54_1
Added Pin To Net: NetName=NetR55_1 Pin=R55-1
Added Pin To Net: NetName=NetR55_1 Pin=U16-4
Added Pin To Net: NetName=NetR55_1 Pin=U17-4
Added Net: Name=NetR55_1
Added Pin To Net: NetName=NetR58_1 Pin=R58-1
Added Pin To Net: NetName=NetR58_1 Pin=U16-7
Added Pin To Net: NetName=NetR58_1 Pin=U18-1
Added Net: Name=NetR58_1
Added Pin To Net: NetName=NetR59_1 Pin=R59-1
Added Pin To Net: NetName=NetR59_1 Pin=U16-6
Added Pin To Net: NetName=NetR59_1 Pin=U18-3
Added Net: Name=NetR59_1
Added Pin To Net: NetName=NetR60_1 Pin=R60-1
Added Pin To Net: NetName=NetR60_1 Pin=U16-10
Added Pin To Net: NetName=NetR60_1 Pin=U19-6
Added Net: Name=NetR60_1
Added Pin To Net: NetName=NetR61_1 Pin=R61-1
Added Pin To Net: NetName=NetR61_1 Pin=U16-9
Added Pin To Net: NetName=NetR61_1 Pin=U19-5
Added Net: Name=NetR61_1
Added Pin To Net: NetName=NetR62_1 Pin=R62-1
Added Pin To Net: NetName=NetR62_1 Pin=U16-12
Added Pin To Net: NetName=NetR62_1 Pin=U20-5
Added Net: Name=NetR62_1
Added Pin To Net: NetName=NetR63_1 Pin=R63-1
Added Pin To Net: NetName=NetR63_1 Pin=U16-11
Added Pin To Net: NetName=NetR63_1 Pin=U20-4
Added Net: Name=NetR63_1
Added Pin To Net: NetName=NetR64_1 Pin=R64-1
Added Pin To Net: NetName=NetR64_1 Pin=U21-5
Added Net: Name=NetR64_1
Added Pin To Net: NetName=NetR65_1 Pin=R65-1
Added Pin To Net: NetName=NetR65_1 Pin=R66-2
Added Pin To Net: NetName=NetR65_1 Pin=U21-4
Added Net: Name=NetR65_1
Added Pin To Net: NetName=NetR67_1 Pin=R67-1
Added Pin To Net: NetName=NetR67_1 Pin=U22-5
Added Net: Name=NetR67_1
Added Pin To Net: NetName=NetR68_1 Pin=R68-1
Added Pin To Net: NetName=NetR68_1 Pin=R70-2
Added Pin To Net: NetName=NetR68_1 Pin=U22-4
Added Net: Name=NetR68_1
Added Pin To Net: NetName=NetTP1_1 Pin=TP1-1
Added Pin To Net: NetName=NetTP1_1 Pin=U4-D15
Added Net: Name=NetTP1_1
Added Pin To Net: NetName=NetTP2_1 Pin=TP2-1
Added Pin To Net: NetName=NetTP2_1 Pin=U4-E15
Added Net: Name=NetTP2_1
Added Pin To Net: NetName=NetTP3_1 Pin=TP3-1
Added Pin To Net: NetName=NetTP3_1 Pin=U4-B15
Added Net: Name=NetTP3_1
Added Pin To Net: NetName=NetTP4_1 Pin=TP4-1
Added Pin To Net: NetName=NetTP4_1 Pin=U4-C15
Added Net: Name=NetTP4_1
Added Pin To Net: NetName=NetTP5_1 Pin=TP5-1
Added Pin To Net: NetName=NetTP5_1 Pin=U4-A13
Added Net: Name=NetTP5_1
Added Pin To Net: NetName=PORT_A.PA0 Pin=C102-2
Added Pin To Net: NetName=PORT_A.PA0 Pin=C222-2
Added Pin To Net: NetName=PORT_A.PA0 Pin=J3-34
Added Pin To Net: NetName=PORT_A.PA0 Pin=U15-78
Added Net: Name=PORT_A.PA0
Added Pin To Net: NetName=PORT_A.PA1 Pin=C101-2
Added Pin To Net: NetName=PORT_A.PA1 Pin=C223-2
Added Pin To Net: NetName=PORT_A.PA1 Pin=J3-35
Added Pin To Net: NetName=PORT_A.PA1 Pin=U15-77
Added Net: Name=PORT_A.PA1
Added Pin To Net: NetName=PORT_A.PA2 Pin=C100-2
Added Pin To Net: NetName=PORT_A.PA2 Pin=C224-2
Added Pin To Net: NetName=PORT_A.PA2 Pin=J3-36
Added Pin To Net: NetName=PORT_A.PA2 Pin=U15-76
Added Net: Name=PORT_A.PA2
Added Pin To Net: NetName=PORT_A.PA3 Pin=C99-2
Added Pin To Net: NetName=PORT_A.PA3 Pin=C225-2
Added Pin To Net: NetName=PORT_A.PA3 Pin=J3-37
Added Pin To Net: NetName=PORT_A.PA3 Pin=U15-75
Added Net: Name=PORT_A.PA3
Added Pin To Net: NetName=PORT_A.PA4 Pin=C98-2
Added Pin To Net: NetName=PORT_A.PA4 Pin=C226-2
Added Pin To Net: NetName=PORT_A.PA4 Pin=J3-38
Added Pin To Net: NetName=PORT_A.PA4 Pin=U15-74
Added Net: Name=PORT_A.PA4
Added Pin To Net: NetName=PORT_A.PA5 Pin=C97-2
Added Pin To Net: NetName=PORT_A.PA5 Pin=C227-2
Added Pin To Net: NetName=PORT_A.PA5 Pin=J3-39
Added Pin To Net: NetName=PORT_A.PA5 Pin=U15-73
Added Net: Name=PORT_A.PA5
Added Pin To Net: NetName=PORT_A.PA6 Pin=C96-2
Added Pin To Net: NetName=PORT_A.PA6 Pin=C228-2
Added Pin To Net: NetName=PORT_A.PA6 Pin=J3-40
Added Pin To Net: NetName=PORT_A.PA6 Pin=U15-72
Added Net: Name=PORT_A.PA6
Added Pin To Net: NetName=PORT_A.PA7 Pin=C95-2
Added Pin To Net: NetName=PORT_A.PA7 Pin=C229-2
Added Pin To Net: NetName=PORT_A.PA7 Pin=J3-41
Added Pin To Net: NetName=PORT_A.PA7 Pin=U15-71
Added Net: Name=PORT_A.PA7
Added Pin To Net: NetName=PORT_C.PC0 Pin=C110-2
Added Pin To Net: NetName=PORT_C.PC0 Pin=C191-2
Added Pin To Net: NetName=PORT_C.PC0 Pin=J2-18
Added Pin To Net: NetName=PORT_C.PC0 Pin=U15-53
Added Net: Name=PORT_C.PC0
Added Pin To Net: NetName=PORT_C.PC1 Pin=C109-2
Added Pin To Net: NetName=PORT_C.PC1 Pin=C192-2
Added Pin To Net: NetName=PORT_C.PC1 Pin=J2-19
Added Pin To Net: NetName=PORT_C.PC1 Pin=U15-54
Added Net: Name=PORT_C.PC1
Added Pin To Net: NetName=PORT_C.PC2 Pin=C108-2
Added Pin To Net: NetName=PORT_C.PC2 Pin=C193-2
Added Pin To Net: NetName=PORT_C.PC2 Pin=J2-20
Added Pin To Net: NetName=PORT_C.PC2 Pin=U15-55
Added Net: Name=PORT_C.PC2
Added Pin To Net: NetName=PORT_C.PC3 Pin=C107-2
Added Pin To Net: NetName=PORT_C.PC3 Pin=C194-2
Added Pin To Net: NetName=PORT_C.PC3 Pin=J2-21
Added Pin To Net: NetName=PORT_C.PC3 Pin=U15-56
Added Net: Name=PORT_C.PC3
Added Pin To Net: NetName=PORT_C.PC4 Pin=C106-2
Added Pin To Net: NetName=PORT_C.PC4 Pin=C195-2
Added Pin To Net: NetName=PORT_C.PC4 Pin=J2-22
Added Pin To Net: NetName=PORT_C.PC4 Pin=U15-57
Added Net: Name=PORT_C.PC4
Added Pin To Net: NetName=PORT_C.PC5 Pin=C105-2
Added Pin To Net: NetName=PORT_C.PC5 Pin=C196-2
Added Pin To Net: NetName=PORT_C.PC5 Pin=J2-23
Added Pin To Net: NetName=PORT_C.PC5 Pin=U15-58
Added Net: Name=PORT_C.PC5
Added Pin To Net: NetName=PORT_C.PC6 Pin=C104-2
Added Pin To Net: NetName=PORT_C.PC6 Pin=C197-2
Added Pin To Net: NetName=PORT_C.PC6 Pin=J2-24
Added Pin To Net: NetName=PORT_C.PC6 Pin=U15-59
Added Net: Name=PORT_C.PC6
Added Pin To Net: NetName=PORT_C.PC7 Pin=C103-2
Added Pin To Net: NetName=PORT_C.PC7 Pin=C198-2
Added Pin To Net: NetName=PORT_C.PC7 Pin=J2-25
Added Pin To Net: NetName=PORT_C.PC7 Pin=U15-60
Added Net: Name=PORT_C.PC7
Added Pin To Net: NetName=PORT_F.PF0 Pin=C118-2
Added Pin To Net: NetName=PORT_F.PF0 Pin=C242-2
Added Pin To Net: NetName=PORT_F.PF0 Pin=J2-57
Added Pin To Net: NetName=PORT_F.PF0 Pin=U15-97
Added Net: Name=PORT_F.PF0
Added Pin To Net: NetName=PORT_F.PF1 Pin=C117-2
Added Pin To Net: NetName=PORT_F.PF1 Pin=C243-2
Added Pin To Net: NetName=PORT_F.PF1 Pin=J2-56
Added Pin To Net: NetName=PORT_F.PF1 Pin=U15-96
Added Net: Name=PORT_F.PF1
Added Pin To Net: NetName=PORT_F.PF2 Pin=C116-2
Added Pin To Net: NetName=PORT_F.PF2 Pin=C244-2
Added Pin To Net: NetName=PORT_F.PF2 Pin=J2-55
Added Pin To Net: NetName=PORT_F.PF2 Pin=U15-95
Added Net: Name=PORT_F.PF2
Added Pin To Net: NetName=PORT_F.PF3 Pin=C115-2
Added Pin To Net: NetName=PORT_F.PF3 Pin=C245-2
Added Pin To Net: NetName=PORT_F.PF3 Pin=J2-54
Added Pin To Net: NetName=PORT_F.PF3 Pin=U15-94
Added Net: Name=PORT_F.PF3
Added Pin To Net: NetName=PORT_F.PF4 Pin=C114-2
Added Pin To Net: NetName=PORT_F.PF4 Pin=C246-2
Added Pin To Net: NetName=PORT_F.PF4 Pin=J2-53
Added Pin To Net: NetName=PORT_F.PF4 Pin=U15-93
Added Net: Name=PORT_F.PF4
Added Pin To Net: NetName=PORT_F.PF5 Pin=C113-2
Added Pin To Net: NetName=PORT_F.PF5 Pin=C247-2
Added Pin To Net: NetName=PORT_F.PF5 Pin=J2-52
Added Pin To Net: NetName=PORT_F.PF5 Pin=U15-92
Added Net: Name=PORT_F.PF5
Added Pin To Net: NetName=PORT_F.PF6 Pin=C112-2
Added Pin To Net: NetName=PORT_F.PF6 Pin=C248-2
Added Pin To Net: NetName=PORT_F.PF6 Pin=J2-51
Added Pin To Net: NetName=PORT_F.PF6 Pin=U15-91
Added Net: Name=PORT_F.PF6
Added Pin To Net: NetName=PORT_F.PF7 Pin=C111-2
Added Pin To Net: NetName=PORT_F.PF7 Pin=C249-2
Added Pin To Net: NetName=PORT_F.PF7 Pin=J2-50
Added Pin To Net: NetName=PORT_F.PF7 Pin=U15-90
Added Net: Name=PORT_F.PF7
Added Pin To Net: NetName=PORT_K.PK0 Pin=C126-2
Added Pin To Net: NetName=PORT_K.PK0 Pin=C178-2
Added Pin To Net: NetName=PORT_K.PK0 Pin=J2-5
Added Pin To Net: NetName=PORT_K.PK0 Pin=U15-89
Added Net: Name=PORT_K.PK0
Added Pin To Net: NetName=PORT_K.PK1 Pin=C125-2
Added Pin To Net: NetName=PORT_K.PK1 Pin=C179-2
Added Pin To Net: NetName=PORT_K.PK1 Pin=J2-6
Added Pin To Net: NetName=PORT_K.PK1 Pin=U15-88
Added Net: Name=PORT_K.PK1
Added Pin To Net: NetName=PORT_K.PK2 Pin=C124-2
Added Pin To Net: NetName=PORT_K.PK2 Pin=C180-2
Added Pin To Net: NetName=PORT_K.PK2 Pin=J2-7
Added Pin To Net: NetName=PORT_K.PK2 Pin=U15-87
Added Net: Name=PORT_K.PK2
Added Pin To Net: NetName=PORT_K.PK3 Pin=C123-2
Added Pin To Net: NetName=PORT_K.PK3 Pin=C181-2
Added Pin To Net: NetName=PORT_K.PK3 Pin=J2-8
Added Pin To Net: NetName=PORT_K.PK3 Pin=U15-86
Added Net: Name=PORT_K.PK3
Added Pin To Net: NetName=PORT_K.PK4 Pin=C122-2
Added Pin To Net: NetName=PORT_K.PK4 Pin=C182-2
Added Pin To Net: NetName=PORT_K.PK4 Pin=J2-9
Added Pin To Net: NetName=PORT_K.PK4 Pin=U15-85
Added Net: Name=PORT_K.PK4
Added Pin To Net: NetName=PORT_K.PK5 Pin=C121-2
Added Pin To Net: NetName=PORT_K.PK5 Pin=C183-2
Added Pin To Net: NetName=PORT_K.PK5 Pin=J2-10
Added Pin To Net: NetName=PORT_K.PK5 Pin=U15-84
Added Net: Name=PORT_K.PK5
Added Pin To Net: NetName=PORT_K.PK6 Pin=C120-2
Added Pin To Net: NetName=PORT_K.PK6 Pin=C184-2
Added Pin To Net: NetName=PORT_K.PK6 Pin=J2-11
Added Pin To Net: NetName=PORT_K.PK6 Pin=U15-83
Added Net: Name=PORT_K.PK6
Added Pin To Net: NetName=PORT_K.PK7 Pin=C119-2
Added Pin To Net: NetName=PORT_K.PK7 Pin=C185-2
Added Pin To Net: NetName=PORT_K.PK7 Pin=J2-12
Added Pin To Net: NetName=PORT_K.PK7 Pin=U15-82
Added Net: Name=PORT_K.PK7
Added Pin To Net: NetName=PORT_L.PL0 Pin=C134-2
Added Pin To Net: NetName=PORT_L.PL0 Pin=C199-2
Added Pin To Net: NetName=PORT_L.PL0 Pin=J3-5
Added Pin To Net: NetName=PORT_L.PL0 Pin=U15-35
Added Net: Name=PORT_L.PL0
Added Pin To Net: NetName=PORT_L.PL1 Pin=C133-2
Added Pin To Net: NetName=PORT_L.PL1 Pin=C200-2
Added Pin To Net: NetName=PORT_L.PL1 Pin=J3-6
Added Pin To Net: NetName=PORT_L.PL1 Pin=U15-36
Added Net: Name=PORT_L.PL1
Added Pin To Net: NetName=PORT_L.PL2 Pin=C132-2
Added Pin To Net: NetName=PORT_L.PL2 Pin=C201-2
Added Pin To Net: NetName=PORT_L.PL2 Pin=J3-7
Added Pin To Net: NetName=PORT_L.PL2 Pin=U15-37
Added Net: Name=PORT_L.PL2
Added Pin To Net: NetName=PORT_L.PL3 Pin=C131-2
Added Pin To Net: NetName=PORT_L.PL3 Pin=C202-2
Added Pin To Net: NetName=PORT_L.PL3 Pin=J3-8
Added Pin To Net: NetName=PORT_L.PL3 Pin=U15-38
Added Net: Name=PORT_L.PL3
Added Pin To Net: NetName=PORT_L.PL4 Pin=C130-2
Added Pin To Net: NetName=PORT_L.PL4 Pin=C203-2
Added Pin To Net: NetName=PORT_L.PL4 Pin=J3-9
Added Pin To Net: NetName=PORT_L.PL4 Pin=U15-39
Added Net: Name=PORT_L.PL4
Added Pin To Net: NetName=PORT_L.PL5 Pin=C129-2
Added Pin To Net: NetName=PORT_L.PL5 Pin=C204-2
Added Pin To Net: NetName=PORT_L.PL5 Pin=J3-10
Added Pin To Net: NetName=PORT_L.PL5 Pin=U15-40
Added Net: Name=PORT_L.PL5
Added Pin To Net: NetName=PORT_L.PL6 Pin=C128-2
Added Pin To Net: NetName=PORT_L.PL6 Pin=C205-2
Added Pin To Net: NetName=PORT_L.PL6 Pin=J3-11
Added Pin To Net: NetName=PORT_L.PL6 Pin=U15-41
Added Net: Name=PORT_L.PL6
Added Pin To Net: NetName=PORT_L.PL7 Pin=C127-2
Added Pin To Net: NetName=PORT_L.PL7 Pin=C206-2
Added Pin To Net: NetName=PORT_L.PL7 Pin=J3-12
Added Pin To Net: NetName=PORT_L.PL7 Pin=U15-42
Added Net: Name=PORT_L.PL7
Added Pin To Net: NetName=SD_MISO Pin=J1-7
Added Pin To Net: NetName=SD_MISO Pin=R39-1
Added Pin To Net: NetName=SD_MISO Pin=U12-7
Added Net: Name=SD_MISO
Added Pin To Net: NetName=SD_MOSI Pin=J1-3
Added Pin To Net: NetName=SD_MOSI Pin=R38-1
Added Pin To Net: NetName=SD_MOSI Pin=U12-4
Added Net: Name=SD_MOSI
Added Pin To Net: NetName=SD_SCK Pin=J1-5
Added Pin To Net: NetName=SD_SCK Pin=R40-1
Added Pin To Net: NetName=SD_SCK Pin=U12-9
Added Net: Name=SD_SCK
Added Pin To Net: NetName=SD_SS Pin=J1-2
Added Pin To Net: NetName=SD_SS Pin=R41-1
Added Pin To Net: NetName=SD_SS Pin=U12-12
Added Net: Name=SD_SS
Added Pin To Net: NetName=SIGNAL_FOTA_BURN_EN Pin=C82-1
Added Pin To Net: NetName=SIGNAL_FOTA_BURN_EN Pin=C163-2
Added Pin To Net: NetName=SIGNAL_FOTA_BURN_EN Pin=J3-47
Added Pin To Net: NetName=SIGNAL_FOTA_BURN_EN Pin=R43-2
Added Pin To Net: NetName=SIGNAL_FOTA_BURN_EN Pin=U11-13
Added Pin To Net: NetName=SIGNAL_FOTA_BURN_EN Pin=U13-10
Added Net: Name=SIGNAL_FOTA_BURN_EN
Added Pin To Net: NetName=SIGNAL_FOTA_LED_01 Pin=C67-1
Added Pin To Net: NetName=SIGNAL_FOTA_LED_01 Pin=Q7-1
Added Pin To Net: NetName=SIGNAL_FOTA_LED_01 Pin=R33-2
Added Pin To Net: NetName=SIGNAL_FOTA_LED_01 Pin=U11-23
Added Net: Name=SIGNAL_FOTA_LED_01
Added Pin To Net: NetName=SIGNAL_FOTA_LED_02 Pin=C70-1
Added Pin To Net: NetName=SIGNAL_FOTA_LED_02 Pin=Q8-1
Added Pin To Net: NetName=SIGNAL_FOTA_LED_02 Pin=R35-2
Added Pin To Net: NetName=SIGNAL_FOTA_LED_02 Pin=U11-24
Added Net: Name=SIGNAL_FOTA_LED_02
Added Pin To Net: NetName=SIGNAL_FOTA_LED_03 Pin=C72-1
Added Pin To Net: NetName=SIGNAL_FOTA_LED_03 Pin=Q9-1
Added Pin To Net: NetName=SIGNAL_FOTA_LED_03 Pin=R37-2
Added Pin To Net: NetName=SIGNAL_FOTA_LED_03 Pin=U11-25
Added Net: Name=SIGNAL_FOTA_LED_03
Added Pin To Net: NetName=SIGNAL_FOTA_POWER_DONE Pin=C62-2
Added Pin To Net: NetName=SIGNAL_FOTA_POWER_DONE Pin=C165-2
Added Pin To Net: NetName=SIGNAL_FOTA_POWER_DONE Pin=J3-49
Added Pin To Net: NetName=SIGNAL_FOTA_POWER_DONE Pin=R29-2
Added Pin To Net: NetName=SIGNAL_FOTA_POWER_DONE Pin=U9-4
Added Pin To Net: NetName=SIGNAL_FOTA_POWER_DONE Pin=U11-12
Added Net: Name=SIGNAL_FOTA_POWER_DONE
Added Pin To Net: NetName=SIGNAL_FOTA_POWER_EN Pin=C164-2
Added Pin To Net: NetName=SIGNAL_FOTA_POWER_EN Pin=J3-48
Added Pin To Net: NetName=SIGNAL_FOTA_POWER_EN Pin=R28-2
Added Pin To Net: NetName=SIGNAL_FOTA_POWER_EN Pin=U9-3
Added Pin To Net: NetName=SIGNAL_FOTA_POWER_EN Pin=U15-5
Added Net: Name=SIGNAL_FOTA_POWER_EN
Added Pin To Net: NetName=SIGNAL_IOT_3V3.SIGNAL_IOT_3V3_ONOFF Pin=C219-2
Added Pin To Net: NetName=SIGNAL_IOT_3V3.SIGNAL_IOT_3V3_ONOFF Pin=J3-25
Added Pin To Net: NetName=SIGNAL_IOT_3V3.SIGNAL_IOT_3V3_ONOFF Pin=R8-2
Added Pin To Net: NetName=SIGNAL_IOT_3V3.SIGNAL_IOT_3V3_ONOFF Pin=U15-17
Added Net: Name=SIGNAL_IOT_3V3.SIGNAL_IOT_3V3_ONOFF
Added Pin To Net: NetName=SIGNAL_IOT_3V3.SIGNAL_IOT_3V3_PMON Pin=C30-2
Added Pin To Net: NetName=SIGNAL_IOT_3V3.SIGNAL_IOT_3V3_PMON Pin=C221-2
Added Pin To Net: NetName=SIGNAL_IOT_3V3.SIGNAL_IOT_3V3_PMON Pin=J3-27
Added Pin To Net: NetName=SIGNAL_IOT_3V3.SIGNAL_IOT_3V3_PMON Pin=R22-2
Added Pin To Net: NetName=SIGNAL_IOT_3V3.SIGNAL_IOT_3V3_PMON Pin=U6-7
Added Pin To Net: NetName=SIGNAL_IOT_3V3.SIGNAL_IOT_3V3_PMON Pin=U15-27
Added Net: Name=SIGNAL_IOT_3V3.SIGNAL_IOT_3V3_PMON
Added Pin To Net: NetName=SIGNAL_IOT_3V3.SIGNAL_IOT_3V3_SDOWN Pin=C220-2
Added Pin To Net: NetName=SIGNAL_IOT_3V3.SIGNAL_IOT_3V3_SDOWN Pin=J3-26
Added Pin To Net: NetName=SIGNAL_IOT_3V3.SIGNAL_IOT_3V3_SDOWN Pin=R9-2
Added Pin To Net: NetName=SIGNAL_IOT_3V3.SIGNAL_IOT_3V3_SDOWN Pin=U15-18
Added Net: Name=SIGNAL_IOT_3V3.SIGNAL_IOT_3V3_SDOWN
Added Pin To Net: NetName=SIGNAL_IOT_3V3.SIGNAL_IOT_COM_EN Pin=C217-2
Added Pin To Net: NetName=SIGNAL_IOT_3V3.SIGNAL_IOT_COM_EN Pin=J3-23
Added Pin To Net: NetName=SIGNAL_IOT_3V3.SIGNAL_IOT_COM_EN Pin=R13-1
Added Pin To Net: NetName=SIGNAL_IOT_3V3.SIGNAL_IOT_COM_EN Pin=U6-14
Added Pin To Net: NetName=SIGNAL_IOT_3V3.SIGNAL_IOT_COM_EN Pin=U6-15
Added Pin To Net: NetName=SIGNAL_IOT_3V3.SIGNAL_IOT_COM_EN Pin=U7-14
Added Pin To Net: NetName=SIGNAL_IOT_3V3.SIGNAL_IOT_COM_EN Pin=U7-15
Added Pin To Net: NetName=SIGNAL_IOT_3V3.SIGNAL_IOT_COM_EN Pin=U8-14
Added Pin To Net: NetName=SIGNAL_IOT_3V3.SIGNAL_IOT_COM_EN Pin=U8-15
Added Pin To Net: NetName=SIGNAL_IOT_3V3.SIGNAL_IOT_COM_EN Pin=U15-15
Added Net: Name=SIGNAL_IOT_3V3.SIGNAL_IOT_COM_EN
Added Pin To Net: NetName=SIGNAL_IOT_3V3.SIGNAL_IOT_LED_EN Pin=C218-2
Added Pin To Net: NetName=SIGNAL_IOT_3V3.SIGNAL_IOT_LED_EN Pin=J3-24
Added Pin To Net: NetName=SIGNAL_IOT_3V3.SIGNAL_IOT_LED_EN Pin=R18-2
Added Pin To Net: NetName=SIGNAL_IOT_3V3.SIGNAL_IOT_LED_EN Pin=U15-16
Added Net: Name=SIGNAL_IOT_3V3.SIGNAL_IOT_LED_EN
Added Pin To Net: NetName=SIGNAL_IOT_3V3.SIGNAL_IOT_POWER_EN Pin=C4-2
Added Pin To Net: NetName=SIGNAL_IOT_3V3.SIGNAL_IOT_POWER_EN Pin=C216-2
Added Pin To Net: NetName=SIGNAL_IOT_3V3.SIGNAL_IOT_POWER_EN Pin=J3-22
Added Pin To Net: NetName=SIGNAL_IOT_3V3.SIGNAL_IOT_POWER_EN Pin=R2-2
Added Pin To Net: NetName=SIGNAL_IOT_3V3.SIGNAL_IOT_POWER_EN Pin=U1-3
Added Pin To Net: NetName=SIGNAL_IOT_3V3.SIGNAL_IOT_POWER_EN Pin=U15-14
Added Net: Name=SIGNAL_IOT_3V3.SIGNAL_IOT_POWER_EN
Added Pin To Net: NetName=SIGNAL_MASTER_MCU_LED1 Pin=C135-1
Added Pin To Net: NetName=SIGNAL_MASTER_MCU_LED1 Pin=Q10-1
Added Pin To Net: NetName=SIGNAL_MASTER_MCU_LED1 Pin=R47-2
Added Pin To Net: NetName=SIGNAL_MASTER_MCU_LED1 Pin=U15-47
Added Net: Name=SIGNAL_MASTER_MCU_LED1
Added Pin To Net: NetName=SIGNAL_MASTER_MCU_LED2 Pin=C138-1
Added Pin To Net: NetName=SIGNAL_MASTER_MCU_LED2 Pin=Q11-1
Added Pin To Net: NetName=SIGNAL_MASTER_MCU_LED2 Pin=R49-2
Added Pin To Net: NetName=SIGNAL_MASTER_MCU_LED2 Pin=U15-48
Added Net: Name=SIGNAL_MASTER_MCU_LED2
Added Pin To Net: NetName=SIGNAL_MASTER_MCU_LED3 Pin=C140-1
Added Pin To Net: NetName=SIGNAL_MASTER_MCU_LED3 Pin=Q12-1
Added Pin To Net: NetName=SIGNAL_MASTER_MCU_LED3 Pin=R51-2
Added Pin To Net: NetName=SIGNAL_MASTER_MCU_LED3 Pin=U15-49
Added Net: Name=SIGNAL_MASTER_MCU_LED3
Added Pin To Net: NetName=SIGNAL_MCU_POWER_EN Pin=C11-2
Added Pin To Net: NetName=SIGNAL_MCU_POWER_EN Pin=C162-2
Added Pin To Net: NetName=SIGNAL_MCU_POWER_EN Pin=J3-42
Added Pin To Net: NetName=SIGNAL_MCU_POWER_EN Pin=R4-2
Added Pin To Net: NetName=SIGNAL_MCU_POWER_EN Pin=U2-3
Added Net: Name=SIGNAL_MCU_POWER_EN
Added Pin To Net: NetName=SIGNAL_POWER_5V_EN Pin=C160-2
Added Pin To Net: NetName=SIGNAL_POWER_5V_EN Pin=C274-2
Added Pin To Net: NetName=SIGNAL_POWER_5V_EN Pin=J2-26
Added Pin To Net: NetName=SIGNAL_POWER_5V_EN Pin=R69-2
Added Pin To Net: NetName=SIGNAL_POWER_5V_EN Pin=U15-9
Added Pin To Net: NetName=SIGNAL_POWER_5V_EN Pin=U22-1
Added Net: Name=SIGNAL_POWER_5V_EN
Added Pin To Net: NetName=SIGNAL_POWER_DONE Pin=C161-2
Added Pin To Net: NetName=SIGNAL_POWER_DONE Pin=J2-27
Added Pin To Net: NetName=SIGNAL_POWER_DONE Pin=U15-8
Added Net: Name=SIGNAL_POWER_DONE
Added Pin To Net: NetName=SIGNAL_PWM_BUZZER Pin=C85-2
Added Pin To Net: NetName=SIGNAL_PWM_BUZZER Pin=C154-2
Added Pin To Net: NetName=SIGNAL_PWM_BUZZER Pin=J2-48
Added Pin To Net: NetName=SIGNAL_PWM_BUZZER Pin=R44-2
Added Pin To Net: NetName=SIGNAL_PWM_BUZZER Pin=U14-3
Added Pin To Net: NetName=SIGNAL_PWM_BUZZER Pin=U15-6
Added Net: Name=SIGNAL_PWM_BUZZER
Added Pin To Net: NetName=SIGNAL_RTC_INTERUPT Pin=C153-2
Added Pin To Net: NetName=SIGNAL_RTC_INTERUPT Pin=C173-1
Added Pin To Net: NetName=SIGNAL_RTC_INTERUPT Pin=J2-47
Added Pin To Net: NetName=SIGNAL_RTC_INTERUPT Pin=R56-1
Added Pin To Net: NetName=SIGNAL_RTC_INTERUPT Pin=U15-7
Added Pin To Net: NetName=SIGNAL_RTC_INTERUPT Pin=U17-2
Added Net: Name=SIGNAL_RTC_INTERUPT
Added Pin To Net: NetName=SIGNAL_sD_MUX_DIRECTION Pin=C79-2
Added Pin To Net: NetName=SIGNAL_sD_MUX_DIRECTION Pin=C155-2
Added Pin To Net: NetName=SIGNAL_sD_MUX_DIRECTION Pin=J2-49
Added Pin To Net: NetName=SIGNAL_sD_MUX_DIRECTION Pin=R42-2
Added Pin To Net: NetName=SIGNAL_sD_MUX_DIRECTION Pin=U12-1
Added Pin To Net: NetName=SIGNAL_sD_MUX_DIRECTION Pin=U15-4
Added Net: Name=SIGNAL_sD_MUX_DIRECTION
Added Pin To Net: NetName=SIM_CLK Pin=C19-2
Added Pin To Net: NetName=SIM_CLK Pin=C212-2
Added Pin To Net: NetName=SIM_CLK Pin=J3-18
Added Pin To Net: NetName=SIM_CLK Pin=U4-A06
Added Pin To Net: NetName=SIM_CLK Pin=U5-6
Added Net: Name=SIM_CLK
Added Pin To Net: NetName=SIM_IO Pin=C18-2
Added Pin To Net: NetName=SIM_IO Pin=C214-2
Added Pin To Net: NetName=SIM_IO Pin=J3-20
Added Pin To Net: NetName=SIM_IO Pin=U4-A05
Added Pin To Net: NetName=SIM_IO Pin=U5-3
Added Net: Name=SIM_IO
Added Pin To Net: NetName=SIM_RST Pin=C20-2
Added Pin To Net: NetName=SIM_RST Pin=C213-2
Added Pin To Net: NetName=SIM_RST Pin=J3-19
Added Pin To Net: NetName=SIM_RST Pin=U4-A07
Added Pin To Net: NetName=SIM_RST Pin=U5-7
Added Net: Name=SIM_RST
Added Pin To Net: NetName=SIM_VCC Pin=C21-2
Added Pin To Net: NetName=SIM_VCC Pin=C22-2
Added Pin To Net: NetName=SIM_VCC Pin=C215-2
Added Pin To Net: NetName=SIM_VCC Pin=J3-21
Added Pin To Net: NetName=SIM_VCC Pin=U4-A03
Added Pin To Net: NetName=SIM_VCC Pin=U5-8
Added Net: Name=SIM_VCC
Added Pin To Net: NetName=UART0.RXD0 Pin=C250-2
Added Pin To Net: NetName=UART0.RXD0 Pin=J2-36
Added Pin To Net: NetName=UART0.RXD0 Pin=U15-2
Added Net: Name=UART0.RXD0
Added Pin To Net: NetName=UART0.TXD0 Pin=C251-2
Added Pin To Net: NetName=UART0.TXD0 Pin=J2-35
Added Pin To Net: NetName=UART0.TXD0 Pin=U15-3
Added Net: Name=UART0.TXD0
Added Pin To Net: NetName=UART1.RXD1 Pin=C252-2
Added Pin To Net: NetName=UART1.RXD1 Pin=J2-38
Added Pin To Net: NetName=UART1.RXD1 Pin=U15-45
Added Net: Name=UART1.RXD1
Added Pin To Net: NetName=UART1.TXD1 Pin=C253-2
Added Pin To Net: NetName=UART1.TXD1 Pin=J2-37
Added Pin To Net: NetName=UART1.TXD1 Pin=U15-46
Added Net: Name=UART1.TXD1
Added Pin To Net: NetName=UART2.RXD2 Pin=C254-2
Added Pin To Net: NetName=UART2.RXD2 Pin=J2-40
Added Pin To Net: NetName=UART2.RXD2 Pin=U15-12
Added Net: Name=UART2.RXD2
Added Pin To Net: NetName=UART2.TXD2 Pin=C255-2
Added Pin To Net: NetName=UART2.TXD2 Pin=J2-39
Added Pin To Net: NetName=UART2.TXD2 Pin=U15-13
Added Net: Name=UART2.TXD2
Added Pin To Net: NetName=VAUX Pin=C17-2
Added Pin To Net: NetName=VAUX Pin=C29-2
Added Pin To Net: NetName=VAUX Pin=C35-2
Added Pin To Net: NetName=VAUX Pin=C44-2
Added Pin To Net: NetName=VAUX Pin=U4-R11
Added Pin To Net: NetName=VAUX Pin=U6-10
Added Pin To Net: NetName=VAUX Pin=U6-16
Added Pin To Net: NetName=VAUX Pin=U7-16
Added Pin To Net: NetName=VAUX Pin=U8-16
Added Net: Name=VAUX
Added Pin To Net: NetName=VBUZZER Pin=C84-2
Added Pin To Net: NetName=VBUZZER Pin=U14-10
Added Net: Name=VBUZZER
Added Pin To Net: NetName=VCC Pin=C145-2
Added Pin To Net: NetName=VCC Pin=C150-2
Added Pin To Net: NetName=VCC Pin=C157-2
Added Pin To Net: NetName=VCC Pin=C167-2
Added Pin To Net: NetName=VCC Pin=C262-2
Added Pin To Net: NetName=VCC Pin=C263-1
Added Pin To Net: NetName=VCC Pin=C264-1
Added Pin To Net: NetName=VCC Pin=C268-2
Added Pin To Net: NetName=VCC Pin=C269-1
Added Pin To Net: NetName=VCC Pin=C270-1
Added Pin To Net: NetName=VCC Pin=J2-1
Added Pin To Net: NetName=VCC Pin=J2-60
Added Pin To Net: NetName=VCC Pin=J3-1
Added Pin To Net: NetName=VCC Pin=J3-60
Added Pin To Net: NetName=VCC Pin=U21-1
Added Pin To Net: NetName=VCC Pin=U21-10
Added Pin To Net: NetName=VCC Pin=U22-10
Added Net: Name=VCC
Added Pin To Net: NetName=VFOTA Pin=C64-2
Added Pin To Net: NetName=VFOTA Pin=C65-2
Added Pin To Net: NetName=VFOTA Pin=C66-2
Added Pin To Net: NetName=VFOTA Pin=C69-1
Added Pin To Net: NetName=VFOTA Pin=C80-2
Added Pin To Net: NetName=VFOTA Pin=C147-2
Added Pin To Net: NetName=VFOTA Pin=D2-4
Added Pin To Net: NetName=VFOTA Pin=J2-3
Added Pin To Net: NetName=VFOTA Pin=R27-1
Added Pin To Net: NetName=VFOTA Pin=R36-2
Added Pin To Net: NetName=VFOTA Pin=U10-6
Added Pin To Net: NetName=VFOTA Pin=U11-4
Added Pin To Net: NetName=VFOTA Pin=U11-6
Added Pin To Net: NetName=VFOTA Pin=U11-18
Added Pin To Net: NetName=VFOTA Pin=U13-19
Added Net: Name=VFOTA
Added Pin To Net: NetName=VIOT1 Pin=C1-1
Added Pin To Net: NetName=VIOT1 Pin=C2-2
Added Pin To Net: NetName=VIOT1 Pin=C3-2
Added Pin To Net: NetName=VIOT1 Pin=FB1-2
Added Pin To Net: NetName=VIOT1 Pin=U4-M01
Added Pin To Net: NetName=VIOT1 Pin=U4-M02
Added Net: Name=VIOT1
Added Pin To Net: NetName=VIOT2 Pin=C7-1
Added Pin To Net: NetName=VIOT2 Pin=C8-2
Added Pin To Net: NetName=VIOT2 Pin=C9-2
Added Pin To Net: NetName=VIOT2 Pin=FB2-2
Added Pin To Net: NetName=VIOT2 Pin=U4-N01
Added Pin To Net: NetName=VIOT2 Pin=U4-N02
Added Pin To Net: NetName=VIOT2 Pin=U4-P01
Added Pin To Net: NetName=VIOT2 Pin=U4-P02
Added Net: Name=VIOT2
Added Pin To Net: NetName=VIOT Pin=C6-1
Added Pin To Net: NetName=VIOT Pin=FB1-1
Added Pin To Net: NetName=VIOT Pin=FB2-1
Added Pin To Net: NetName=VIOT Pin=R1-1
Added Pin To Net: NetName=VIOT Pin=U1-6
Added Net: Name=VIOT
Added Pin To Net: NetName=VMCU Pin=C10-1
Added Pin To Net: NetName=VMCU Pin=C27-2
Added Pin To Net: NetName=VMCU Pin=C28-2
Added Pin To Net: NetName=VMCU Pin=C33-2
Added Pin To Net: NetName=VMCU Pin=C34-2
Added Pin To Net: NetName=VMCU Pin=C42-2
Added Pin To Net: NetName=VMCU Pin=C43-2
Added Pin To Net: NetName=VMCU Pin=C54-1
Added Pin To Net: NetName=VMCU Pin=C60-2
Added Pin To Net: NetName=VMCU Pin=C61-1
Added Pin To Net: NetName=VMCU Pin=C77-2
Added Pin To Net: NetName=VMCU Pin=C78-1
Added Pin To Net: NetName=VMCU Pin=C81-2
Added Pin To Net: NetName=VMCU Pin=C83-2
Added Pin To Net: NetName=VMCU Pin=C88-2
Added Pin To Net: NetName=VMCU Pin=C89-2
Added Pin To Net: NetName=VMCU Pin=C92-2
Added Pin To Net: NetName=VMCU Pin=C93-2
Added Pin To Net: NetName=VMCU Pin=C137-1
Added Pin To Net: NetName=VMCU Pin=C146-2
Added Pin To Net: NetName=VMCU Pin=C151-2
Added Pin To Net: NetName=VMCU Pin=C156-2
Added Pin To Net: NetName=VMCU Pin=C166-2
Added Pin To Net: NetName=VMCU Pin=C170-2
Added Pin To Net: NetName=VMCU Pin=C172-2
Added Pin To Net: NetName=VMCU Pin=C175-2
Added Pin To Net: NetName=VMCU Pin=C176-2
Added Pin To Net: NetName=VMCU Pin=D3-4
Added Pin To Net: NetName=VMCU Pin=J1-4
Added Pin To Net: NetName=VMCU Pin=J2-2
Added Pin To Net: NetName=VMCU Pin=J2-59
Added Pin To Net: NetName=VMCU Pin=J3-2
Added Pin To Net: NetName=VMCU Pin=J3-59
Added Pin To Net: NetName=VMCU Pin=Q3-2
Added Pin To Net: NetName=VMCU Pin=R3-1
Added Pin To Net: NetName=VMCU Pin=R12-2
Added Pin To Net: NetName=VMCU Pin=R13-2
Added Pin To Net: NetName=VMCU Pin=R14-2
Added Pin To Net: NetName=VMCU Pin=R15-2
Added Pin To Net: NetName=VMCU Pin=R16-2
Added Pin To Net: NetName=VMCU Pin=R17-2
Added Pin To Net: NetName=VMCU Pin=R38-2
Added Pin To Net: NetName=VMCU Pin=R39-2
Added Pin To Net: NetName=VMCU Pin=R40-2
Added Pin To Net: NetName=VMCU Pin=R41-2
Added Pin To Net: NetName=VMCU Pin=R45-2
Added Pin To Net: NetName=VMCU Pin=R52-2
Added Pin To Net: NetName=VMCU Pin=R53-2
Added Pin To Net: NetName=VMCU Pin=R54-2
Added Pin To Net: NetName=VMCU Pin=R55-2
Added Pin To Net: NetName=VMCU Pin=R56-2
Added Pin To Net: NetName=VMCU Pin=R57-2
Added Pin To Net: NetName=VMCU Pin=R58-2
Added Pin To Net: NetName=VMCU Pin=R59-2
Added Pin To Net: NetName=VMCU Pin=R60-2
Added Pin To Net: NetName=VMCU Pin=R61-2
Added Pin To Net: NetName=VMCU Pin=U2-6
Added Pin To Net: NetName=VMCU Pin=U6-1
Added Pin To Net: NetName=VMCU Pin=U7-1
Added Pin To Net: NetName=VMCU Pin=U8-1
Added Pin To Net: NetName=VMCU Pin=U9-1
Added Pin To Net: NetName=VMCU Pin=U10-1
Added Pin To Net: NetName=VMCU Pin=U12-16
Added Pin To Net: NetName=VMCU Pin=U13-2
Added Pin To Net: NetName=VMCU Pin=U14-1
Added Pin To Net: NetName=VMCU Pin=U14-2
Added Pin To Net: NetName=VMCU Pin=U14-12
Added Pin To Net: NetName=VMCU Pin=U15-10
Added Pin To Net: NetName=VMCU Pin=U15-31
Added Pin To Net: NetName=VMCU Pin=U15-61
Added Pin To Net: NetName=VMCU Pin=U15-80
Added Pin To Net: NetName=VMCU Pin=U15-100
Added Pin To Net: NetName=VMCU Pin=U16-3
Added Pin To Net: NetName=VMCU Pin=U16-16
Added Pin To Net: NetName=VMCU Pin=U17-7
Added Pin To Net: NetName=VMCU Pin=U18-5
Added Pin To Net: NetName=VMCU Pin=U19-8
Added Net: Name=VMCU
Added Pin To Net: NetName=XTAL1_FOTA Pin=C74-2
Added Pin To Net: NetName=XTAL1_FOTA Pin=U11-7
Added Pin To Net: NetName=XTAL1_FOTA Pin=X1-3
Added Net: Name=XTAL1_FOTA
Added Pin To Net: NetName=XTAL1_MAIN Pin=C90-2
Added Pin To Net: NetName=XTAL1_MAIN Pin=U15-34
Added Pin To Net: NetName=XTAL1_MAIN Pin=X2-3
Added Net: Name=XTAL1_MAIN
Added Pin To Net: NetName=XTAL2_FOTA Pin=C75-2
Added Pin To Net: NetName=XTAL2_FOTA Pin=U11-8
Added Pin To Net: NetName=XTAL2_FOTA Pin=X1-1
Added Net: Name=XTAL2_FOTA
Added Pin To Net: NetName=XTAL2_MAIN Pin=C91-2
Added Pin To Net: NetName=XTAL2_MAIN Pin=U15-33
Added Pin To Net: NetName=XTAL2_MAIN Pin=X2-1
Added Net: Name=XTAL2_MAIN
Added Class: Name=PORT K Filter Capacitors
Added Room: Name=3V3 LDO Regulator
Added Room: Name=3V8 Buck Boost Converter
Added Room: Name=5V Buck Boost Converter
Added Room: Name=Buzzer
Added Room: Name=FOTA Burn Buffer
Added Room: Name=FOTA MicroController
Added Room: Name=FOTA MicroController Power Trigger
Added Room: Name=GE910QUAD Modem
Added Room: Name=GSM Power Switch & Filter
Added Room: Name=I2C Analog Digital Converter
Added Room: Name=I2C EEprom
Added Room: Name=I2C Multiplexer
Added Room: Name=I2C Real Time Clock
Added Room: Name=I2C Serial ID EEprom
Added Room: Name=LED Indicators
Added Room: Name=LED Inducators
Added Room: Name=Main Power Switch
Added Room: Name=Master MicroController Core
Added Room: Name=PORT A
Added Room: Name=PORT C
Added Room: Name=PORT F
Added Room: Name=PORT K
Added Room: Name=PORT K Filter Capacitors
Added Room: Name=PORT K Filter Capacitors
Added Room: Name=PORT K Filter Capacitors
Added Room: Name=PORT K Filter Capacitors
Added Room: Name=PORT K Filter Capacitors
Added Room: Name=PORT K Filter Capacitors
Added Room: Name=PORT K Filter Capacitors
Added Room: Name=PORT K Filter Capacitors
Added Room: Name=PORT K Filter Capacitors
Added Room: Name=PORT K Filter Capacitors
Added Room: Name=PORT K Filter Capacitors
Added Room: Name=PORT K Filter Capacitors
Added Room: Name=PORT K Filter Capacitors
Added Room: Name=PORT K Filter Capacitors
Added Room: Name=PORT L
Added Room: Name=PORT Outputs
Added Room: Name=SD Card and Select Switch
Added Room: Name=Signal Control
Added Room: Name=Voltage Translator
