Added Class: Name=3V3 LDO Regulator
Added Class: Name=3V8 Buck Boost Converter
Added Class: Name=5V Buck Boost Converter
Added Class: Name=Buzzer
Added Class: Name=FOTA Burn Buffer
Added Class: Name=FOTA MicroController Power Trigger
Added Class: Name=FOTA MicroController
Added Class: Name=GE910QUAD Modem
Added Class: Name=GSM Power Switch & Filter
Added Class: Name=I2C Analog Digital Converter
Added Class: Name=I2C EEprom
Added Class: Name=I2C Multiplexer
Added Class: Name=I2C Real Time Clock
Added Class: Name=I2C Serial ID EEprom
Added Class: Name=LED Indicators
Added Class: Name=LED Inducators
Added Class: Name=Main Power Switch
Added Class: Name=Master MicroController Core
Added Class: Name=PORT A
Added Class: Name=PORT C
Added Class: Name=PORT F
Added Class: Name=PORT K Filter Capacitors
Added Class: Name=PORT K
Added Class: Name=PORT L
Added Class: Name=PORT Outputs
Added Class: Name=SD Card and Select Switch
Added Class: Name=Signal Control
Added Class: Name=Voltage Translator
