Change Component Designator: OldDesignator=C1 NewDesignator=C262
Change Component Designator: OldDesignator=C2 NewDesignator=C263
Change Component Designator: OldDesignator=C3 NewDesignator=C264
Change Component Designator: OldDesignator=C4 NewDesignator=C265
Change Component Designator: OldDesignator=C5 NewDesignator=C266
Change Component Designator: OldDesignator=C6 NewDesignator=C267
Change Component Designator: OldDesignator=C7 NewDesignator=C268
Change Component Designator: OldDesignator=C8 NewDesignator=C269
Change Component Designator: OldDesignator=C9 NewDesignator=C270
Change Component Designator: OldDesignator=C10 NewDesignator=C271
Change Component Designator: OldDesignator=C11 NewDesignator=C272
Change Component Designator: OldDesignator=C12 NewDesignator=C273
Change Component Designator: OldDesignator=C13 NewDesignator=C274
Change Component Designator: OldDesignator=C14 NewDesignator=C1
Change Component Designator: OldDesignator=C15 NewDesignator=C2
Change Component Designator: OldDesignator=C16 NewDesignator=C3
Change Component Designator: OldDesignator=C17 NewDesignator=C4
Change Component Designator: OldDesignator=C18 NewDesignator=C5
Change Component Designator: OldDesignator=C19 NewDesignator=C6
Change Component Designator: OldDesignator=C20 NewDesignator=C7
Change Component Designator: OldDesignator=C21 NewDesignator=C8
Change Component Designator: OldDesignator=C22 NewDesignator=C9
Change Component Designator: OldDesignator=C23 NewDesignator=C10
Change Component Designator: OldDesignator=C24 NewDesignator=C11
Change Component Designator: OldDesignator=C25 NewDesignator=C12
Change Component Designator: OldDesignator=C26 NewDesignator=C13
Change Component Designator: OldDesignator=C27 NewDesignator=C14
Change Component Designator: OldDesignator=C28 NewDesignator=C15
Change Component Designator: OldDesignator=C29 NewDesignator=C16
Change Component Designator: OldDesignator=C30 NewDesignator=C17
Change Component Designator: OldDesignator=C31 NewDesignator=C18
Change Component Designator: OldDesignator=C32 NewDesignator=C19
Change Component Designator: OldDesignator=C33 NewDesignator=C20
Change Component Designator: OldDesignator=C34 NewDesignator=C21
Change Component Designator: OldDesignator=C35 NewDesignator=C22
Change Component Designator: OldDesignator=C36 NewDesignator=C23
Change Component Designator: OldDesignator=C37 NewDesignator=C24
Change Component Designator: OldDesignator=C38 NewDesignator=C25
Change Component Designator: OldDesignator=C39 NewDesignator=C26
Change Component Designator: OldDesignator=C40 NewDesignator=C27
Change Component Designator: OldDesignator=C41 NewDesignator=C28
Change Component Designator: OldDesignator=C42 NewDesignator=C29
Change Component Designator: OldDesignator=C43 NewDesignator=C30
Change Component Designator: OldDesignator=C44 NewDesignator=C31
Change Component Designator: OldDesignator=C45 NewDesignator=C32
Change Component Designator: OldDesignator=C46 NewDesignator=C33
Change Component Designator: OldDesignator=C47 NewDesignator=C34
Change Component Designator: OldDesignator=C48 NewDesignator=C35
Change Component Designator: OldDesignator=C49 NewDesignator=C36
Change Component Designator: OldDesignator=C50 NewDesignator=C37
Change Component Designator: OldDesignator=C51 NewDesignator=C38
Change Component Designator: OldDesignator=C52 NewDesignator=C39
Change Component Designator: OldDesignator=C53 NewDesignator=C40
Change Component Designator: OldDesignator=C54 NewDesignator=C41
Change Component Designator: OldDesignator=C55 NewDesignator=C42
Change Component Designator: OldDesignator=C56 NewDesignator=C43
Change Component Designator: OldDesignator=C57 NewDesignator=C44
Change Component Designator: OldDesignator=C58 NewDesignator=C45
Change Component Designator: OldDesignator=C59 NewDesignator=C46
Change Component Designator: OldDesignator=C60 NewDesignator=C47
Change Component Designator: OldDesignator=C61 NewDesignator=C48
Change Component Designator: OldDesignator=C62 NewDesignator=C49
Change Component Designator: OldDesignator=C63 NewDesignator=C50
Change Component Designator: OldDesignator=C64 NewDesignator=C51
Change Component Designator: OldDesignator=C65 NewDesignator=C52
Change Component Designator: OldDesignator=C66 NewDesignator=C53
Change Component Designator: OldDesignator=C67 NewDesignator=C54
Change Component Designator: OldDesignator=C68 NewDesignator=C55
Change Component Designator: OldDesignator=C69 NewDesignator=C56
Change Component Designator: OldDesignator=C70 NewDesignator=C57
Change Component Designator: OldDesignator=C71 NewDesignator=C58
Change Component Designator: OldDesignator=C72 NewDesignator=C59
Change Component Designator: OldDesignator=C73 NewDesignator=C60
Change Component Designator: OldDesignator=C74 NewDesignator=C61
Change Component Designator: OldDesignator=C75 NewDesignator=C62
Change Component Designator: OldDesignator=C76 NewDesignator=C63
Change Component Designator: OldDesignator=C77 NewDesignator=C64
Change Component Designator: OldDesignator=C78 NewDesignator=C65
Change Component Designator: OldDesignator=C79 NewDesignator=C66
Change Component Designator: OldDesignator=C80 NewDesignator=C67
Change Component Designator: OldDesignator=C81 NewDesignator=C68
Change Component Designator: OldDesignator=C82 NewDesignator=C69
Change Component Designator: OldDesignator=C83 NewDesignator=C70
Change Component Designator: OldDesignator=C84 NewDesignator=C71
Change Component Designator: OldDesignator=C85 NewDesignator=C72
Change Component Designator: OldDesignator=C86 NewDesignator=C73
Change Component Designator: OldDesignator=C87 NewDesignator=C74
Change Component Designator: OldDesignator=C88 NewDesignator=C75
Change Component Designator: OldDesignator=C89 NewDesignator=C76
Change Component Designator: OldDesignator=C90 NewDesignator=C77
Change Component Designator: OldDesignator=C91 NewDesignator=C78
Change Component Designator: OldDesignator=C92 NewDesignator=C79
Change Component Designator: OldDesignator=C93 NewDesignator=C80
Change Component Designator: OldDesignator=C94 NewDesignator=C81
Change Component Designator: OldDesignator=C95 NewDesignator=C82
Change Component Designator: OldDesignator=C96 NewDesignator=C83
Change Component Designator: OldDesignator=C97 NewDesignator=C84
Change Component Designator: OldDesignator=C98 NewDesignator=C85
Change Component Designator: OldDesignator=C99 NewDesignator=C86
Change Component Designator: OldDesignator=C100 NewDesignator=C87
Change Component Designator: OldDesignator=C101 NewDesignator=C88
Change Component Designator: OldDesignator=C102 NewDesignator=C89
Change Component Designator: OldDesignator=C103 NewDesignator=C90
Change Component Designator: OldDesignator=C104 NewDesignator=C91
Change Component Designator: OldDesignator=C105 NewDesignator=C92
Change Component Designator: OldDesignator=C106 NewDesignator=C93
Change Component Designator: OldDesignator=C107 NewDesignator=C94
Change Component Designator: OldDesignator=C108 NewDesignator=C95
Change Component Designator: OldDesignator=C109 NewDesignator=C96
Change Component Designator: OldDesignator=C110 NewDesignator=C97
Change Component Designator: OldDesignator=C111 NewDesignator=C98
Change Component Designator: OldDesignator=C112 NewDesignator=C99
Change Component Designator: OldDesignator=C113 NewDesignator=C100
Change Component Designator: OldDesignator=C114 NewDesignator=C101
Change Component Designator: OldDesignator=C115 NewDesignator=C102
Change Component Designator: OldDesignator=C116 NewDesignator=C103
Change Component Designator: OldDesignator=C117 NewDesignator=C104
Change Component Designator: OldDesignator=C118 NewDesignator=C105
Change Component Designator: OldDesignator=C119 NewDesignator=C106
Change Component Designator: OldDesignator=C120 NewDesignator=C107
Change Component Designator: OldDesignator=C121 NewDesignator=C108
Change Component Designator: OldDesignator=C122 NewDesignator=C109
Change Component Designator: OldDesignator=C123 NewDesignator=C110
Change Component Designator: OldDesignator=C124 NewDesignator=C111
Change Component Designator: OldDesignator=C125 NewDesignator=C112
Change Component Designator: OldDesignator=C126 NewDesignator=C113
Change Component Designator: OldDesignator=C127 NewDesignator=C114
Change Component Designator: OldDesignator=C128 NewDesignator=C115
Change Component Designator: OldDesignator=C129 NewDesignator=C116
Change Component Designator: OldDesignator=C130 NewDesignator=C117
Change Component Designator: OldDesignator=C131 NewDesignator=C118
Change Component Designator: OldDesignator=C132 NewDesignator=C119
Change Component Designator: OldDesignator=C133 NewDesignator=C120
Change Component Designator: OldDesignator=C134 NewDesignator=C121
Change Component Designator: OldDesignator=C135 NewDesignator=C122
Change Component Designator: OldDesignator=C136 NewDesignator=C123
Change Component Designator: OldDesignator=C137 NewDesignator=C124
Change Component Designator: OldDesignator=C138 NewDesignator=C125
Change Component Designator: OldDesignator=C139 NewDesignator=C126
Change Component Designator: OldDesignator=C140 NewDesignator=C127
Change Component Designator: OldDesignator=C141 NewDesignator=C128
Change Component Designator: OldDesignator=C142 NewDesignator=C129
Change Component Designator: OldDesignator=C143 NewDesignator=C130
Change Component Designator: OldDesignator=C144 NewDesignator=C131
Change Component Designator: OldDesignator=C145 NewDesignator=C132
Change Component Designator: OldDesignator=C146 NewDesignator=C133
Change Component Designator: OldDesignator=C147 NewDesignator=C134
Change Component Designator: OldDesignator=C148 NewDesignator=C135
Change Component Designator: OldDesignator=C149 NewDesignator=C136
Change Component Designator: OldDesignator=C150 NewDesignator=C137
Change Component Designator: OldDesignator=C151 NewDesignator=C138
Change Component Designator: OldDesignator=C152 NewDesignator=C139
Change Component Designator: OldDesignator=C153 NewDesignator=C140
Change Component Designator: OldDesignator=C154 NewDesignator=C141
Change Component Designator: OldDesignator=C155 NewDesignator=C142
Change Component Designator: OldDesignator=C156 NewDesignator=C143
Change Component Designator: OldDesignator=C157 NewDesignator=C144
Change Component Designator: OldDesignator=C158 NewDesignator=C145
Change Component Designator: OldDesignator=C159 NewDesignator=C146
Change Component Designator: OldDesignator=C160 NewDesignator=C147
Change Component Designator: OldDesignator=C161 NewDesignator=C148
Change Component Designator: OldDesignator=C162 NewDesignator=C149
Change Component Designator: OldDesignator=C163 NewDesignator=C150
Change Component Designator: OldDesignator=C164 NewDesignator=C151
Change Component Designator: OldDesignator=C165 NewDesignator=C152
Change Component Designator: OldDesignator=C166 NewDesignator=C156
Change Component Designator: OldDesignator=C167 NewDesignator=C157
Change Component Designator: OldDesignator=C168 NewDesignator=C158
Change Component Designator: OldDesignator=C169 NewDesignator=C159
Change Component Designator: OldDesignator=C170 NewDesignator=C166
Change Component Designator: OldDesignator=C171 NewDesignator=C167
Change Component Designator: OldDesignator=C172 NewDesignator=C168
Change Component Designator: OldDesignator=C173 NewDesignator=C169
Change Component Designator: OldDesignator=C174 NewDesignator=C170
Change Component Designator: OldDesignator=C175 NewDesignator=C171
Change Component Designator: OldDesignator=C176 NewDesignator=C172
Change Component Designator: OldDesignator=C177 NewDesignator=C173
Change Component Designator: OldDesignator=C178 NewDesignator=C174
Change Component Designator: OldDesignator=C179 NewDesignator=C175
Change Component Designator: OldDesignator=C180 NewDesignator=C176
Change Component Designator: OldDesignator=C181 NewDesignator=C177
Change Component Designator: OldDesignator=C182 NewDesignator=C178
Change Component Designator: OldDesignator=C183 NewDesignator=C179
Change Component Designator: OldDesignator=C184 NewDesignator=C180
Change Component Designator: OldDesignator=C185 NewDesignator=C181
Change Component Designator: OldDesignator=C186 NewDesignator=C182
Change Component Designator: OldDesignator=C187 NewDesignator=C183
Change Component Designator: OldDesignator=C188 NewDesignator=C184
Change Component Designator: OldDesignator=C189 NewDesignator=C185
Change Component Designator: OldDesignator=C190 NewDesignator=C186
Change Component Designator: OldDesignator=C191 NewDesignator=C187
Change Component Designator: OldDesignator=C192 NewDesignator=C188
Change Component Designator: OldDesignator=C193 NewDesignator=C189
Change Component Designator: OldDesignator=C194 NewDesignator=C190
Change Component Designator: OldDesignator=C195 NewDesignator=C191
Change Component Designator: OldDesignator=C196 NewDesignator=C192
Change Component Designator: OldDesignator=C197 NewDesignator=C193
Change Component Designator: OldDesignator=C198 NewDesignator=C194
Change Component Designator: OldDesignator=C199 NewDesignator=C195
Change Component Designator: OldDesignator=C200 NewDesignator=C196
Change Component Designator: OldDesignator=C201 NewDesignator=C197
Change Component Designator: OldDesignator=C202 NewDesignator=C198
Change Component Designator: OldDesignator=C203 NewDesignator=C199
Change Component Designator: OldDesignator=C204 NewDesignator=C200
Change Component Designator: OldDesignator=C205 NewDesignator=C201
Change Component Designator: OldDesignator=C206 NewDesignator=C202
Change Component Designator: OldDesignator=C207 NewDesignator=C203
Change Component Designator: OldDesignator=C208 NewDesignator=C204
Change Component Designator: OldDesignator=C209 NewDesignator=C205
Change Component Designator: OldDesignator=C210 NewDesignator=C206
Change Component Designator: OldDesignator=C211 NewDesignator=C207
Change Component Designator: OldDesignator=C212 NewDesignator=C208
Change Component Designator: OldDesignator=C213 NewDesignator=C209
Change Component Designator: OldDesignator=C214 NewDesignator=C210
Change Component Designator: OldDesignator=C215 NewDesignator=C211
Change Component Designator: OldDesignator=C216 NewDesignator=C212
Change Component Designator: OldDesignator=C217 NewDesignator=C213
Change Component Designator: OldDesignator=C218 NewDesignator=C214
Change Component Designator: OldDesignator=C219 NewDesignator=C215
Change Component Designator: OldDesignator=C220 NewDesignator=C216
Change Component Designator: OldDesignator=C221 NewDesignator=C217
Change Component Designator: OldDesignator=C222 NewDesignator=C218
Change Component Designator: OldDesignator=C223 NewDesignator=C219
Change Component Designator: OldDesignator=C224 NewDesignator=C220
Change Component Designator: OldDesignator=C225 NewDesignator=C221
Change Component Designator: OldDesignator=C226 NewDesignator=C222
Change Component Designator: OldDesignator=C227 NewDesignator=C223
Change Component Designator: OldDesignator=C228 NewDesignator=C224
Change Component Designator: OldDesignator=C229 NewDesignator=C225
Change Component Designator: OldDesignator=C230 NewDesignator=C226
Change Component Designator: OldDesignator=C231 NewDesignator=C227
Change Component Designator: OldDesignator=C232 NewDesignator=C228
Change Component Designator: OldDesignator=C233 NewDesignator=C229
Change Component Designator: OldDesignator=C234 NewDesignator=C230
Change Component Designator: OldDesignator=C235 NewDesignator=C231
Change Component Designator: OldDesignator=C236 NewDesignator=C232
Change Component Designator: OldDesignator=C237 NewDesignator=C233
Change Component Designator: OldDesignator=C238 NewDesignator=C234
Change Component Designator: OldDesignator=C239 NewDesignator=C235
Change Component Designator: OldDesignator=C240 NewDesignator=C236
Change Component Designator: OldDesignator=C241 NewDesignator=C237
Change Component Designator: OldDesignator=C242 NewDesignator=C238
Change Component Designator: OldDesignator=C243 NewDesignator=C239
Change Component Designator: OldDesignator=C244 NewDesignator=C240
Change Component Designator: OldDesignator=C245 NewDesignator=C241
Change Component Designator: OldDesignator=C246 NewDesignator=C242
Change Component Designator: OldDesignator=C247 NewDesignator=C243
Change Component Designator: OldDesignator=C248 NewDesignator=C244
Change Component Designator: OldDesignator=C249 NewDesignator=C245
Change Component Designator: OldDesignator=C250 NewDesignator=C246
Change Component Designator: OldDesignator=C251 NewDesignator=C247
Change Component Designator: OldDesignator=C252 NewDesignator=C248
Change Component Designator: OldDesignator=C253 NewDesignator=C249
Change Component Designator: OldDesignator=C254 NewDesignator=C250
Change Component Designator: OldDesignator=C255 NewDesignator=C251
Change Component Designator: OldDesignator=C256 NewDesignator=C252
Change Component Designator: OldDesignator=C257 NewDesignator=C253
Change Component Designator: OldDesignator=C258 NewDesignator=C254
Change Component Designator: OldDesignator=C259 NewDesignator=C255
Change Component Designator: OldDesignator=C260 NewDesignator=C256
Change Component Designator: OldDesignator=C261 NewDesignator=C257
Change Component Designator: OldDesignator=C262 NewDesignator=C258
Change Component Designator: OldDesignator=C263 NewDesignator=C259
Change Component Designator: OldDesignator=C264 NewDesignator=C260
Change Component Designator: OldDesignator=C265 NewDesignator=C261
Change Component Designator: OldDesignator=C266 NewDesignator=C153
Change Component Designator: OldDesignator=C267 NewDesignator=C154
Change Component Designator: OldDesignator=C268 NewDesignator=C155
Change Component Designator: OldDesignator=C269 NewDesignator=C160
Change Component Designator: OldDesignator=C270 NewDesignator=C161
Change Component Designator: OldDesignator=C271 NewDesignator=C162
Change Component Designator: OldDesignator=C272 NewDesignator=C163
Change Component Designator: OldDesignator=C273 NewDesignator=C164
Change Component Designator: OldDesignator=C274 NewDesignator=C165
Change Component Designator: OldDesignator=L1 NewDesignator=L3
Change Component Designator: OldDesignator=L2 NewDesignator=L4
Change Component Designator: OldDesignator=L3 NewDesignator=L1
Change Component Designator: OldDesignator=L4 NewDesignator=L2
Change Component Designator: OldDesignator=R1 NewDesignator=R64
Change Component Designator: OldDesignator=R2 NewDesignator=R65
Change Component Designator: OldDesignator=R3 NewDesignator=R66
Change Component Designator: OldDesignator=R4 NewDesignator=R67
Change Component Designator: OldDesignator=R5 NewDesignator=R68
Change Component Designator: OldDesignator=R6 NewDesignator=R69
Change Component Designator: OldDesignator=R7 NewDesignator=R70
Change Component Designator: OldDesignator=R8 NewDesignator=R1
Change Component Designator: OldDesignator=R9 NewDesignator=R2
Change Component Designator: OldDesignator=R10 NewDesignator=R3
Change Component Designator: OldDesignator=R11 NewDesignator=R4
Change Component Designator: OldDesignator=R12 NewDesignator=R5
Change Component Designator: OldDesignator=R13 NewDesignator=R6
Change Component Designator: OldDesignator=R14 NewDesignator=R7
Change Component Designator: OldDesignator=R15 NewDesignator=R8
Change Component Designator: OldDesignator=R16 NewDesignator=R9
Change Component Designator: OldDesignator=R17 NewDesignator=R10
Change Component Designator: OldDesignator=R18 NewDesignator=R11
Change Component Designator: OldDesignator=R19 NewDesignator=R12
Change Component Designator: OldDesignator=R20 NewDesignator=R13
Change Component Designator: OldDesignator=R21 NewDesignator=R14
Change Component Designator: OldDesignator=R22 NewDesignator=R15
Change Component Designator: OldDesignator=R23 NewDesignator=R16
Change Component Designator: OldDesignator=R24 NewDesignator=R17
Change Component Designator: OldDesignator=R25 NewDesignator=R18
Change Component Designator: OldDesignator=R26 NewDesignator=R19
Change Component Designator: OldDesignator=R27 NewDesignator=R20
Change Component Designator: OldDesignator=R28 NewDesignator=R25
Change Component Designator: OldDesignator=R29 NewDesignator=R26
Change Component Designator: OldDesignator=R30 NewDesignator=R27
Change Component Designator: OldDesignator=R31 NewDesignator=R28
Change Component Designator: OldDesignator=R32 NewDesignator=R29
Change Component Designator: OldDesignator=R33 NewDesignator=R30
Change Component Designator: OldDesignator=R34 NewDesignator=R31
Change Component Designator: OldDesignator=R35 NewDesignator=R32
Change Component Designator: OldDesignator=R36 NewDesignator=R33
Change Component Designator: OldDesignator=R37 NewDesignator=R34
Change Component Designator: OldDesignator=R38 NewDesignator=R35
Change Component Designator: OldDesignator=R39 NewDesignator=R36
Change Component Designator: OldDesignator=R40 NewDesignator=R37
Change Component Designator: OldDesignator=R41 NewDesignator=R38
Change Component Designator: OldDesignator=R42 NewDesignator=R39
Change Component Designator: OldDesignator=R43 NewDesignator=R40
Change Component Designator: OldDesignator=R44 NewDesignator=R41
Change Component Designator: OldDesignator=R45 NewDesignator=R42
Change Component Designator: OldDesignator=R46 NewDesignator=R43
Change Component Designator: OldDesignator=R47 NewDesignator=R44
Change Component Designator: OldDesignator=R48 NewDesignator=R45
Change Component Designator: OldDesignator=R49 NewDesignator=R46
Change Component Designator: OldDesignator=R50 NewDesignator=R47
Change Component Designator: OldDesignator=R51 NewDesignator=R48
Change Component Designator: OldDesignator=R52 NewDesignator=R49
Change Component Designator: OldDesignator=R53 NewDesignator=R50
Change Component Designator: OldDesignator=R54 NewDesignator=R51
Change Component Designator: OldDesignator=R55 NewDesignator=R52
Change Component Designator: OldDesignator=R56 NewDesignator=R53
Change Component Designator: OldDesignator=R57 NewDesignator=R54
Change Component Designator: OldDesignator=R58 NewDesignator=R55
Change Component Designator: OldDesignator=R59 NewDesignator=R56
Change Component Designator: OldDesignator=R60 NewDesignator=R57
Change Component Designator: OldDesignator=R61 NewDesignator=R58
Change Component Designator: OldDesignator=R62 NewDesignator=R59
Change Component Designator: OldDesignator=R63 NewDesignator=R60
Change Component Designator: OldDesignator=R64 NewDesignator=R61
Change Component Designator: OldDesignator=R65 NewDesignator=R62
Change Component Designator: OldDesignator=R66 NewDesignator=R63
Change Component Designator: OldDesignator=R67 NewDesignator=R21
Change Component Designator: OldDesignator=R68 NewDesignator=R22
Change Component Designator: OldDesignator=R69 NewDesignator=R23
Change Component Designator: OldDesignator=R70 NewDesignator=R24
Change Component Designator: OldDesignator=U1 NewDesignator=U21
Change Component Designator: OldDesignator=U2 NewDesignator=U22
Change Component Designator: OldDesignator=U3 NewDesignator=U1
Change Component Designator: OldDesignator=U4 NewDesignator=U2
Change Component Designator: OldDesignator=U5 NewDesignator=U3
Change Component Designator: OldDesignator=U6 NewDesignator=U4
Change Component Designator: OldDesignator=U7 NewDesignator=U5
Change Component Designator: OldDesignator=U8 NewDesignator=U6
Change Component Designator: OldDesignator=U9 NewDesignator=U7
Change Component Designator: OldDesignator=U10 NewDesignator=U8
Change Component Designator: OldDesignator=U11 NewDesignator=U9
Change Component Designator: OldDesignator=U12 NewDesignator=U10
Change Component Designator: OldDesignator=U13 NewDesignator=U11
Change Component Designator: OldDesignator=U14 NewDesignator=U12
Change Component Designator: OldDesignator=U15 NewDesignator=U13
Change Component Designator: OldDesignator=U16 NewDesignator=U14
Change Component Designator: OldDesignator=U17 NewDesignator=U15
Change Component Designator: OldDesignator=U18 NewDesignator=U16
Change Component Designator: OldDesignator=U19 NewDesignator=U17
Change Component Designator: OldDesignator=U20 NewDesignator=U18
Change Component Designator: OldDesignator=U21 NewDesignator=U19
Change Component Designator: OldDesignator=U22 NewDesignator=U20
Change Net Name : Old Net Name=NetC38_1 New Net Name=NetC25_1
Change Net Name : Old Net Name=NetC39_1 New Net Name=NetC26_1
Change Net Name : Old Net Name=NetC45_2 New Net Name=NetC32_2
Change Net Name : Old Net Name=NetC52_2 New Net Name=NetC39_2
Change Net Name : Old Net Name=NetC53_2 New Net Name=NetC40_2
Change Net Name : Old Net Name=NetC54_2 New Net Name=NetC41_2
Change Net Name : Old Net Name=NetC62_2 New Net Name=NetC49_2
Change Net Name : Old Net Name=NetC63_2 New Net Name=NetC50_2
Change Net Name : Old Net Name=NetC64_2 New Net Name=NetC51_2
Change Net Name : Old Net Name=NetC65_2 New Net Name=NetC52_2
Change Net Name : Old Net Name=NetC66_1 New Net Name=NetC53_1
Change Net Name : Old Net Name=NetC68_1 New Net Name=NetC55_1
Change Net Name : Old Net Name=NetC69_1 New Net Name=NetC56_1
Change Net Name : Old Net Name=NetC70_1 New Net Name=NetC57_1
Change Net Name : Old Net Name=NetC71_1 New Net Name=NetC58_1
Change Net Name : Old Net Name=NetC72_1 New Net Name=NetC59_1
Change Net Name : Old Net Name=NetC76_2 New Net Name=NetC63_2
Change Net Name : Old Net Name=NetC81_1 New Net Name=NetC68_1
Change Net Name : Old Net Name=NetC84_1 New Net Name=NetC71_1
Change Net Name : Old Net Name=NetC86_1 New Net Name=NetC73_1
Change Net Name : Old Net Name=NetC99_1 New Net Name=NetC86_1
Change Net Name : Old Net Name=NetC99_2 New Net Name=NetC86_2
Change Net Name : Old Net Name=NetC100_1 New Net Name=NetC87_1
Change Net Name : Old Net Name=NetC100_2 New Net Name=NetC87_2
Change Net Name : Old Net Name=NetC149_1 New Net Name=NetC136_1
Change Net Name : Old Net Name=NetC152_1 New Net Name=NetC139_1
Change Net Name : Old Net Name=NetC154_1 New Net Name=NetC141_1
Change Net Name : Old Net Name=NetC178_1 New Net Name=NetC174_1
Change Net Name : Old Net Name=NetC260_2 New Net Name=NetC256_2
Change Net Name : Old Net Name=NetC261_2 New Net Name=NetC257_2
Change Net Name : Old Net Name=NetC262_2 New Net Name=NetC258_2
Change Net Name : Old Net Name=NetC263_2 New Net Name=NetC259_2
Change Net Name : Old Net Name=NetL1_1 New Net Name=NetL3_1
Change Net Name : Old Net Name=NetL1_2 New Net Name=NetL3_2
Change Net Name : Old Net Name=NetL2_1 New Net Name=NetL4_1
Change Net Name : Old Net Name=NetL2_2 New Net Name=NetL4_2
Change Net Name : Old Net Name=NetR1_1 New Net Name=NetR64_1
Change Net Name : Old Net Name=NetR2_1 New Net Name=NetR65_1
Change Net Name : Old Net Name=NetR4_1 New Net Name=NetR67_1
Change Net Name : Old Net Name=NetR5_1 New Net Name=NetR68_1
Change Net Name : Old Net Name=NetR8_2 New Net Name=NetR1_2
Change Net Name : Old Net Name=NetR10_2 New Net Name=NetR3_2
Change Net Name : Old Net Name=NetR12_2 New Net Name=NetR5_2
Change Net Name : Old Net Name=NetR13_1 New Net Name=NetR6_1
Change Net Name : Old Net Name=NetR13_2 New Net Name=NetR6_2
Change Net Name : Old Net Name=NetR19_1 New Net Name=NetR12_1
Change Net Name : Old Net Name=NetR21_1 New Net Name=NetR14_1
Change Net Name : Old Net Name=NetR23_1 New Net Name=NetR16_1
Change Net Name : Old Net Name=NetR30_2 New Net Name=NetR27_2
Change Net Name : Old Net Name=NetR57_1 New Net Name=NetR54_1
Change Net Name : Old Net Name=NetR58_1 New Net Name=NetR55_1
Change Net Name : Old Net Name=NetR61_1 New Net Name=NetR58_1
Change Net Name : Old Net Name=NetR62_1 New Net Name=NetR59_1
Change Net Name : Old Net Name=NetR63_1 New Net Name=NetR60_1
Change Net Name : Old Net Name=NetR64_1 New Net Name=NetR61_1
Change Net Name : Old Net Name=NetR65_1 New Net Name=NetR62_1
Change Net Name : Old Net Name=NetR66_1 New Net Name=NetR63_1
Change Net Name : Old Net Name=NetR69_2 New Net Name=NetR23_2
Change Net Name : Old Net Name=NetR70_2 New Net Name=NetR24_2
