Removed Member From Class: ClassName=GE910QUAD Modem Member=C5
Removed Member From Class: ClassName=Voltage Translator Member=C20
Removed Member From Class: ClassName=FOTA MicroController Power Trigger Member=C50
Removed Member From Class: ClassName=SD Card and Select Switch Member=C65
Removed Member From Class: ClassName=Master MicroController Core Member=C80
Removed Member From Class: ClassName=PORT C Member=C95
Removed Member From Class: ClassName=PORT K Member=C110
Removed Member From Class: ClassName=LED Inducators Member=C125
Removed Member From Class: ClassName=3V8 Buck Boost Converter Member=C153
Removed Member From Class: ClassName=3V8 Buck Boost Converter Member=C154
Removed Member From Class: ClassName=5V Buck Boost Converter Member=C155
Removed Member From Class: ClassName=5V Buck Boost Converter Member=C160
Removed Member From Class: ClassName=5V Buck Boost Converter Member=C162
Removed Member From Class: ClassName=5V Buck Boost Converter Member=C163
Removed Member From Class: ClassName=5V Buck Boost Converter Member=C164
Removed Member From Class: ClassName=5V Buck Boost Converter Member=C165
Removed Member From Class: ClassName=I2C Real Time Clock Member=C170
Removed Member From Class: ClassName=I2C Serial ID EEprom Member=C171
Removed Member From Class: ClassName=PORT K Filter Capacitors Member=C214
Removed Member From Class: ClassName=PORT K Filter Capacitors Member=C215
Removed Member From Class: ClassName=PORT K Filter Capacitors Member=C216
Removed Member From Class: ClassName=PORT K Filter Capacitors Member=C217
Removed Member From Class: ClassName=3V8 Buck Boost Converter Member=C260
Removed Member From Class: ClassName=GSM Power Switch & Filter Member=C260
Removed Member From Class: ClassName=5V Buck Boost Converter Member=L2
Removed Member From Class: ClassName=3V8 Buck Boost Converter Member=L3
Removed Member From Class: ClassName=GE910QUAD Modem Member=L3
Removed Member From Class: ClassName=Signal Control Member=R2
Removed Member From Class: ClassName=Signal Control Member=R3
Removed Member From Class: ClassName=Signal Control Member=R4
Removed Member From Class: ClassName=Voltage Translator Member=R5
Removed Member From Class: ClassName=Voltage Translator Member=R6
Removed Member From Class: ClassName=5V Buck Boost Converter Member=R14
Removed Member From Class: ClassName=LED Indicators Member=R14
Removed Member From Class: ClassName=5V Buck Boost Converter Member=R15
Removed Member From Class: ClassName=LED Indicators Member=R15
Removed Member From Class: ClassName=FOTA MicroController Power Trigger Member=R20
Removed Member From Class: ClassName=5V Buck Boost Converter Member=R24
Removed Member From Class: ClassName=FOTA MicroController Member=R30
Removed Member From Class: ClassName=SD Card and Select Switch Member=R37
Removed Member From Class: ClassName=LED Inducators Member=R43
Removed Member From Class: ClassName=LED Inducators Member=R45
Removed Member From Class: ClassName=I2C Multiplexer Member=R49
Removed Member From Class: ClassName=I2C Multiplexer Member=R50
Removed Member From Class: ClassName=I2C EEprom Member=R57
Removed Member From Class: ClassName=I2C Analog Digital Converter Member=R59
Removed Member From Class: ClassName=3V8 Buck Boost Converter Member=R61
Removed Member From Class: ClassName=GSM Power Switch & Filter Member=R61
Removed Member From Class: ClassName=3V8 Buck Boost Converter Member=R65
Removed Member From Class: ClassName=3V8 Buck Boost Converter Member=R66
Removed Member From Class: ClassName=Voltage Translator Member=U4
Removed Member From Class: ClassName=Voltage Translator Member=U5
Removed Member From Class: ClassName=FOTA MicroController Power Trigger Member=U8
Removed Member From Class: ClassName=FOTA MicroController Member=U9
Removed Member From Class: ClassName=Master MicroController Core Member=U13
Removed Member From Class: ClassName=3V8 Buck Boost Converter Member=U17
Removed Member From Class: ClassName=I2C EEprom Member=U17
Removed Member From Class: ClassName=5V Buck Boost Converter Member=U20
Removed Member From Class: ClassName=Main Power Switch Member=U20
Change Class Name : Old Net Name=3V8 Buck Boost Converter New Net Name=PORT K Filter Capacitors
Added Class: Name=3V8 Buck Boost Converter
Added Member To Class: ClassName=GSM Power Switch & Filter Member=Component C3 Multilayer Ceramic Capacitor
Added Member To Class: ClassName=GE910QUAD Modem Member=Component C18 Multilayer Ceramic Capacitor
Added Member To Class: ClassName=Voltage Translator Member=Component C33 Multilayer Ceramic Capacitor
Added Member To Class: ClassName=Voltage Translator Member=Component C48 Multilayer Ceramic Capacitor
Added Member To Class: ClassName=FOTA MicroController Power Trigger Member=Component C63 Multilayer Ceramic Capacitor
Added Member To Class: ClassName=SD Card and Select Switch Member=Component C78 Multilayer Ceramic Capacitor
Added Member To Class: ClassName=Master MicroController Core Member=Component C93 Multilayer Ceramic Capacitor
Added Member To Class: ClassName=PORT C Member=Component C108 Multilayer Ceramic Capacitor
Added Member To Class: ClassName=PORT K Member=Component C123 Multilayer Ceramic Capacitor
Added Member To Class: ClassName=LED Inducators Member=Component C138 Multilayer Ceramic Capacitor
Added Member To Class: ClassName=PORT Outputs Member=Component C161 Multilayer Ceramic Capacitor
Added Member To Class: ClassName=PORT Outputs Member=Component C167 Multilayer Ceramic Capacitor
Added Member To Class: ClassName=PORT Outputs Member=Component C169 Multilayer Ceramic Capacitor
Added Member To Class: ClassName=I2C Real Time Clock Member=Component C174 Multilayer Ceramic Capacitor
Added Member To Class: ClassName=I2C Serial ID EEprom Member=Component C175 Multilayer Ceramic Capacitor
Added Member To Class: ClassName=PORT K Filter Capacitors Member=Component C178 Multilayer Ceramic Capacitor
Added Member To Class: ClassName=PORT K Filter Capacitors Member=Component C179 Multilayer Ceramic Capacitor
Added Member To Class: ClassName=PORT K Filter Capacitors Member=Component C180 Multilayer Ceramic Capacitor
Added Member To Class: ClassName=PORT K Filter Capacitors Member=Component C181 Multilayer Ceramic Capacitor
Added Member To Class: ClassName=PORT K Filter Capacitors Member=Component C182 Multilayer Ceramic Capacitor
Added Member To Class: ClassName=PORT K Filter Capacitors Member=Component C183 Multilayer Ceramic Capacitor
Added Member To Class: ClassName=PORT K Filter Capacitors Member=Component C184 Multilayer Ceramic Capacitor
Added Member To Class: ClassName=PORT K Filter Capacitors Member=Component C185 Multilayer Ceramic Capacitor
Added Member To Class: ClassName=PORT K Filter Capacitors Member=Component C186 Multilayer Ceramic Capacitor
Added Member To Class: ClassName=PORT K Filter Capacitors Member=Component C187 Multilayer Ceramic Capacitor
Added Member To Class: ClassName=PORT K Filter Capacitors Member=Component C188 Multilayer Ceramic Capacitor
Added Member To Class: ClassName=PORT K Filter Capacitors Member=Component C189 Multilayer Ceramic Capacitor
Added Member To Class: ClassName=PORT K Filter Capacitors Member=Component C190 Multilayer Ceramic Capacitor
Added Member To Class: ClassName=PORT K Filter Capacitors Member=Component C191 Multilayer Ceramic Capacitor
Added Member To Class: ClassName=PORT K Filter Capacitors Member=Component C192 Multilayer Ceramic Capacitor
Added Member To Class: ClassName=PORT K Filter Capacitors Member=Component C193 Multilayer Ceramic Capacitor
Added Member To Class: ClassName=PORT K Filter Capacitors Member=Component C194 Multilayer Ceramic Capacitor
Added Member To Class: ClassName=PORT K Filter Capacitors Member=Component C195 Multilayer Ceramic Capacitor
Added Member To Class: ClassName=PORT K Filter Capacitors Member=Component C196 Multilayer Ceramic Capacitor
Added Member To Class: ClassName=PORT K Filter Capacitors Member=Component C197 Multilayer Ceramic Capacitor
Added Member To Class: ClassName=PORT K Filter Capacitors Member=Component C198 Multilayer Ceramic Capacitor
Added Member To Class: ClassName=PORT K Filter Capacitors Member=Component C199 Multilayer Ceramic Capacitor
Added Member To Class: ClassName=PORT K Filter Capacitors Member=Component C200 Multilayer Ceramic Capacitor
Added Member To Class: ClassName=PORT K Filter Capacitors Member=Component C201 Multilayer Ceramic Capacitor
Added Member To Class: ClassName=PORT K Filter Capacitors Member=Component C202 Multilayer Ceramic Capacitor
Added Member To Class: ClassName=PORT K Filter Capacitors Member=Component C203 Multilayer Ceramic Capacitor
Added Member To Class: ClassName=PORT K Filter Capacitors Member=Component C204 Multilayer Ceramic Capacitor
Added Member To Class: ClassName=PORT K Filter Capacitors Member=Component C205 Multilayer Ceramic Capacitor
Added Member To Class: ClassName=PORT K Filter Capacitors Member=Component C206 Multilayer Ceramic Capacitor
Added Member To Class: ClassName=PORT K Filter Capacitors Member=Component C207 Multilayer Ceramic Capacitor
Added Member To Class: ClassName=PORT K Filter Capacitors Member=Component C208 Multilayer Ceramic Capacitor
Added Member To Class: ClassName=PORT K Filter Capacitors Member=Component C209 Multilayer Ceramic Capacitor
Added Member To Class: ClassName=PORT K Filter Capacitors Member=Component C210 Multilayer Ceramic Capacitor
Added Member To Class: ClassName=PORT K Filter Capacitors Member=Component C211 Multilayer Ceramic Capacitor
Added Member To Class: ClassName=PORT K Filter Capacitors Member=Component C212 Multilayer Ceramic Capacitor
Added Member To Class: ClassName=PORT K Filter Capacitors Member=Component C213 Multilayer Ceramic Capacitor
Added Member To Class: ClassName=PORT K Filter Capacitors Member=Component C218 Multilayer Ceramic Capacitor
Added Member To Class: ClassName=PORT K Filter Capacitors Member=Component C219 Multilayer Ceramic Capacitor
Added Member To Class: ClassName=PORT K Filter Capacitors Member=Component C220 Multilayer Ceramic Capacitor
Added Member To Class: ClassName=PORT K Filter Capacitors Member=Component C221 Multilayer Ceramic Capacitor
Added Member To Class: ClassName=PORT K Filter Capacitors Member=Component C222 Multilayer Ceramic Capacitor
Added Member To Class: ClassName=PORT K Filter Capacitors Member=Component C223 Multilayer Ceramic Capacitor
Added Member To Class: ClassName=PORT K Filter Capacitors Member=Component C224 Multilayer Ceramic Capacitor
Added Member To Class: ClassName=PORT K Filter Capacitors Member=Component C225 Multilayer Ceramic Capacitor
Added Member To Class: ClassName=PORT K Filter Capacitors Member=Component C226 Multilayer Ceramic Capacitor
Added Member To Class: ClassName=PORT K Filter Capacitors Member=Component C227 Multilayer Ceramic Capacitor
Added Member To Class: ClassName=PORT K Filter Capacitors Member=Component C228 Multilayer Ceramic Capacitor
Added Member To Class: ClassName=PORT K Filter Capacitors Member=Component C229 Multilayer Ceramic Capacitor
Added Member To Class: ClassName=PORT K Filter Capacitors Member=Component C230 Multilayer Ceramic Capacitor
Added Member To Class: ClassName=PORT K Filter Capacitors Member=Component C231 Multilayer Ceramic Capacitor
Added Member To Class: ClassName=PORT K Filter Capacitors Member=Component C232 Multilayer Ceramic Capacitor
Added Member To Class: ClassName=PORT K Filter Capacitors Member=Component C233 Multilayer Ceramic Capacitor
Added Member To Class: ClassName=PORT K Filter Capacitors Member=Component C234 Multilayer Ceramic Capacitor
Added Member To Class: ClassName=PORT K Filter Capacitors Member=Component C235 Multilayer Ceramic Capacitor
Added Member To Class: ClassName=PORT K Filter Capacitors Member=Component C236 Multilayer Ceramic Capacitor
Added Member To Class: ClassName=PORT K Filter Capacitors Member=Component C237 Multilayer Ceramic Capacitor
Added Member To Class: ClassName=PORT K Filter Capacitors Member=Component C238 Multilayer Ceramic Capacitor
Added Member To Class: ClassName=PORT K Filter Capacitors Member=Component C239 Multilayer Ceramic Capacitor
Added Member To Class: ClassName=PORT K Filter Capacitors Member=Component C240 Multilayer Ceramic Capacitor
Added Member To Class: ClassName=PORT K Filter Capacitors Member=Component C241 Multilayer Ceramic Capacitor
Added Member To Class: ClassName=PORT K Filter Capacitors Member=Component C242 Multilayer Ceramic Capacitor
Added Member To Class: ClassName=PORT K Filter Capacitors Member=Component C243 Multilayer Ceramic Capacitor
Added Member To Class: ClassName=PORT K Filter Capacitors Member=Component C244 Multilayer Ceramic Capacitor
Added Member To Class: ClassName=PORT K Filter Capacitors Member=Component C245 Multilayer Ceramic Capacitor
Added Member To Class: ClassName=PORT K Filter Capacitors Member=Component C246 Multilayer Ceramic Capacitor
Added Member To Class: ClassName=PORT K Filter Capacitors Member=Component C247 Multilayer Ceramic Capacitor
Added Member To Class: ClassName=PORT K Filter Capacitors Member=Component C248 Multilayer Ceramic Capacitor
Added Member To Class: ClassName=PORT K Filter Capacitors Member=Component C249 Multilayer Ceramic Capacitor
Added Member To Class: ClassName=PORT K Filter Capacitors Member=Component C250 Multilayer Ceramic Capacitor
Added Member To Class: ClassName=PORT K Filter Capacitors Member=Component C251 Multilayer Ceramic Capacitor
Added Member To Class: ClassName=PORT K Filter Capacitors Member=Component C252 Multilayer Ceramic Capacitor
Added Member To Class: ClassName=PORT K Filter Capacitors Member=Component C253 Multilayer Ceramic Capacitor
Added Member To Class: ClassName=PORT K Filter Capacitors Member=Component C254 Multilayer Ceramic Capacitor
Added Member To Class: ClassName=PORT K Filter Capacitors Member=Component C255 Multilayer Ceramic Capacitor
Added Member To Class: ClassName=PORT K Filter Capacitors Member=Component C256 Multilayer Ceramic Capacitor
Added Member To Class: ClassName=PORT K Filter Capacitors Member=Component C260 Multilayer Ceramic Capacitor
Added Member To Class: ClassName=PORT K Filter Capacitors Member=Component C261 Multilayer Ceramic Capacitor
Added Member To Class: ClassName=5V Buck Boost Converter Member=Component C268 Multilayer Ceramic Capacitor
Added Member To Class: ClassName=5V Buck Boost Converter Member=Component C269 Multilayer Ceramic Capacitor
Added Member To Class: ClassName=5V Buck Boost Converter Member=Component C271 Aluminium Organic Polymer Capacitors
Added Member To Class: ClassName=5V Buck Boost Converter Member=Component C272 Multilayer Ceramic Capacitor
Added Member To Class: ClassName=5V Buck Boost Converter Member=Component C273 Multilayer Ceramic Capacitor
Added Member To Class: ClassName=5V Buck Boost Converter Member=Component C274 Multilayer Ceramic Capacitor
Added Member To Class: ClassName=GE910QUAD Modem Member=Component L1 Fixed Inductor
Added Member To Class: ClassName=5V Buck Boost Converter Member=Component L4 Fixed Inductor
Added Member To Class: ClassName=GSM Power Switch & Filter Member=Component R1 Thick Film Resistor
Added Member To Class: ClassName=Signal Control Member=Component R9 Thick Film Resistor
Added Member To Class: ClassName=Signal Control Member=Component R10 Thick Film Resistor
Added Member To Class: ClassName=Signal Control Member=Component R11 Thick Film Resistor
Added Member To Class: ClassName=Voltage Translator Member=Component R12 Thick Film Resistor
Added Member To Class: ClassName=Voltage Translator Member=Component R13 Thick Film Resistor
Added Member To Class: ClassName=LED Indicators Member=Component R21 Thick Film Resistor
Added Member To Class: ClassName=LED Indicators Member=Component R22 Thick Film Resistor
Added Member To Class: ClassName=LED Indicators Member=Component R25 Thick Film Resistor
Added Member To Class: ClassName=LED Indicators Member=Component R26 Thick Film Resistor
Added Member To Class: ClassName=FOTA MicroController Power Trigger Member=Component R27 Thick Film Resistor
Added Member To Class: ClassName=FOTA MicroController Member=Component R33 Thick Film Resistor
Added Member To Class: ClassName=SD Card and Select Switch Member=Component R40 Thick Film Resistor
Added Member To Class: ClassName=SD Card and Select Switch Member=Component R41 Thick Film Resistor
Added Member To Class: ClassName=SD Card and Select Switch Member=Component R42 Thick Film Resistor
Added Member To Class: ClassName=LED Inducators Member=Component R46 Thick Film Resistor
Added Member To Class: ClassName=LED Inducators Member=Component R48 Thick Film Resistor
Added Member To Class: ClassName=I2C Multiplexer Member=Component R52 Thick Film Resistor
Added Member To Class: ClassName=I2C Multiplexer Member=Component R53 Thick Film Resistor
Added Member To Class: ClassName=I2C EEprom Member=Component R60 Thick Film Resistor
Added Member To Class: ClassName=I2C Analog Digital Converter Member=Component R62 Thick Film Resistor
Added Member To Class: ClassName=5V Buck Boost Converter Member=Component R67 Thick Film Resistor
Added Member To Class: ClassName=5V Buck Boost Converter Member=Component R68 Thick Film Resistor
Added Member To Class: ClassName=5V Buck Boost Converter Member=Component R70 Thick Film Resistor
Added Member To Class: ClassName=Main Power Switch Member=Component U2 Power Switch
Added Member To Class: ClassName=Voltage Translator Member=Component U6 Voltage Level Shifter
Added Member To Class: ClassName=Voltage Translator Member=Component U7 Voltage Level Shifter
Added Member To Class: ClassName=FOTA MicroController Power Trigger Member=Component U10 Power Switch
Added Member To Class: ClassName=FOTA MicroController Member=Component U11 8-bit MicroController
Added Member To Class: ClassName=Master MicroController Core Member=Component U15 8-bit MicroController
Added Member To Class: ClassName=I2C EEprom Member=Component U19 EEPROM
Added Member To Class: ClassName=5V Buck Boost Converter Member=Component U22 Buck-Boost Converter
