Removed Pin From Net: NetName=GND Pin=C95-1
Removed Pin From Net: NetName=PORT_A.PA7 Pin=C95-2
Removed Pin From Net: NetName=GND Pin=C96-1
Removed Pin From Net: NetName=PORT_A.PA6 Pin=C96-2
Removed Pin From Net: NetName=GND Pin=C97-1
Removed Pin From Net: NetName=PORT_A.PA5 Pin=C97-2
Removed Pin From Net: NetName=GND Pin=C98-1
Removed Pin From Net: NetName=PORT_A.PA4 Pin=C98-2
Removed Pin From Net: NetName=GND Pin=C99-1
Removed Pin From Net: NetName=PORT_A.PA3 Pin=C99-2
Removed Pin From Net: NetName=GND Pin=C100-1
Removed Pin From Net: NetName=PORT_A.PA2 Pin=C100-2
Removed Pin From Net: NetName=GND Pin=C101-1
Removed Pin From Net: NetName=PORT_A.PA1 Pin=C101-2
Removed Pin From Net: NetName=GND Pin=C102-1
Removed Pin From Net: NetName=PORT_A.PA0 Pin=C102-2
Removed Pin From Net: NetName=GND Pin=C103-1
Removed Pin From Net: NetName=PORT_C.PC7 Pin=C103-2
Removed Pin From Net: NetName=GND Pin=C104-1
Removed Pin From Net: NetName=PORT_C.PC6 Pin=C104-2
Removed Pin From Net: NetName=GND Pin=C105-1
Removed Pin From Net: NetName=PORT_C.PC5 Pin=C105-2
Removed Pin From Net: NetName=GND Pin=C106-1
Removed Pin From Net: NetName=PORT_C.PC4 Pin=C106-2
Removed Pin From Net: NetName=GND Pin=C107-1
Removed Pin From Net: NetName=PORT_C.PC3 Pin=C107-2
Removed Pin From Net: NetName=GND Pin=C108-1
Removed Pin From Net: NetName=PORT_C.PC2 Pin=C108-2
Removed Pin From Net: NetName=GND Pin=C109-1
Removed Pin From Net: NetName=PORT_C.PC1 Pin=C109-2
Removed Pin From Net: NetName=GND Pin=C110-1
Removed Pin From Net: NetName=PORT_C.PC0 Pin=C110-2
Removed Pin From Net: NetName=GND Pin=C111-1
Removed Pin From Net: NetName=PORT_F.PF7 Pin=C111-2
Removed Pin From Net: NetName=GND Pin=C112-1
Removed Pin From Net: NetName=PORT_F.PF6 Pin=C112-2
Removed Pin From Net: NetName=GND Pin=C113-1
Removed Pin From Net: NetName=PORT_F.PF5 Pin=C113-2
Removed Pin From Net: NetName=GND Pin=C114-1
Removed Pin From Net: NetName=PORT_F.PF4 Pin=C114-2
Removed Pin From Net: NetName=GND Pin=C115-1
Removed Pin From Net: NetName=PORT_F.PF3 Pin=C115-2
Removed Pin From Net: NetName=GND Pin=C116-1
Removed Pin From Net: NetName=PORT_F.PF2 Pin=C116-2
Removed Pin From Net: NetName=GND Pin=C117-1
Removed Pin From Net: NetName=PORT_F.PF1 Pin=C117-2
Removed Pin From Net: NetName=GND Pin=C118-1
Removed Pin From Net: NetName=PORT_F.PF0 Pin=C118-2
Removed Pin From Net: NetName=GND Pin=C119-1
Removed Pin From Net: NetName=PORT_K.PK7 Pin=C119-2
Removed Pin From Net: NetName=GND Pin=C120-1
Removed Pin From Net: NetName=PORT_K.PK6 Pin=C120-2
Removed Pin From Net: NetName=GND Pin=C121-1
Removed Pin From Net: NetName=PORT_K.PK5 Pin=C121-2
Removed Pin From Net: NetName=GND Pin=C122-1
Removed Pin From Net: NetName=PORT_K.PK4 Pin=C122-2
Removed Pin From Net: NetName=GND Pin=C123-1
Removed Pin From Net: NetName=PORT_K.PK3 Pin=C123-2
Removed Pin From Net: NetName=GND Pin=C124-1
Removed Pin From Net: NetName=PORT_K.PK2 Pin=C124-2
Removed Pin From Net: NetName=GND Pin=C125-1
Removed Pin From Net: NetName=PORT_K.PK1 Pin=C125-2
Removed Pin From Net: NetName=GND Pin=C126-1
Removed Pin From Net: NetName=PORT_K.PK0 Pin=C126-2
Removed Pin From Net: NetName=GND Pin=C127-1
Removed Pin From Net: NetName=PORT_L.PL7 Pin=C127-2
Removed Pin From Net: NetName=GND Pin=C128-1
Removed Pin From Net: NetName=PORT_L.PL6 Pin=C128-2
Removed Pin From Net: NetName=GND Pin=C129-1
Removed Pin From Net: NetName=PORT_L.PL5 Pin=C129-2
Removed Pin From Net: NetName=GND Pin=C130-1
Removed Pin From Net: NetName=PORT_L.PL4 Pin=C130-2
Removed Pin From Net: NetName=GND Pin=C131-1
Removed Pin From Net: NetName=PORT_L.PL3 Pin=C131-2
Removed Pin From Net: NetName=GND Pin=C132-1
Removed Pin From Net: NetName=PORT_L.PL2 Pin=C132-2
Removed Pin From Net: NetName=GND Pin=C133-1
Removed Pin From Net: NetName=PORT_L.PL1 Pin=C133-2
Removed Pin From Net: NetName=GND Pin=C134-1
Removed Pin From Net: NetName=PORT_L.PL0 Pin=C134-2
Change Component Designator: OldDesignator=C135 NewDesignator=C95
Change Component Designator: OldDesignator=C136 NewDesignator=C96
Change Component Designator: OldDesignator=C137 NewDesignator=C97
Change Component Designator: OldDesignator=C138 NewDesignator=C98
Change Component Designator: OldDesignator=C139 NewDesignator=C99
Change Component Designator: OldDesignator=C140 NewDesignator=C100
Change Component Designator: OldDesignator=C141 NewDesignator=C101
Change Component Designator: OldDesignator=C142 NewDesignator=C102
Change Component Designator: OldDesignator=C143 NewDesignator=C103
Change Component Designator: OldDesignator=C144 NewDesignator=C104
Change Component Designator: OldDesignator=C145 NewDesignator=C105
Change Component Designator: OldDesignator=C146 NewDesignator=C106
Change Component Designator: OldDesignator=C147 NewDesignator=C107
Change Component Designator: OldDesignator=C148 NewDesignator=C108
Change Component Designator: OldDesignator=C149 NewDesignator=C109
Change Component Designator: OldDesignator=C150 NewDesignator=C110
Change Component Designator: OldDesignator=C151 NewDesignator=C111
Change Component Designator: OldDesignator=C152 NewDesignator=C112
Change Component Designator: OldDesignator=C153 NewDesignator=C113
Change Component Designator: OldDesignator=C154 NewDesignator=C114
Change Component Designator: OldDesignator=C155 NewDesignator=C115
Change Component Designator: OldDesignator=C156 NewDesignator=C116
Change Component Designator: OldDesignator=C157 NewDesignator=C117
Change Component Designator: OldDesignator=C158 NewDesignator=C118
Change Component Designator: OldDesignator=C159 NewDesignator=C119
Change Component Designator: OldDesignator=C160 NewDesignator=C120
Change Component Designator: OldDesignator=C161 NewDesignator=C121
Change Component Designator: OldDesignator=C162 NewDesignator=C122
Change Component Designator: OldDesignator=C163 NewDesignator=C123
Change Component Designator: OldDesignator=C164 NewDesignator=C124
Change Component Designator: OldDesignator=C165 NewDesignator=C125
Change Component Designator: OldDesignator=C166 NewDesignator=C126
Change Component Designator: OldDesignator=C167 NewDesignator=C127
Change Component Designator: OldDesignator=C168 NewDesignator=C128
Change Component Designator: OldDesignator=C169 NewDesignator=C129
Change Component Designator: OldDesignator=C170 NewDesignator=C130
Change Component Designator: OldDesignator=C171 NewDesignator=C131
Change Component Designator: OldDesignator=C172 NewDesignator=C132
Change Component Designator: OldDesignator=C173 NewDesignator=C133
Change Component Designator: OldDesignator=C174 NewDesignator=C134
Change Component Designator: OldDesignator=C175 NewDesignator=C135
Change Component Designator: OldDesignator=C176 NewDesignator=C136
Change Component Designator: OldDesignator=C177 NewDesignator=C137
Change Component Designator: OldDesignator=C178 NewDesignator=C138
Change Component Designator: OldDesignator=C179 NewDesignator=C139
Change Component Designator: OldDesignator=C180 NewDesignator=C140
Change Component Designator: OldDesignator=C181 NewDesignator=C141
Change Component Designator: OldDesignator=C182 NewDesignator=C142
Change Component Designator: OldDesignator=C183 NewDesignator=C143
Change Component Designator: OldDesignator=C184 NewDesignator=C144
Change Component Designator: OldDesignator=C185 NewDesignator=C145
Change Component Designator: OldDesignator=C186 NewDesignator=C146
Change Component Designator: OldDesignator=C187 NewDesignator=C147
Change Component Designator: OldDesignator=C188 NewDesignator=C148
Change Component Designator: OldDesignator=C189 NewDesignator=C149
Change Component Designator: OldDesignator=C190 NewDesignator=C150
Change Component Designator: OldDesignator=C191 NewDesignator=C151
Change Component Designator: OldDesignator=C192 NewDesignator=C152
Change Component Designator: OldDesignator=C193 NewDesignator=C153
Change Component Designator: OldDesignator=C194 NewDesignator=C154
Change Component Designator: OldDesignator=C195 NewDesignator=C155
Change Component Designator: OldDesignator=C196 NewDesignator=C156
Change Component Designator: OldDesignator=C197 NewDesignator=C157
Change Component Designator: OldDesignator=C198 NewDesignator=C158
Change Component Designator: OldDesignator=C199 NewDesignator=C159
Change Component Designator: OldDesignator=C200 NewDesignator=C160
Change Component Designator: OldDesignator=C201 NewDesignator=C161
Change Component Designator: OldDesignator=C202 NewDesignator=C162
Change Component Designator: OldDesignator=C203 NewDesignator=C163
Change Component Designator: OldDesignator=C204 NewDesignator=C164
Change Component Designator: OldDesignator=C205 NewDesignator=C165
Change Component Designator: OldDesignator=C206 NewDesignator=C166
Change Component Designator: OldDesignator=C207 NewDesignator=C167
Change Component Designator: OldDesignator=C208 NewDesignator=C168
Change Component Designator: OldDesignator=C209 NewDesignator=C169
Change Component Designator: OldDesignator=C210 NewDesignator=C170
Change Component Designator: OldDesignator=C211 NewDesignator=C171
Change Component Designator: OldDesignator=C212 NewDesignator=C172
Change Component Designator: OldDesignator=C213 NewDesignator=C173
Change Component Designator: OldDesignator=C214 NewDesignator=C174
Change Component Designator: OldDesignator=C215 NewDesignator=C175
Change Component Designator: OldDesignator=C216 NewDesignator=C176
Change Component Designator: OldDesignator=C217 NewDesignator=C177
Change Component Designator: OldDesignator=C218 NewDesignator=C178
Change Component Designator: OldDesignator=C219 NewDesignator=C179
Change Component Designator: OldDesignator=C220 NewDesignator=C180
Change Component Designator: OldDesignator=C221 NewDesignator=C181
Change Component Designator: OldDesignator=C222 NewDesignator=C182
Change Component Designator: OldDesignator=C223 NewDesignator=C183
Change Component Designator: OldDesignator=C224 NewDesignator=C184
Change Component Designator: OldDesignator=C225 NewDesignator=C185
Change Component Designator: OldDesignator=C226 NewDesignator=C186
Change Component Designator: OldDesignator=C227 NewDesignator=C187
Change Component Designator: OldDesignator=C228 NewDesignator=C188
Change Component Designator: OldDesignator=C229 NewDesignator=C189
Change Component Designator: OldDesignator=C230 NewDesignator=C190
Change Component Designator: OldDesignator=C231 NewDesignator=C191
Change Component Designator: OldDesignator=C232 NewDesignator=C192
Change Component Designator: OldDesignator=C233 NewDesignator=C193
Change Component Designator: OldDesignator=C234 NewDesignator=C194
Change Component Designator: OldDesignator=C235 NewDesignator=C195
Change Component Designator: OldDesignator=C236 NewDesignator=C196
Change Component Designator: OldDesignator=C237 NewDesignator=C197
Change Component Designator: OldDesignator=C238 NewDesignator=C198
Change Component Designator: OldDesignator=C239 NewDesignator=C199
Change Component Designator: OldDesignator=C240 NewDesignator=C200
Change Component Designator: OldDesignator=C241 NewDesignator=C201
Change Component Designator: OldDesignator=C242 NewDesignator=C202
Change Component Designator: OldDesignator=C243 NewDesignator=C203
Change Component Designator: OldDesignator=C244 NewDesignator=C204
Change Component Designator: OldDesignator=C245 NewDesignator=C205
Change Component Designator: OldDesignator=C246 NewDesignator=C206
Change Component Designator: OldDesignator=C247 NewDesignator=C207
Change Component Designator: OldDesignator=C248 NewDesignator=C208
Change Component Designator: OldDesignator=C249 NewDesignator=C209
Change Component Designator: OldDesignator=C250 NewDesignator=C210
Change Component Designator: OldDesignator=C251 NewDesignator=C211
Change Component Designator: OldDesignator=C252 NewDesignator=C212
Change Component Designator: OldDesignator=C253 NewDesignator=C213
Change Component Designator: OldDesignator=C254 NewDesignator=C214
Change Component Designator: OldDesignator=C255 NewDesignator=C215
Change Component Designator: OldDesignator=C256 NewDesignator=C216
Change Component Designator: OldDesignator=C257 NewDesignator=C217
Change Component Designator: OldDesignator=C258 NewDesignator=C218
Change Component Designator: OldDesignator=C259 NewDesignator=C219
Change Component Designator: OldDesignator=C260 NewDesignator=C220
Change Component Designator: OldDesignator=C261 NewDesignator=C221
Change Component Designator: OldDesignator=C262 NewDesignator=C222
Change Component Designator: OldDesignator=C263 NewDesignator=C223
Change Component Designator: OldDesignator=C264 NewDesignator=C224
Change Component Designator: OldDesignator=C265 NewDesignator=C225
Change Component Designator: OldDesignator=C266 NewDesignator=C226
Change Component Designator: OldDesignator=C267 NewDesignator=C227
Change Component Designator: OldDesignator=C268 NewDesignator=C228
Change Component Designator: OldDesignator=C269 NewDesignator=C229
Change Component Designator: OldDesignator=C270 NewDesignator=C230
Change Component Designator: OldDesignator=C271 NewDesignator=C231
Change Component Designator: OldDesignator=C272 NewDesignator=C232
Change Component Designator: OldDesignator=C273 NewDesignator=C233
Change Component Designator: OldDesignator=C274 NewDesignator=C234
Change component parameters: Designator = "R58" ("R58"); Footprint = "RESISTOR_0402"; UniqueID = "\IKIEZWXB\KRBFJUXC\SVILTSBK" ("\IKIEZWXB\KRBFJUXC\SVILTSBK")
Change component parameters: Designator = "R59" ("R59"); Footprint = "RESISTOR_0402"; UniqueID = "\IKIEZWXB\KRBFJUXC\UGICCLXM" ("\IKIEZWXB\KRBFJUXC\UGICCLXM")
Change component parameters: Designator = "C175" ("C175"); Footprint = "CAPACITOR_0402"; UniqueID = "\IKIEZWXB\KRBFJUXC\IYEADZJW" ("\IKIEZWXB\KRBFJUXC\IYEADZJW")
Change component parameters: Designator = "U18" ("U18"); Footprint = "SOT-23-5"; UniqueID = "\IKIEZWXB\KRBFJUXC\JAYSZIMQ" ("\IKIEZWXB\KRBFJUXC\JAYSZIMQ")
Change Net Name : Old Net Name=NetC136_1 New Net Name=NetC96_1
Change Net Name : Old Net Name=NetC139_1 New Net Name=NetC99_1
Change Net Name : Old Net Name=NetC141_1 New Net Name=NetC101_1
Change Net Name : Old Net Name=NetC174_1 New Net Name=NetC134_1
Change Net Name : Old Net Name=NetC256_2 New Net Name=NetC216_2
Change Net Name : Old Net Name=NetC257_2 New Net Name=NetC217_2
Change Net Name : Old Net Name=NetC258_2 New Net Name=NetC218_2
Change Net Name : Old Net Name=NetC259_2 New Net Name=NetC219_2
Added Class: Name=3V3 LDO Regulator
Added Class: Name=3V8 Buck Boost Converter
Added Class: Name=5V Buck Boost Converter
Added Class: Name=ADC Sensor Filter Capacitors
Added Class: Name=Buzzer
Added Class: Name=FOTA Burn Buffer
Added Class: Name=FOTA Digital ICSP Filter Capacitors
Added Class: Name=FOTA ICSP Filter Capacitors
Added Class: Name=FOTA MicroController Power Trigger
Added Class: Name=FOTA MicroController
Added Class: Name=GE910QUAD Modem
Added Class: Name=GSM Power Switch & Filter
Added Class: Name=I2C Analog Digital Converter
Added Class: Name=I2C EEprom
Added Class: Name=I2C Filter Capacitors
Added Class: Name=I2C Multiplexer
Added Class: Name=I2C Real Time Clock
Added Class: Name=I2C Serial ID EEprom
Added Class: Name=IoT UART Filter Capacitors
Added Class: Name=LED Indicators
Added Class: Name=LED Inducators
Added Class: Name=Main Power Switch
Added Class: Name=Master ICSP Filter Capacitors
Added Class: Name=Master MicroController Core
Added Class: Name=PORT A Filter Capacitors
Added Class: Name=PORT C Filter Capacitors
Added Class: Name=PORT F Filter Capacitors
Added Class: Name=PORT K Filter Capacitors
Added Class: Name=PORT L Filter Capacitors
Added Class: Name=PORT Outputs
Added Class: Name=SD Card and Select Switch
Added Class: Name=Serial Communication Filter Capacitors
Added Class: Name=Signal Control
Added Class: Name=Signal IoT Filter Capacitors
Added Class: Name=SIM Signal Filter Capacitors
Added Class: Name=Voltage Translator
Added Class: Name=C1_Nets
Added Class: Name=C2_Nets
Added Class: Name=C3_Nets
Added Class: Name=C4_Nets
Added Class: Name=C5_Nets
Added Class: Name=C6_Nets
Added Class: Name=C7_Nets
Added Class: Name=C8_Nets
Added Class: Name=C9_Nets
Added Class: Name=C10_Nets
Added Class: Name=C11_Nets
Added Class: Name=C12_Nets
Added Class: Name=C13_Nets
Added Class: Name=C14_Nets
Added Class: Name=C15_Nets
Added Class: Name=C16_Nets
Added Class: Name=C17_Nets
Added Class: Name=C18_Nets
Added Class: Name=C19_Nets
Added Class: Name=C20_Nets
Added Class: Name=C21_Nets
Added Class: Name=C22_Nets
Added Class: Name=C23_Nets
Added Class: Name=C24_Nets
Added Class: Name=C25_Nets
Added Class: Name=C26_Nets
Added Class: Name=C27_Nets
Added Class: Name=C28_Nets
Added Class: Name=C29_Nets
Added Class: Name=C30_Nets
Added Class: Name=C31_Nets
Added Class: Name=C32_Nets
Added Class: Name=C33_Nets
Added Class: Name=C34_Nets
Added Class: Name=C35_Nets
Added Class: Name=C36_Nets
Added Class: Name=C37_Nets
Added Class: Name=C38_Nets
Added Class: Name=C39_Nets
Added Class: Name=C40_Nets
Added Class: Name=C41_Nets
Added Class: Name=C42_Nets
Added Class: Name=C43_Nets
Added Class: Name=C44_Nets
Added Class: Name=C45_Nets
Added Class: Name=C46_Nets
Added Class: Name=C47_Nets
Added Class: Name=C48_Nets
Added Class: Name=C49_Nets
Added Class: Name=C50_Nets
Added Class: Name=C51_Nets
Added Class: Name=C52_Nets
Added Class: Name=C53_Nets
Added Class: Name=C54_Nets
Added Class: Name=C55_Nets
Added Class: Name=C56_Nets
Added Class: Name=C57_Nets
Added Class: Name=C58_Nets
Added Class: Name=C59_Nets
Added Class: Name=C60_Nets
Added Class: Name=C61_Nets
Added Class: Name=C62_Nets
Added Class: Name=C63_Nets
Added Class: Name=C64_Nets
Added Class: Name=C65_Nets
Added Class: Name=C66_Nets
Added Class: Name=C67_Nets
Added Class: Name=C68_Nets
Added Class: Name=C69_Nets
Added Class: Name=C70_Nets
Added Class: Name=C71_Nets
Added Class: Name=C72_Nets
Added Class: Name=C73_Nets
Added Class: Name=C74_Nets
Added Class: Name=C75_Nets
Added Class: Name=C76_Nets
Added Class: Name=C77_Nets
Added Class: Name=C78_Nets
Added Class: Name=C79_Nets
Added Class: Name=C80_Nets
Added Class: Name=C81_Nets
Added Class: Name=C82_Nets
Added Class: Name=C83_Nets
Added Class: Name=C84_Nets
Added Class: Name=C85_Nets
Added Class: Name=C86_Nets
Added Class: Name=C87_Nets
Added Class: Name=C88_Nets
Added Class: Name=C89_Nets
Added Class: Name=C90_Nets
Added Class: Name=C91_Nets
Added Class: Name=C92_Nets
Added Class: Name=C93_Nets
Added Class: Name=C94_Nets
Added Class: Name=C95_Nets
Added Class: Name=C96_Nets
Added Class: Name=C97_Nets
Added Class: Name=C98_Nets
Added Class: Name=C99_Nets
Added Class: Name=C100_Nets
Added Class: Name=C101_Nets
Added Class: Name=C102_Nets
Added Class: Name=C103_Nets
Added Class: Name=C104_Nets
Added Class: Name=C105_Nets
Added Class: Name=C106_Nets
Added Class: Name=C107_Nets
Added Class: Name=C108_Nets
Added Class: Name=C109_Nets
Added Class: Name=C110_Nets
Added Class: Name=C111_Nets
Added Class: Name=C112_Nets
Added Class: Name=C113_Nets
Added Class: Name=C114_Nets
Added Class: Name=C115_Nets
Added Class: Name=C116_Nets
Added Class: Name=C117_Nets
Added Class: Name=C118_Nets
Added Class: Name=C119_Nets
Added Class: Name=C120_Nets
Added Class: Name=C121_Nets
Added Class: Name=C122_Nets
Added Class: Name=C123_Nets
Added Class: Name=C124_Nets
Added Class: Name=C125_Nets
Added Class: Name=C126_Nets
Added Class: Name=C127_Nets
Added Class: Name=C128_Nets
Added Class: Name=C129_Nets
Added Class: Name=C130_Nets
Added Class: Name=C131_Nets
Added Class: Name=C132_Nets
Added Class: Name=C133_Nets
Added Class: Name=C134_Nets
Added Class: Name=C135_Nets
Added Class: Name=C136_Nets
Added Class: Name=C137_Nets
Added Class: Name=C138_Nets
Added Class: Name=C139_Nets
Added Class: Name=C140_Nets
Added Class: Name=C141_Nets
Added Class: Name=C142_Nets
Added Class: Name=C143_Nets
Added Class: Name=C144_Nets
Added Class: Name=C145_Nets
Added Class: Name=C146_Nets
Added Class: Name=C147_Nets
Added Class: Name=C148_Nets
Added Class: Name=C149_Nets
Added Class: Name=C150_Nets
Added Class: Name=C151_Nets
Added Class: Name=C152_Nets
Added Class: Name=C153_Nets
Added Class: Name=C154_Nets
Added Class: Name=C155_Nets
Added Class: Name=C156_Nets
Added Class: Name=C157_Nets
Added Class: Name=C158_Nets
Added Class: Name=C159_Nets
Added Class: Name=C160_Nets
Added Class: Name=C161_Nets
Added Class: Name=C162_Nets
Added Class: Name=C163_Nets
Added Class: Name=C164_Nets
Added Class: Name=C165_Nets
Added Class: Name=C166_Nets
Added Class: Name=C167_Nets
Added Class: Name=C168_Nets
Added Class: Name=C169_Nets
Added Class: Name=C170_Nets
Added Class: Name=C171_Nets
Added Class: Name=C172_Nets
Added Class: Name=C173_Nets
Added Class: Name=C174_Nets
Added Class: Name=C175_Nets
Added Class: Name=C176_Nets
Added Class: Name=C177_Nets
Added Class: Name=C178_Nets
Added Class: Name=C179_Nets
Added Class: Name=C180_Nets
Added Class: Name=C181_Nets
Added Class: Name=C182_Nets
Added Class: Name=C183_Nets
Added Class: Name=C184_Nets
Added Class: Name=C185_Nets
Added Class: Name=C186_Nets
Added Class: Name=C187_Nets
Added Class: Name=C188_Nets
Added Class: Name=C189_Nets
Added Class: Name=C190_Nets
Added Class: Name=C191_Nets
Added Class: Name=C192_Nets
Added Class: Name=C193_Nets
Added Class: Name=C194_Nets
Added Class: Name=C195_Nets
Added Class: Name=C196_Nets
Added Class: Name=C197_Nets
Added Class: Name=C198_Nets
Added Class: Name=C199_Nets
Added Class: Name=C200_Nets
Added Class: Name=C201_Nets
Added Class: Name=C202_Nets
Added Class: Name=C203_Nets
Added Class: Name=C204_Nets
Added Class: Name=C205_Nets
Added Class: Name=C206_Nets
Added Class: Name=C207_Nets
Added Class: Name=C208_Nets
Added Class: Name=C209_Nets
Added Class: Name=C210_Nets
Added Class: Name=C211_Nets
Added Class: Name=C212_Nets
Added Class: Name=C213_Nets
Added Class: Name=C214_Nets
Added Class: Name=C215_Nets
Added Class: Name=C216_Nets
Added Class: Name=C217_Nets
Added Class: Name=C218_Nets
Added Class: Name=C219_Nets
Added Class: Name=C220_Nets
Added Class: Name=C221_Nets
Added Class: Name=C222_Nets
Added Class: Name=C223_Nets
Added Class: Name=C224_Nets
Added Class: Name=C225_Nets
Added Class: Name=C226_Nets
Added Class: Name=C227_Nets
Added Class: Name=C228_Nets
Added Class: Name=C229_Nets
Added Class: Name=C230_Nets
Added Class: Name=C231_Nets
Added Class: Name=C232_Nets
Added Class: Name=C233_Nets
Added Class: Name=C234_Nets
Added Class: Name=D1_Nets
Added Class: Name=D2_Nets
Added Class: Name=D3_Nets
Added Class: Name=D4_Nets
Added Class: Name=FB1_Nets
Added Class: Name=FB2_Nets
Added Class: Name=J1_Nets
Added Class: Name=J2_Nets
Added Class: Name=J3_Nets
Added Class: Name=L1_Nets
Added Class: Name=L2_Nets
Added Class: Name=L3_Nets
Added Class: Name=L4_Nets
Added Class: Name=PZ1_Nets
Added Class: Name=Q1_Nets
Added Class: Name=Q2_Nets
Added Class: Name=Q3_Nets
Added Class: Name=Q4_Nets
Added Class: Name=Q5_Nets
Added Class: Name=Q6_Nets
Added Class: Name=Q7_Nets
Added Class: Name=Q8_Nets
Added Class: Name=Q9_Nets
Added Class: Name=Q10_Nets
Added Class: Name=Q11_Nets
Added Class: Name=Q12_Nets
Added Class: Name=Q13_Nets
Added Class: Name=R1_Nets
Added Class: Name=R2_Nets
Added Class: Name=R3_Nets
Added Class: Name=R4_Nets
Added Class: Name=R5_Nets
Added Class: Name=R6_Nets
Added Class: Name=R7_Nets
Added Class: Name=R8_Nets
Added Class: Name=R9_Nets
Added Class: Name=R10_Nets
Added Class: Name=R11_Nets
Added Class: Name=R12_Nets
Added Class: Name=R13_Nets
Added Class: Name=R14_Nets
Added Class: Name=R15_Nets
Added Class: Name=R16_Nets
Added Class: Name=R17_Nets
Added Class: Name=R18_Nets
Added Class: Name=R19_Nets
Added Class: Name=R20_Nets
Added Class: Name=R21_Nets
Added Class: Name=R22_Nets
Added Class: Name=R23_Nets
Added Class: Name=R24_Nets
Added Class: Name=R25_Nets
Added Class: Name=R26_Nets
Added Class: Name=R27_Nets
Added Class: Name=R28_Nets
Added Class: Name=R29_Nets
Added Class: Name=R30_Nets
Added Class: Name=R31_Nets
Added Class: Name=R32_Nets
Added Class: Name=R33_Nets
Added Class: Name=R34_Nets
Added Class: Name=R35_Nets
Added Class: Name=R36_Nets
Added Class: Name=R37_Nets
Added Class: Name=R38_Nets
Added Class: Name=R39_Nets
Added Class: Name=R40_Nets
Added Class: Name=R41_Nets
Added Class: Name=R42_Nets
Added Class: Name=R43_Nets
Added Class: Name=R44_Nets
Added Class: Name=R45_Nets
Added Class: Name=R46_Nets
Added Class: Name=R47_Nets
Added Class: Name=R48_Nets
Added Class: Name=R49_Nets
Added Class: Name=R50_Nets
Added Class: Name=R51_Nets
Added Class: Name=R52_Nets
Added Class: Name=R53_Nets
Added Class: Name=R54_Nets
Added Class: Name=R55_Nets
Added Class: Name=R56_Nets
Added Class: Name=R57_Nets
Added Class: Name=R58_Nets
Added Class: Name=R59_Nets
Added Class: Name=R60_Nets
Added Class: Name=R61_Nets
Added Class: Name=R62_Nets
Added Class: Name=R63_Nets
Added Class: Name=R64_Nets
Added Class: Name=R65_Nets
Added Class: Name=R66_Nets
Added Class: Name=R67_Nets
Added Class: Name=R68_Nets
Added Class: Name=R69_Nets
Added Class: Name=R70_Nets
Added Class: Name=RF1_Nets
Added Class: Name=TP1_Nets
Added Class: Name=TP2_Nets
Added Class: Name=TP3_Nets
Added Class: Name=TP4_Nets
Added Class: Name=TP5_Nets
Added Class: Name=U1_Nets
Added Class: Name=U2_Nets
Added Class: Name=U3_Nets
Added Class: Name=U4_Nets
Added Class: Name=U5_Nets
Added Class: Name=U6_Nets
Added Class: Name=U7_Nets
Added Class: Name=U8_Nets
Added Class: Name=U9_Nets
Added Class: Name=U10_Nets
Added Class: Name=U11_Nets
Added Class: Name=U12_Nets
Added Class: Name=U13_Nets
Added Class: Name=U14_Nets
Added Class: Name=U15_Nets
Added Class: Name=U16_Nets
Added Class: Name=U17_Nets
Added Class: Name=U18_Nets
Added Class: Name=U19_Nets
Added Class: Name=U20_Nets
Added Class: Name=U21_Nets
Added Class: Name=U22_Nets
Added Class: Name=X1_Nets
Added Class: Name=X2_Nets
