Added Class: Name=C1_Nets
Added Class: Name=C2_Nets
Added Class: Name=C3_Nets
Added Class: Name=C4_Nets
Added Class: Name=C5_Nets
Added Class: Name=C6_Nets
Added Class: Name=C7_Nets
Added Class: Name=C8_Nets
Added Class: Name=C9_Nets
Added Class: Name=C10_Nets
Added Class: Name=C11_Nets
Added Class: Name=C12_Nets
Added Class: Name=C13_Nets
Added Class: Name=C14_Nets
Added Class: Name=C15_Nets
Added Class: Name=C16_Nets
Added Class: Name=C17_Nets
Added Class: Name=C18_Nets
Added Class: Name=C19_Nets
Added Class: Name=C20_Nets
Added Class: Name=C21_Nets
Added Class: Name=C22_Nets
Added Class: Name=C23_Nets
Added Class: Name=C24_Nets
Added Class: Name=C25_Nets
Added Class: Name=C26_Nets
Added Class: Name=C27_Nets
Added Class: Name=C28_Nets
Added Class: Name=C29_Nets
Added Class: Name=C30_Nets
Added Class: Name=C31_Nets
Added Class: Name=C32_Nets
Added Class: Name=C33_Nets
Added Class: Name=C34_Nets
Added Class: Name=C35_Nets
Added Class: Name=C36_Nets
Added Class: Name=C37_Nets
Added Class: Name=C38_Nets
Added Class: Name=C39_Nets
Added Class: Name=C40_Nets
Added Class: Name=C41_Nets
Added Class: Name=C42_Nets
Added Class: Name=C43_Nets
Added Class: Name=C44_Nets
Added Class: Name=C45_Nets
Added Class: Name=C46_Nets
Added Class: Name=C47_Nets
Added Class: Name=C48_Nets
Added Class: Name=C49_Nets
Added Class: Name=C50_Nets
Added Class: Name=C51_Nets
Added Class: Name=C52_Nets
Added Class: Name=C53_Nets
Added Class: Name=C54_Nets
Added Class: Name=C55_Nets
Added Class: Name=C56_Nets
Added Class: Name=C57_Nets
Added Class: Name=C58_Nets
Added Class: Name=C59_Nets
Added Class: Name=C60_Nets
Added Class: Name=C61_Nets
Added Class: Name=C62_Nets
Added Class: Name=C63_Nets
Added Class: Name=C64_Nets
Added Class: Name=C65_Nets
Added Class: Name=C66_Nets
Added Class: Name=C67_Nets
Added Class: Name=C68_Nets
Added Class: Name=C69_Nets
Added Class: Name=C70_Nets
Added Class: Name=C71_Nets
Added Class: Name=C72_Nets
Added Class: Name=C73_Nets
Added Class: Name=C74_Nets
Added Class: Name=C75_Nets
Added Class: Name=C76_Nets
Added Class: Name=C77_Nets
Added Class: Name=C78_Nets
Added Class: Name=C79_Nets
Added Class: Name=C80_Nets
Added Class: Name=C81_Nets
Added Class: Name=C82_Nets
Added Class: Name=C83_Nets
Added Class: Name=C84_Nets
Added Class: Name=C85_Nets
Added Class: Name=C86_Nets
Added Class: Name=C87_Nets
Added Class: Name=C88_Nets
Added Class: Name=C89_Nets
Added Class: Name=C90_Nets
Added Class: Name=C91_Nets
Added Class: Name=C92_Nets
Added Class: Name=C93_Nets
Added Class: Name=C94_Nets
Added Class: Name=C95_Nets
Added Class: Name=C96_Nets
Added Class: Name=C97_Nets
Added Class: Name=C98_Nets
Added Class: Name=C99_Nets
Added Class: Name=C100_Nets
Added Class: Name=C101_Nets
Added Class: Name=C102_Nets
Added Class: Name=C103_Nets
Added Class: Name=C104_Nets
Added Class: Name=C105_Nets
Added Class: Name=C106_Nets
Added Class: Name=C107_Nets
Added Class: Name=C108_Nets
Added Class: Name=C109_Nets
Added Class: Name=C110_Nets
Added Class: Name=C111_Nets
Added Class: Name=C112_Nets
Added Class: Name=C113_Nets
Added Class: Name=C114_Nets
Added Class: Name=C115_Nets
Added Class: Name=C116_Nets
Added Class: Name=C117_Nets
Added Class: Name=C118_Nets
Added Class: Name=C119_Nets
Added Class: Name=C120_Nets
Added Class: Name=C121_Nets
Added Class: Name=C122_Nets
Added Class: Name=C123_Nets
Added Class: Name=C124_Nets
Added Class: Name=C125_Nets
Added Class: Name=C126_Nets
Added Class: Name=C127_Nets
Added Class: Name=C128_Nets
Added Class: Name=C129_Nets
Added Class: Name=C130_Nets
Added Class: Name=C131_Nets
Added Class: Name=C132_Nets
Added Class: Name=C133_Nets
Added Class: Name=C134_Nets
Added Class: Name=C135_Nets
Added Class: Name=C136_Nets
Added Class: Name=C137_Nets
Added Class: Name=C138_Nets
Added Class: Name=C139_Nets
Added Class: Name=C140_Nets
Added Class: Name=C141_Nets
Added Class: Name=C142_Nets
Added Class: Name=C143_Nets
Added Class: Name=C144_Nets
Added Class: Name=C145_Nets
Added Class: Name=C146_Nets
Added Class: Name=C147_Nets
Added Class: Name=C148_Nets
Added Class: Name=C149_Nets
Added Class: Name=C150_Nets
Added Class: Name=C151_Nets
Added Class: Name=C152_Nets
Added Class: Name=C153_Nets
Added Class: Name=C154_Nets
Added Class: Name=C155_Nets
Added Class: Name=C156_Nets
Added Class: Name=C157_Nets
Added Class: Name=C158_Nets
Added Class: Name=C159_Nets
Added Class: Name=C160_Nets
Added Class: Name=C161_Nets
Added Class: Name=C162_Nets
Added Class: Name=C163_Nets
Added Class: Name=C164_Nets
Added Class: Name=C165_Nets
Added Class: Name=C166_Nets
Added Class: Name=C167_Nets
Added Class: Name=C168_Nets
Added Class: Name=C169_Nets
Added Class: Name=C170_Nets
Added Class: Name=C171_Nets
Added Class: Name=C172_Nets
Added Class: Name=C173_Nets
Added Class: Name=C174_Nets
Added Class: Name=C175_Nets
Added Class: Name=C176_Nets
Added Class: Name=C177_Nets
Added Class: Name=C178_Nets
Added Class: Name=C179_Nets
Added Class: Name=C180_Nets
Added Class: Name=C181_Nets
Added Class: Name=C182_Nets
Added Class: Name=C183_Nets
Added Class: Name=C184_Nets
Added Class: Name=C185_Nets
Added Class: Name=C186_Nets
Added Class: Name=C187_Nets
Added Class: Name=C188_Nets
Added Class: Name=C189_Nets
Added Class: Name=C190_Nets
Added Class: Name=C191_Nets
Added Class: Name=C192_Nets
Added Class: Name=C193_Nets
Added Class: Name=C194_Nets
Added Class: Name=C195_Nets
Added Class: Name=C196_Nets
Added Class: Name=C197_Nets
Added Class: Name=C198_Nets
Added Class: Name=C199_Nets
Added Class: Name=C200_Nets
Added Class: Name=C201_Nets
Added Class: Name=C202_Nets
Added Class: Name=C203_Nets
Added Class: Name=C204_Nets
Added Class: Name=C205_Nets
Added Class: Name=C206_Nets
Added Class: Name=C207_Nets
Added Class: Name=C208_Nets
Added Class: Name=C209_Nets
Added Class: Name=C210_Nets
Added Class: Name=C211_Nets
Added Class: Name=C212_Nets
Added Class: Name=C213_Nets
Added Class: Name=C214_Nets
Added Class: Name=C215_Nets
Added Class: Name=C216_Nets
Added Class: Name=C217_Nets
Added Class: Name=C218_Nets
Added Class: Name=C219_Nets
Added Class: Name=C220_Nets
Added Class: Name=C221_Nets
Added Class: Name=C222_Nets
Added Class: Name=C223_Nets
Added Class: Name=C224_Nets
Added Class: Name=C225_Nets
Added Class: Name=C226_Nets
Added Class: Name=C227_Nets
Added Class: Name=C228_Nets
Added Class: Name=C229_Nets
Added Class: Name=C230_Nets
Added Class: Name=C231_Nets
Added Class: Name=C232_Nets
Added Class: Name=C233_Nets
Added Class: Name=C234_Nets
Added Class: Name=C235_Nets
Added Class: Name=C236_Nets
Added Class: Name=C237_Nets
Added Class: Name=C238_Nets
Added Class: Name=C239_Nets
Added Class: Name=C240_Nets
Added Class: Name=C241_Nets
Added Class: Name=C242_Nets
Added Class: Name=C243_Nets
Added Class: Name=C244_Nets
Added Class: Name=C245_Nets
Added Class: Name=C246_Nets
Added Class: Name=C247_Nets
Added Class: Name=C248_Nets
Added Class: Name=C249_Nets
Added Class: Name=C250_Nets
Added Class: Name=C251_Nets
Added Class: Name=C252_Nets
Added Class: Name=C253_Nets
Added Class: Name=C254_Nets
Added Class: Name=C255_Nets
Added Class: Name=C256_Nets
Added Class: Name=C257_Nets
Added Class: Name=C258_Nets
Added Class: Name=C259_Nets
Added Class: Name=C260_Nets
Added Class: Name=C261_Nets
Added Class: Name=C262_Nets
Added Class: Name=C263_Nets
Added Class: Name=C264_Nets
Added Class: Name=C265_Nets
Added Class: Name=C266_Nets
Added Class: Name=C267_Nets
Added Class: Name=C268_Nets
Added Class: Name=C269_Nets
Added Class: Name=C270_Nets
Added Class: Name=C271_Nets
Added Class: Name=C272_Nets
Added Class: Name=C273_Nets
Added Class: Name=C274_Nets
Added Class: Name=D1_Nets
Added Class: Name=D2_Nets
Added Class: Name=D3_Nets
Added Class: Name=D4_Nets
Added Class: Name=FB1_Nets
Added Class: Name=FB2_Nets
Added Class: Name=J1_Nets
Added Class: Name=J2_Nets
Added Class: Name=J3_Nets
Added Class: Name=L1_Nets
Added Class: Name=L2_Nets
Added Class: Name=L3_Nets
Added Class: Name=L4_Nets
Added Class: Name=PZ1_Nets
Added Class: Name=Q1_Nets
Added Class: Name=Q2_Nets
Added Class: Name=Q3_Nets
Added Class: Name=Q4_Nets
Added Class: Name=Q5_Nets
Added Class: Name=Q6_Nets
Added Class: Name=Q7_Nets
Added Class: Name=Q8_Nets
Added Class: Name=Q9_Nets
Added Class: Name=Q10_Nets
Added Class: Name=Q11_Nets
Added Class: Name=Q12_Nets
Added Class: Name=Q13_Nets
Added Class: Name=R1_Nets
Added Class: Name=R2_Nets
Added Class: Name=R3_Nets
Added Class: Name=R4_Nets
Added Class: Name=R5_Nets
Added Class: Name=R6_Nets
Added Class: Name=R7_Nets
Added Class: Name=R8_Nets
Added Class: Name=R9_Nets
Added Class: Name=R10_Nets
Added Class: Name=R11_Nets
Added Class: Name=R12_Nets
Added Class: Name=R13_Nets
Added Class: Name=R14_Nets
Added Class: Name=R15_Nets
Added Class: Name=R16_Nets
Added Class: Name=R17_Nets
Added Class: Name=R18_Nets
Added Class: Name=R19_Nets
Added Class: Name=R20_Nets
Added Class: Name=R21_Nets
Added Class: Name=R22_Nets
Added Class: Name=R23_Nets
Added Class: Name=R24_Nets
Added Class: Name=R25_Nets
Added Class: Name=R26_Nets
Added Class: Name=R27_Nets
Added Class: Name=R28_Nets
Added Class: Name=R29_Nets
Added Class: Name=R30_Nets
Added Class: Name=R31_Nets
Added Class: Name=R32_Nets
Added Class: Name=R33_Nets
Added Class: Name=R34_Nets
Added Class: Name=R35_Nets
Added Class: Name=R36_Nets
Added Class: Name=R37_Nets
Added Class: Name=R38_Nets
Added Class: Name=R39_Nets
Added Class: Name=R40_Nets
Added Class: Name=R41_Nets
Added Class: Name=R42_Nets
Added Class: Name=R43_Nets
Added Class: Name=R44_Nets
Added Class: Name=R45_Nets
Added Class: Name=R46_Nets
Added Class: Name=R47_Nets
Added Class: Name=R48_Nets
Added Class: Name=R49_Nets
Added Class: Name=R50_Nets
Added Class: Name=R51_Nets
Added Class: Name=R52_Nets
Added Class: Name=R53_Nets
Added Class: Name=R54_Nets
Added Class: Name=R55_Nets
Added Class: Name=R56_Nets
Added Class: Name=R57_Nets
Added Class: Name=R58_Nets
Added Class: Name=R59_Nets
Added Class: Name=R60_Nets
Added Class: Name=R61_Nets
Added Class: Name=R62_Nets
Added Class: Name=R63_Nets
Added Class: Name=R64_Nets
Added Class: Name=R65_Nets
Added Class: Name=R66_Nets
Added Class: Name=R67_Nets
Added Class: Name=R68_Nets
Added Class: Name=R69_Nets
Added Class: Name=R70_Nets
Added Class: Name=RF1_Nets
Added Class: Name=TP1_Nets
Added Class: Name=TP2_Nets
Added Class: Name=TP3_Nets
Added Class: Name=TP4_Nets
Added Class: Name=TP5_Nets
Added Class: Name=U1_Nets
Added Class: Name=U2_Nets
Added Class: Name=U3_Nets
Added Class: Name=U4_Nets
Added Class: Name=U5_Nets
Added Class: Name=U6_Nets
Added Class: Name=U7_Nets
Added Class: Name=U8_Nets
Added Class: Name=U9_Nets
Added Class: Name=U10_Nets
Added Class: Name=U11_Nets
Added Class: Name=U12_Nets
Added Class: Name=U13_Nets
Added Class: Name=U14_Nets
Added Class: Name=U15_Nets
Added Class: Name=U16_Nets
Added Class: Name=U17_Nets
Added Class: Name=U18_Nets
Added Class: Name=U19_Nets
Added Class: Name=U20_Nets
Added Class: Name=U21_Nets
Added Class: Name=U22_Nets
Added Class: Name=X1_Nets
Added Class: Name=X2_Nets
Change Rule Scope 1 : Old Scope=InNet('ANTENNA_SOCKET') New Scope=InNetClass('R7_Nets')
Change Rule Scope 1 : Old Scope=InNet('ANTENNA_SOCKET') New Scope=InNetClass('R7_Nets')
Change Rule Scope 1 : Old Scope=InNet('ANTENNA_SOCKET') New Scope=InNetClass('R7_Nets')
