Change component parameters: Designator = "J2" ("J2"); Footprint = "SAMTEC-FTSH-130-01-X-DV"; UniqueID = "\XRSFMZZR\LKMTHWTM\GITZPKGE" ("\XRSFMZZR\LKMTHWTM\GITZPKGE")
Change component parameters (AddParameter): Name = "ComponentLink1Description"; Value = "DataSheet"; VariantName = "[No Variations]"
Change component parameters (AddParameter): Name = "ComponentLink1URL"; Value = "https://www.mouser.com.tr/datasheet/2/527/ftsh_smt-1316912.pdf"; VariantName = "[No Variations]"
Change component parameters (AddParameter): Name = "ComponentLink2Description"; Value = "Mouser"; VariantName = "[No Variations]"
Change component parameters (AddParameter): Name = "ComponentLink2URL"; Value = "https://www.mouser.com.tr/ProductDetail/Samtec/FTSH-130-01-F-DV/?qs=0lQeLiL1qyaY5IDZ3XEJJA%3D%3D"; VariantName = "[No Variations]"
Change component parameters (AddParameter): Name = "Manufacturer Name"; Value = "Samtec"; VariantName = "[No Variations]"
Change component parameters (AddParameter): Name = "Manufacturer Part Number"; Value = "FTSH-130-01-F-DV"; VariantName = "[No Variations]"
Change component parameters (AddParameter): Name = "Mouser Part Number"; Value = "200-FTSH13001FDV"; VariantName = "[No Variations]"
Change component parameters (AddParameter): Name = "Pitch"; Value = "1.27 mm"; VariantName = "[No Variations]"
Change component parameters (AddParameter): Name = "Position"; Value = "60"; VariantName = "[No Variations]"
Change component parameters (AddParameter): Name = "ROHS"; Value = "Yes"; VariantName = "[No Variations]"
Change component parameters (AddParameter): Name = "Row"; Value = "2"; VariantName = "[No Variations]"
Change component parameters (AddParameter): Name = "Supplier 1"; Value = "Mouser"; VariantName = "[No Variations]"
Change component parameters (AddParameter): Name = "Supplier Part Number 1"; Value = "200-FTSH13001FDV"; VariantName = "[No Variations]"
Change component parameters (AddParameter): Name = "System"; Value = "Connector"; VariantName = "[No Variations]"
Change component parameters: Designator = "J3" ("J3"); Footprint = "SAMTEC-FTSH-130-01-X-DV"; UniqueID = "\XRSFMZZR\LKMTHWTM\PPANFHSG" ("\XRSFMZZR\LKMTHWTM\PPANFHSG")
Change component parameters (AddParameter): Name = "ComponentLink1Description"; Value = "DataSheet"; VariantName = "[No Variations]"
Change component parameters (AddParameter): Name = "ComponentLink1URL"; Value = "https://www.mouser.com.tr/datasheet/2/527/ftsh_smt-1316912.pdf"; VariantName = "[No Variations]"
Change component parameters (AddParameter): Name = "ComponentLink2Description"; Value = "Mouser"; VariantName = "[No Variations]"
Change component parameters (AddParameter): Name = "ComponentLink2URL"; Value = "https://www.mouser.com.tr/ProductDetail/Samtec/FTSH-130-01-F-DV/?qs=0lQeLiL1qyaY5IDZ3XEJJA%3D%3D"; VariantName = "[No Variations]"
Change component parameters (AddParameter): Name = "Manufacturer Name"; Value = "Samtec"; VariantName = "[No Variations]"
Change component parameters (AddParameter): Name = "Manufacturer Part Number"; Value = "FTSH-130-01-F-DV"; VariantName = "[No Variations]"
Change component parameters (AddParameter): Name = "Mouser Part Number"; Value = "200-FTSH13001FDV"; VariantName = "[No Variations]"
Change component parameters (AddParameter): Name = "Pitch"; Value = "1.27 mm"; VariantName = "[No Variations]"
Change component parameters (AddParameter): Name = "Position"; Value = "60"; VariantName = "[No Variations]"
Change component parameters (AddParameter): Name = "ROHS"; Value = "Yes"; VariantName = "[No Variations]"
Change component parameters (AddParameter): Name = "Row"; Value = "2"; VariantName = "[No Variations]"
Change component parameters (AddParameter): Name = "Supplier 1"; Value = "Mouser"; VariantName = "[No Variations]"
Change component parameters (AddParameter): Name = "Supplier Part Number 1"; Value = "200-FTSH13001FDV"; VariantName = "[No Variations]"
Change component parameters (AddParameter): Name = "System"; Value = "Connector"; VariantName = "[No Variations]"
