Removed Member From Class: ClassName=Serial Communication Filter Capacitors Member=C135
Removed Member From Class: ClassName=3V8 Buck Boost Converter Member=C143
Removed Member From Class: ClassName=PORT A Filter Capacitors Member=C146
Removed Member From Class: ClassName=PORT A Filter Capacitors Member=C148
Removed Member From Class: ClassName=5V Buck Boost Converter Member=C150
Removed Member From Class: ClassName=FOTA Digital ICSP Filter Capacitors Member=C150
Removed Member From Class: ClassName=5V Buck Boost Converter Member=C152
Removed Member From Class: ClassName=FOTA Digital ICSP Filter Capacitors Member=C152
Removed Member From Class: ClassName=FOTA Digital ICSP Filter Capacitors Member=C153
Removed Member From Class: ClassName=5V Buck Boost Converter Member=C154
Removed Member From Class: ClassName=IoT UART Filter Capacitors Member=C159
Removed Member From Class: ClassName=IoT UART Filter Capacitors Member=C161
Removed Member From Class: ClassName=PORT F Filter Capacitors Member=C163
Removed Member From Class: ClassName=PORT F Filter Capacitors Member=C165
Removed Member From Class: ClassName=PORT F Filter Capacitors Member=C166
Removed Member From Class: ClassName=Serial Communication Filter Capacitors Member=C170
Removed Member From Class: ClassName=Serial Communication Filter Capacitors Member=C171
Removed Member From Class: ClassName=I2C Filter Capacitors Member=C180
Removed Member From Class: ClassName=I2C Filter Capacitors Member=C181
Removed Member From Class: ClassName=5V Buck Boost Converter Member=C188
Removed Member From Class: ClassName=5V Buck Boost Converter Member=C189
Removed Member From Class: ClassName=5V Buck Boost Converter Member=C191
Removed Member From Class: ClassName=5V Buck Boost Converter Member=C193
Removed Member From Class: ClassName=3V8 Buck Boost Converter Member=L3
Removed Member From Class: ClassName=3V8 Buck Boost Converter Member=R64
Removed Member From Class: ClassName=3V8 Buck Boost Converter Member=R65
Removed Member From Class: ClassName=3V8 Buck Boost Converter Member=R66
Removed Member From Class: ClassName=3V8 Buck Boost Converter Member=U21
Change component parameters: Designator = "R58" ("R58"); Footprint = "RESISTOR_0402"; UniqueID = "\IKIEZWXB\KRBFJUXC\SVILTSBK" ("\IKIEZWXB\KRBFJUXC\SVILTSBK")
Change component parameters (AddParameter): Name = "Case"; Value = "0402"; VariantName = "[No Variations]"
Change component parameters (AddParameter): Name = "ComponentLink1Description"; Value = "DataSheet"; VariantName = "[No Variations]"
Change component parameters (AddParameter): Name = "ComponentLink1URL"; Value = "https://www.mouser.com.tr/datasheet/2/427/dcrcwe3-1762152.pdf"; VariantName = "[No Variations]"
Change component parameters (AddParameter): Name = "ComponentLink2Description"; Value = "Mouser"; VariantName = "[No Variations]"
Change component parameters (AddParameter): Name = "ComponentLink2URL"; Value = "https://www.mouser.com.tr/ProductDetail/Vishay-Dale/CRCW040210K0FKED?qs=sGAEpiMZZMu61qfTUdNhG2DpbjADlD3GcalbOv9utCY%3D"; VariantName = "[No Variations]"
Change component parameters (AddParameter): Name = "Height"; Value = "0.4mm"; VariantName = "[No Variations]"
Change component parameters (AddParameter): Name = "Manufacturer Name"; Value = "Vishay"; VariantName = "[No Variations]"
Change component parameters (AddParameter): Name = "Manufacturer Part Number"; Value = "CRCW040210K0FKED"; VariantName = "[No Variations]"
Change component parameters (AddParameter): Name = "Mouser Part Number"; Value = "71-CRCW0402-10K-E3"; VariantName = "[No Variations]"
Change component parameters (AddParameter): Name = "Supplier 1"; Value = "Mouser"; VariantName = "[No Variations]"
Change component parameters (AddParameter): Name = "Supplier 2"; Value = "Digi-Key"; VariantName = "[No Variations]"
Change component parameters (AddParameter): Name = "Supplier Part Number 1"; Value = "71-CRCW040210K0FKEDH"; VariantName = "[No Variations]"
Change component parameters (AddParameter): Name = "Supplier Part Number 2"; Value = "541-10.0KYCT-ND"; VariantName = "[No Variations]"
Change component parameters (AddParameter): Name = "Tolerance"; Value = "%1"; VariantName = "[No Variations]"
Change component parameters (AddParameter): Name = "Value"; Value = "10K"; VariantName = "[No Variations]"
Change component parameters: Designator = "R59" ("R59"); Footprint = "RESISTOR_0402"; UniqueID = "\IKIEZWXB\KRBFJUXC\UGICCLXM" ("\IKIEZWXB\KRBFJUXC\UGICCLXM")
Change component parameters (AddParameter): Name = "Case"; Value = "0402"; VariantName = "[No Variations]"
Change component parameters (AddParameter): Name = "ComponentLink1Description"; Value = "DataSheet"; VariantName = "[No Variations]"
Change component parameters (AddParameter): Name = "ComponentLink1URL"; Value = "https://www.mouser.com.tr/datasheet/2/427/dcrcwe3-1762152.pdf"; VariantName = "[No Variations]"
Change component parameters (AddParameter): Name = "ComponentLink2Description"; Value = "Mouser"; VariantName = "[No Variations]"
Change component parameters (AddParameter): Name = "ComponentLink2URL"; Value = "https://www.mouser.com.tr/ProductDetail/Vishay-Dale/CRCW040210K0FKED?qs=sGAEpiMZZMu61qfTUdNhG2DpbjADlD3GcalbOv9utCY%3D"; VariantName = "[No Variations]"
Change component parameters (AddParameter): Name = "Height"; Value = "0.4mm"; VariantName = "[No Variations]"
Change component parameters (AddParameter): Name = "Manufacturer Name"; Value = "Vishay"; VariantName = "[No Variations]"
Change component parameters (AddParameter): Name = "Manufacturer Part Number"; Value = "CRCW040210K0FKED"; VariantName = "[No Variations]"
Change component parameters (AddParameter): Name = "Mouser Part Number"; Value = "71-CRCW0402-10K-E3"; VariantName = "[No Variations]"
Change component parameters (AddParameter): Name = "Supplier 1"; Value = "Mouser"; VariantName = "[No Variations]"
Change component parameters (AddParameter): Name = "Supplier 2"; Value = "Digi-Key"; VariantName = "[No Variations]"
Change component parameters (AddParameter): Name = "Supplier Part Number 1"; Value = "71-CRCW040210K0FKEDH"; VariantName = "[No Variations]"
Change component parameters (AddParameter): Name = "Supplier Part Number 2"; Value = "541-10.0KYCT-ND"; VariantName = "[No Variations]"
Change component parameters (AddParameter): Name = "Tolerance"; Value = "%1"; VariantName = "[No Variations]"
Change component parameters (AddParameter): Name = "Value"; Value = "10K"; VariantName = "[No Variations]"
Change component parameters: Designator = "C135" ("C135"); Footprint = "CAPACITOR_0402"; UniqueID = "\IKIEZWXB\KRBFJUXC\IYEADZJW" ("\IKIEZWXB\KRBFJUXC\IYEADZJW")
Change component parameters (AddParameter): Name = "Case"; Value = "0402"; VariantName = "[No Variations]"
Change component parameters (AddParameter): Name = "ComponentLink1Description"; Value = "Mouser"; VariantName = "[No Variations]"
Change component parameters (AddParameter): Name = "ComponentLink1URL"; Value = "https://www.mouser.com.tr/ProductDetail/AVX/04026D104KAT4A?qs=sGAEpiMZZMs0AnBnWHyRQPg4iYkCw7IMED%2F4kpqgf7w%3D"; VariantName = "[No Variations]"
Change component parameters (AddParameter): Name = "ComponentLink2Description"; Value = "DataSheet"; VariantName = "[No Variations]"
Change component parameters (AddParameter): Name = "ComponentLink2URL"; Value = "https://www.mouser.com.tr/datasheet/2/40/cx5r-776519.pdf"; VariantName = "[No Variations]"
Change component parameters (AddParameter): Name = "Dielectric"; Value = "X5R"; VariantName = "[No Variations]"
Change component parameters (AddParameter): Name = "Height"; Value = "0.25mm"; VariantName = "[No Variations]"
Change component parameters (AddParameter): Name = "Manufacturer Name"; Value = "AVX"; VariantName = "[No Variations]"
Change component parameters (AddParameter): Name = "Manufacturer Part Number"; Value = "04026D104KAT4A"; VariantName = "[No Variations]"
Change component parameters (AddParameter): Name = "Maximum Operating Temperature"; Value = "+85"; VariantName = "[No Variations]"
Change component parameters (AddParameter): Name = "Minimum Operating Temperature"; Value = "-55"; VariantName = "[No Variations]"
Change component parameters (AddParameter): Name = "Mouser Part Number"; Value = "581-04026D104KAT4A"; VariantName = "[No Variations]"
Change component parameters (AddParameter): Name = "ROHS"; Value = "Yes"; VariantName = "[No Variations]"
Change component parameters (AddParameter): Name = "Supplier 1"; Value = "Avnet"; VariantName = "[No Variations]"
Change component parameters (AddParameter): Name = "Supplier Part Number 1"; Value = "04026D104KAT4A"; VariantName = "[No Variations]"
Change component parameters (AddParameter): Name = "Tolerance"; Value = "%10"; VariantName = "[No Variations]"
Change component parameters (AddParameter): Name = "Value"; Value = "100nF"; VariantName = "[No Variations]"
Change component parameters (AddParameter): Name = "Voltage"; Value = "6V3"; VariantName = "[No Variations]"
Change component parameters: Designator = "U18" ("U18"); Footprint = "SOT-23-5"; UniqueID = "\IKIEZWXB\KRBFJUXC\JAYSZIMQ" ("\IKIEZWXB\KRBFJUXC\JAYSZIMQ")
Change component parameters (AddParameter): Name = "Case"; Value = "SOT-23-5"; VariantName = "[No Variations]"
Change component parameters (AddParameter): Name = "ComponentLink1Description"; Value = "DataSheet"; VariantName = "[No Variations]"
Change component parameters (AddParameter): Name = "ComponentLink1URL"; Value = "https://www.mouser.com.tr/datasheet/2/256/DS28CM00-1514106.pdf"; VariantName = "[No Variations]"
Change component parameters (AddParameter): Name = "ComponentLink2Description"; Value = "Mouser"; VariantName = "[No Variations]"
Change component parameters (AddParameter): Name = "ComponentLink2URL"; Value = "https://www.mouser.com.tr/ProductDetail/Maxim-Integrated/DS28CM00R-A00%2bT/?qs=0Y9aZN%252BMVCUcpogu0Fss%2Fg%3D%3D"; VariantName = "[No Variations]"
Change component parameters (AddParameter): Name = "Manufacturer_Name"; Value = "Maxim Integrated"; VariantName = "[No Variations]"
Change component parameters (AddParameter): Name = "Manufacturer_Part_Number"; Value = "DS28CM00R-A00+T"; VariantName = "[No Variations]"
Change component parameters (AddParameter): Name = "Mouser_Part_Number"; Value = "700-DS28CM00R-A00T"; VariantName = "[No Variations]"
Change component parameters (AddParameter): Name = "RoHS"; Value = "Yes"; VariantName = "[No Variations]"
Change component parameters (AddParameter): Name = "Supplier 1"; Value = "RSComponents"; VariantName = "[No Variations]"
Change component parameters (AddParameter): Name = "Supplier 2"; Value = "Mouser"; VariantName = "[No Variations]"
Change component parameters (AddParameter): Name = "Supplier 3"; Value = "Future Electronics"; VariantName = "[No Variations]"
Change component parameters (AddParameter): Name = "Supplier 4"; Value = "Farnell"; VariantName = "[No Variations]"
Change component parameters (AddParameter): Name = "Supplier 5"; Value = "Newark"; VariantName = "[No Variations]"
Change component parameters (AddParameter): Name = "Supplier 6"; Value = "Digi-Key"; VariantName = "[No Variations]"
Change component parameters (AddParameter): Name = "Supplier 7"; Value = "Digi-Key"; VariantName = "[No Variations]"
Change component parameters (AddParameter): Name = "Supplier 8"; Value = "Digi-Key"; VariantName = "[No Variations]"
Change component parameters (AddParameter): Name = "Supplier Part Number 1"; Value = "1904836"; VariantName = "[No Variations]"
Change component parameters (AddParameter): Name = "Supplier Part Number 2"; Value = "700-DS28CM00R-A00T"; VariantName = "[No Variations]"
Change component parameters (AddParameter): Name = "Supplier Part Number 3"; Value = "5092122"; VariantName = "[No Variations]"
Change component parameters (AddParameter): Name = "Supplier Part Number 4"; Value = "2514574"; VariantName = "[No Variations]"
Change component parameters (AddParameter): Name = "Supplier Part Number 5"; Value = "73Y1608"; VariantName = "[No Variations]"
Change component parameters (AddParameter): Name = "Supplier Part Number 6"; Value = "DS28CM00R-A00+TCT-ND"; VariantName = "[No Variations]"
Change component parameters (AddParameter): Name = "Supplier Part Number 7"; Value = "DS28CM00R-A00+TDKR-ND"; VariantName = "[No Variations]"
Change component parameters (AddParameter): Name = "Supplier Part Number 8"; Value = "DS28CM00R-A00+TTR-ND"; VariantName = "[No Variations]"
Change Net Color : Old Net Color=RGB(158, 161, 117) New Net Color=RGB(253, 131, 0)
Change Net Color : Old Net Color=RGB(158, 161, 117) New Net Color=RGB(253, 131, 0)
Change Net Color : Old Net Color=RGB(158, 161, 117) New Net Color=RGB(253, 131, 0)
Change Class Name : Old Net Name=3V8 Buck Boost Converter New Net Name=PORT A Filter Capacitors
Change Class Name : Old Net Name=ADC Sensor Filter Capacitors New Net Name=Signal IoT Filter Capacitors
Change Class Name : Old Net Name=IoT UART Filter Capacitors New Net Name=PORT C Filter Capacitors
Change Class Name : Old Net Name=PORT A Filter Capacitors New Net Name=PORT K Filter Capacitors
Change Class Name : Old Net Name=PORT F Filter Capacitors New Net Name=FOTA ICSP Filter Capacitors
Change Class Name : Old Net Name=Serial Communication Filter Capacitors New Net Name=SIM Signal Filter Capacitors
Added Class: Name=3V8 Buck Boost Converter
Added Class: Name=ADC Sensor Filter Capacitors
Added Class: Name=IoT UART Filter Capacitors
Added Class: Name=PORT F Filter Capacitors
Added Class: Name=Serial Communication Filter Capacitors
Added Member To Class: ClassName=LED Inducators Member=Component C95 Multilayer Ceramic Capacitor
Added Member To Class: ClassName=LED Inducators Member=Component C96 Multilayer Ceramic Capacitor
Added Member To Class: ClassName=LED Inducators Member=Component C97 Multilayer Ceramic Capacitor
Added Member To Class: ClassName=LED Inducators Member=Component C98 Multilayer Ceramic Capacitor
Added Member To Class: ClassName=LED Inducators Member=Component C99 Multilayer Ceramic Capacitor
Added Member To Class: ClassName=LED Inducators Member=Component C100 Multilayer Ceramic Capacitor
Added Member To Class: ClassName=LED Inducators Member=Component C101 Multilayer Ceramic Capacitor
Added Member To Class: ClassName=PORT Outputs Member=Component C102 Multilayer Ceramic Capacitor
Added Member To Class: ClassName=PORT Outputs Member=Component C103 Multilayer Ceramic Capacitor
Added Member To Class: ClassName=PORT Outputs Member=Component C104 Multilayer Ceramic Capacitor
Added Member To Class: ClassName=PORT Outputs Member=Component C105 Multilayer Ceramic Capacitor
Added Member To Class: ClassName=PORT Outputs Member=Component C106 Multilayer Ceramic Capacitor
Added Member To Class: ClassName=PORT Outputs Member=Component C107 Multilayer Ceramic Capacitor
Added Member To Class: ClassName=PORT Outputs Member=Component C108 Multilayer Ceramic Capacitor
Added Member To Class: ClassName=PORT Outputs Member=Component C109 Multilayer Ceramic Capacitor
Added Member To Class: ClassName=PORT Outputs Member=Component C110 Multilayer Ceramic Capacitor
Added Member To Class: ClassName=PORT Outputs Member=Component C111 Multilayer Ceramic Capacitor
Added Member To Class: ClassName=PORT Outputs Member=Component C112 Multilayer Ceramic Capacitor
Added Member To Class: ClassName=PORT Outputs Member=Component C113 Multilayer Ceramic Capacitor
Added Member To Class: ClassName=PORT Outputs Member=Component C114 Multilayer Ceramic Capacitor
Added Member To Class: ClassName=PORT Outputs Member=Component C115 Multilayer Ceramic Capacitor
Added Member To Class: ClassName=PORT Outputs Member=Component C116 Multilayer Ceramic Capacitor
Added Member To Class: ClassName=PORT Outputs Member=Component C117 Multilayer Ceramic Capacitor
Added Member To Class: ClassName=PORT Outputs Member=Component C118 Multilayer Ceramic Capacitor
Added Member To Class: ClassName=PORT Outputs Member=Component C119 Multilayer Ceramic Capacitor
Added Member To Class: ClassName=PORT Outputs Member=Component C120 Multilayer Ceramic Capacitor
Added Member To Class: ClassName=PORT Outputs Member=Component C121 Multilayer Ceramic Capacitor
Added Member To Class: ClassName=PORT Outputs Member=Component C122 Multilayer Ceramic Capacitor
Added Member To Class: ClassName=PORT Outputs Member=Component C123 Multilayer Ceramic Capacitor
Added Member To Class: ClassName=PORT Outputs Member=Component C124 Multilayer Ceramic Capacitor
Added Member To Class: ClassName=PORT Outputs Member=Component C125 Multilayer Ceramic Capacitor
Added Member To Class: ClassName=PORT Outputs Member=Component C126 Multilayer Ceramic Capacitor
Added Member To Class: ClassName=PORT Outputs Member=Component C127 Multilayer Ceramic Capacitor
Added Member To Class: ClassName=PORT Outputs Member=Component C128 Multilayer Ceramic Capacitor
Added Member To Class: ClassName=PORT Outputs Member=Component C129 Multilayer Ceramic Capacitor
Added Member To Class: ClassName=I2C Multiplexer Member=Component C130 Multilayer Ceramic Capacitor
Added Member To Class: ClassName=I2C Real Time Clock Member=Component C131 Multilayer Ceramic Capacitor
Added Member To Class: ClassName=I2C Real Time Clock Member=Component C132 Multilayer Ceramic Capacitor
Added Member To Class: ClassName=I2C Real Time Clock Member=Component C133 Multilayer Ceramic Capacitor
Added Member To Class: ClassName=I2C Real Time Clock Member=Component C134 Multilayer Ceramic Capacitor
Added Member To Class: ClassName=I2C Serial ID EEprom Member=Component C135 Multilayer Ceramic Capacitor
Added Member To Class: ClassName=I2C EEprom Member=Component C136 Multilayer Ceramic Capacitor
Added Member To Class: ClassName=I2C Analog Digital Converter Member=Component C137 Multilayer Ceramic Capacitor
Added Member To Class: ClassName=PORT K Filter Capacitors Member=Component C138 Multilayer Ceramic Capacitor
Added Member To Class: ClassName=PORT K Filter Capacitors Member=Component C139 Multilayer Ceramic Capacitor
Added Member To Class: ClassName=PORT K Filter Capacitors Member=Component C140 Multilayer Ceramic Capacitor
Added Member To Class: ClassName=PORT K Filter Capacitors Member=Component C141 Multilayer Ceramic Capacitor
Added Member To Class: ClassName=PORT K Filter Capacitors Member=Component C145 Multilayer Ceramic Capacitor
Added Member To Class: ClassName=Master ICSP Filter Capacitors Member=Component C146 Multilayer Ceramic Capacitor
Added Member To Class: ClassName=Master ICSP Filter Capacitors Member=Component C147 Multilayer Ceramic Capacitor
Added Member To Class: ClassName=Master ICSP Filter Capacitors Member=Component C148 Multilayer Ceramic Capacitor
Added Member To Class: ClassName=Master ICSP Filter Capacitors Member=Component C149 Multilayer Ceramic Capacitor
Added Member To Class: ClassName=Master ICSP Filter Capacitors Member=Component C150 Multilayer Ceramic Capacitor
Added Member To Class: ClassName=PORT C Filter Capacitors Member=Component C151 Multilayer Ceramic Capacitor
Added Member To Class: ClassName=PORT C Filter Capacitors Member=Component C152 Multilayer Ceramic Capacitor
Added Member To Class: ClassName=PORT C Filter Capacitors Member=Component C153 Multilayer Ceramic Capacitor
Added Member To Class: ClassName=PORT C Filter Capacitors Member=Component C157 Multilayer Ceramic Capacitor
Added Member To Class: ClassName=PORT L Filter Capacitors Member=Component C159 Multilayer Ceramic Capacitor
Added Member To Class: ClassName=PORT L Filter Capacitors Member=Component C160 Multilayer Ceramic Capacitor
Added Member To Class: ClassName=PORT L Filter Capacitors Member=Component C161 Multilayer Ceramic Capacitor
Added Member To Class: ClassName=PORT L Filter Capacitors Member=Component C162 Multilayer Ceramic Capacitor
Added Member To Class: ClassName=PORT L Filter Capacitors Member=Component C163 Multilayer Ceramic Capacitor
Added Member To Class: ClassName=PORT L Filter Capacitors Member=Component C164 Multilayer Ceramic Capacitor
Added Member To Class: ClassName=PORT L Filter Capacitors Member=Component C165 Multilayer Ceramic Capacitor
Added Member To Class: ClassName=PORT L Filter Capacitors Member=Component C166 Multilayer Ceramic Capacitor
Added Member To Class: ClassName=FOTA ICSP Filter Capacitors Member=Component C170 Multilayer Ceramic Capacitor
Added Member To Class: ClassName=FOTA ICSP Filter Capacitors Member=Component C171 Multilayer Ceramic Capacitor
Added Member To Class: ClassName=SIM Signal Filter Capacitors Member=Component C175 Multilayer Ceramic Capacitor
Added Member To Class: ClassName=Signal IoT Filter Capacitors Member=Component C180 Multilayer Ceramic Capacitor
Added Member To Class: ClassName=Signal IoT Filter Capacitors Member=Component C181 Multilayer Ceramic Capacitor
Added Member To Class: ClassName=PORT A Filter Capacitors Member=Component C183 Multilayer Ceramic Capacitor
Added Member To Class: ClassName=PORT A Filter Capacitors Member=Component C188 Multilayer Ceramic Capacitor
Added Member To Class: ClassName=PORT A Filter Capacitors Member=Component C189 Multilayer Ceramic Capacitor
Added Member To Class: ClassName=FOTA Digital ICSP Filter Capacitors Member=Component C190 Multilayer Ceramic Capacitor
Added Member To Class: ClassName=FOTA Digital ICSP Filter Capacitors Member=Component C191 Multilayer Ceramic Capacitor
Added Member To Class: ClassName=FOTA Digital ICSP Filter Capacitors Member=Component C192 Multilayer Ceramic Capacitor
Added Member To Class: ClassName=FOTA Digital ICSP Filter Capacitors Member=Component C193 Multilayer Ceramic Capacitor
Added Member To Class: ClassName=I2C Filter Capacitors Member=Component C220 Multilayer Ceramic Capacitor
Added Member To Class: ClassName=I2C Filter Capacitors Member=Component C221 Multilayer Ceramic Capacitor
Added Member To Class: ClassName=5V Buck Boost Converter Member=Component C228 Multilayer Ceramic Capacitor
Added Member To Class: ClassName=5V Buck Boost Converter Member=Component C229 Multilayer Ceramic Capacitor
Added Member To Class: ClassName=5V Buck Boost Converter Member=Component C230 Aluminium Organic Polymer Capacitors
Added Member To Class: ClassName=5V Buck Boost Converter Member=Component C231 Aluminium Organic Polymer Capacitors
Added Member To Class: ClassName=5V Buck Boost Converter Member=Component C232 Multilayer Ceramic Capacitor
Added Member To Class: ClassName=5V Buck Boost Converter Member=Component C233 Multilayer Ceramic Capacitor
Added Member To Class: ClassName=5V Buck Boost Converter Member=Component C234 Multilayer Ceramic Capacitor
