Replace Part C40 Capacitor - 1uF [0402-6V3] in C:\Altium Projects\B100\[AA]\Design Files\B100AA\Schematics\Bidirectional Voltage Translator.SchDoc with Capacitor - 1uF [0402-6V3] from Ovoo_Library.IntLib
Replace Part C41 Capacitor - 100nF [0402-6V3] in C:\Altium Projects\B100\[AA]\Design Files\B100AA\Schematics\Bidirectional Voltage Translator.SchDoc with Capacitor - 100nF [0402-6V3] from Ovoo_Library.IntLib
Replace Part C42 Capacitor - 100nF [0402-6V3] in C:\Altium Projects\B100\[AA]\Design Files\B100AA\Schematics\Bidirectional Voltage Translator.SchDoc with Capacitor - 100nF [0402-6V3] from Ovoo_Library.IntLib
Replace Part C43 Capacitor - 33pF [0402-6V3] in C:\Altium Projects\B100\[AA]\Design Files\B100AA\Schematics\Bidirectional Voltage Translator.SchDoc with Capacitor - 33pF [0402-6V3] from Ovoo_Library.IntLib
Replace Part C44 Capacitor - 33pF [0402-6V3] in C:\Altium Projects\B100\[AA]\Design Files\B100AA\Schematics\Bidirectional Voltage Translator.SchDoc with Capacitor - 33pF [0402-6V3] from Ovoo_Library.IntLib
Replace Part C45 Capacitor - 33pF [0402-6V3] in C:\Altium Projects\B100\[AA]\Design Files\B100AA\Schematics\Bidirectional Voltage Translator.SchDoc with Capacitor - 33pF [0402-6V3] from Ovoo_Library.IntLib
Replace Part C46 Capacitor - 1uF [0402-6V3] in C:\Altium Projects\B100\[AA]\Design Files\B100AA\Schematics\Bidirectional Voltage Translator.SchDoc with Capacitor - 1uF [0402-6V3] from Ovoo_Library.IntLib
Replace Part C47 Capacitor - 100nF [0402-6V3] in C:\Altium Projects\B100\[AA]\Design Files\B100AA\Schematics\Bidirectional Voltage Translator.SchDoc with Capacitor - 100nF [0402-6V3] from Ovoo_Library.IntLib
Replace Part C48 Capacitor - 100nF [0402-6V3] in C:\Altium Projects\B100\[AA]\Design Files\B100AA\Schematics\Bidirectional Voltage Translator.SchDoc with Capacitor - 100nF [0402-6V3] from Ovoo_Library.IntLib
Replace Part C49 Capacitor - 33pF [0402-6V3] in C:\Altium Projects\B100\[AA]\Design Files\B100AA\Schematics\Bidirectional Voltage Translator.SchDoc with Capacitor - 33pF [0402-6V3] from Ovoo_Library.IntLib
Replace Part C50 Capacitor - 33pF [0402-6V3] in C:\Altium Projects\B100\[AA]\Design Files\B100AA\Schematics\Bidirectional Voltage Translator.SchDoc with Capacitor - 33pF [0402-6V3] from Ovoo_Library.IntLib
Replace Part C51 Capacitor - 33pF [0402-6V3] in C:\Altium Projects\B100\[AA]\Design Files\B100AA\Schematics\Bidirectional Voltage Translator.SchDoc with Capacitor - 33pF [0402-6V3] from Ovoo_Library.IntLib
Replace Part C52 Capacitor - 33pF [0402-6V3] in C:\Altium Projects\B100\[AA]\Design Files\B100AA\Schematics\Bidirectional Voltage Translator.SchDoc with Capacitor - 33pF [0402-6V3] from Ovoo_Library.IntLib
Replace Part C53 Capacitor - 33pF [0402-6V3] in C:\Altium Projects\B100\[AA]\Design Files\B100AA\Schematics\Bidirectional Voltage Translator.SchDoc with Capacitor - 33pF [0402-6V3] from Ovoo_Library.IntLib
Replace Part C54 Capacitor - 33pF [0402-6V3] in C:\Altium Projects\B100\[AA]\Design Files\B100AA\Schematics\Bidirectional Voltage Translator.SchDoc with Capacitor - 33pF [0402-6V3] from Ovoo_Library.IntLib
Replace Part C55 Capacitor - 1uF [0402-6V3] in C:\Altium Projects\B100\[AA]\Design Files\B100AA\Schematics\Bidirectional Voltage Translator.SchDoc with Capacitor - 1uF [0402-6V3] from Ovoo_Library.IntLib
Replace Part C56 Capacitor - 100nF [0402-6V3] in C:\Altium Projects\B100\[AA]\Design Files\B100AA\Schematics\Bidirectional Voltage Translator.SchDoc with Capacitor - 100nF [0402-6V3] from Ovoo_Library.IntLib
Replace Part C57 Capacitor - 100nF [0402-6V3] in C:\Altium Projects\B100\[AA]\Design Files\B100AA\Schematics\Bidirectional Voltage Translator.SchDoc with Capacitor - 100nF [0402-6V3] from Ovoo_Library.IntLib
Replace Part C58 Capacitor - 33pF [0402-6V3] in C:\Altium Projects\B100\[AA]\Design Files\B100AA\Schematics\Bidirectional Voltage Translator.SchDoc with Capacitor - 33pF [0402-6V3] from Ovoo_Library.IntLib
Replace Part C59 Capacitor - 33pF [0402-6V3] in C:\Altium Projects\B100\[AA]\Design Files\B100AA\Schematics\Bidirectional Voltage Translator.SchDoc with Capacitor - 33pF [0402-6V3] from Ovoo_Library.IntLib
Replace Part C60 Capacitor - 33pF [0402-6V3] in C:\Altium Projects\B100\[AA]\Design Files\B100AA\Schematics\Bidirectional Voltage Translator.SchDoc with Capacitor - 33pF [0402-6V3] from Ovoo_Library.IntLib
Replace Part C61 Capacitor - 33pF [0402-6V3] in C:\Altium Projects\B100\[AA]\Design Files\B100AA\Schematics\Bidirectional Voltage Translator.SchDoc with Capacitor - 33pF [0402-6V3] from Ovoo_Library.IntLib
Replace Part C62 Capacitor - 33pF [0402-6V3] in C:\Altium Projects\B100\[AA]\Design Files\B100AA\Schematics\Bidirectional Voltage Translator.SchDoc with Capacitor - 33pF [0402-6V3] from Ovoo_Library.IntLib
Replace Part C63 Capacitor - 33pF [0402-6V3] in C:\Altium Projects\B100\[AA]\Design Files\B100AA\Schematics\Bidirectional Voltage Translator.SchDoc with Capacitor - 33pF [0402-6V3] from Ovoo_Library.IntLib
Replace Part C64 Capacitor - 33pF [0402-6V3] in C:\Altium Projects\B100\[AA]\Design Files\B100AA\Schematics\Bidirectional Voltage Translator.SchDoc with Capacitor - 33pF [0402-6V3] from Ovoo_Library.IntLib
Replace Part C65 Capacitor - 33pF [0402-6V3] in C:\Altium Projects\B100\[AA]\Design Files\B100AA\Schematics\Bidirectional Voltage Translator.SchDoc with Capacitor - 33pF [0402-6V3] from Ovoo_Library.IntLib
Replace Part R19 Resistor - 47K in C:\Altium Projects\B100\[AA]\Design Files\B100AA\Schematics\Bidirectional Voltage Translator.SchDoc with Resistor - 47K from Ovoo_Library.IntLib
Replace Part R20 Resistor - 47K in C:\Altium Projects\B100\[AA]\Design Files\B100AA\Schematics\Bidirectional Voltage Translator.SchDoc with Resistor - 47K from Ovoo_Library.IntLib
Replace Part R21 Resistor - 47K in C:\Altium Projects\B100\[AA]\Design Files\B100AA\Schematics\Bidirectional Voltage Translator.SchDoc with Resistor - 47K from Ovoo_Library.IntLib
Replace Part R22 Resistor - 47K in C:\Altium Projects\B100\[AA]\Design Files\B100AA\Schematics\Bidirectional Voltage Translator.SchDoc with Resistor - 47K from Ovoo_Library.IntLib
Replace Part R23 Resistor - 47K in C:\Altium Projects\B100\[AA]\Design Files\B100AA\Schematics\Bidirectional Voltage Translator.SchDoc with Resistor - 47K from Ovoo_Library.IntLib
Replace Part U8 IC - SN74AVCH4T245 in C:\Altium Projects\B100\[AA]\Design Files\B100AA\Schematics\Bidirectional Voltage Translator.SchDoc with IC - SN74AVCH4T245 from Ovoo_Library.IntLib
Replace Part U9 IC - SN74AVCH4T245 in C:\Altium Projects\B100\[AA]\Design Files\B100AA\Schematics\Bidirectional Voltage Translator.SchDoc with IC - SN74AVCH4T245 from Ovoo_Library.IntLib
Replace Part U10 IC - SN74AVCH4T245 in C:\Altium Projects\B100\[AA]\Design Files\B100AA\Schematics\Bidirectional Voltage Translator.SchDoc with IC - SN74AVCH4T245 from Ovoo_Library.IntLib
