Replace Part C27 Capacitor - 1uF [0402-6V3] in C:\Altium Projects\B100\[AA]\Design Files\B100AA\Schematics\Bidirectional Voltage Translator.SchDoc with Capacitor - 1uF [0402-6V3] from Ovoo_Library.IntLib
Replace Part C28 Capacitor - 100nF [0402-6V3] in C:\Altium Projects\B100\[AA]\Design Files\B100AA\Schematics\Bidirectional Voltage Translator.SchDoc with Capacitor - 100nF [0402-6V3] from Ovoo_Library.IntLib
Replace Part C29 Capacitor - 100nF [0402-6V3] in C:\Altium Projects\B100\[AA]\Design Files\B100AA\Schematics\Bidirectional Voltage Translator.SchDoc with Capacitor - 100nF [0402-6V3] from Ovoo_Library.IntLib
Replace Part C30 Capacitor - 33pF [0402-6V3] in C:\Altium Projects\B100\[AA]\Design Files\B100AA\Schematics\Bidirectional Voltage Translator.SchDoc with Capacitor - 33pF [0402-6V3] from Ovoo_Library.IntLib
Replace Part C31 Capacitor - 33pF [0402-6V3] in C:\Altium Projects\B100\[AA]\Design Files\B100AA\Schematics\Bidirectional Voltage Translator.SchDoc with Capacitor - 33pF [0402-6V3] from Ovoo_Library.IntLib
Replace Part C32 Capacitor - 33pF [0402-6V3] in C:\Altium Projects\B100\[AA]\Design Files\B100AA\Schematics\Bidirectional Voltage Translator.SchDoc with Capacitor - 33pF [0402-6V3] from Ovoo_Library.IntLib
Replace Part C33 Capacitor - 1uF [0402-6V3] in C:\Altium Projects\B100\[AA]\Design Files\B100AA\Schematics\Bidirectional Voltage Translator.SchDoc with Capacitor - 1uF [0402-6V3] from Ovoo_Library.IntLib
Replace Part C34 Capacitor - 100nF [0402-6V3] in C:\Altium Projects\B100\[AA]\Design Files\B100AA\Schematics\Bidirectional Voltage Translator.SchDoc with Capacitor - 100nF [0402-6V3] from Ovoo_Library.IntLib
Replace Part C35 Capacitor - 100nF [0402-6V3] in C:\Altium Projects\B100\[AA]\Design Files\B100AA\Schematics\Bidirectional Voltage Translator.SchDoc with Capacitor - 100nF [0402-6V3] from Ovoo_Library.IntLib
Replace Part C36 Capacitor - 33pF [0402-6V3] in C:\Altium Projects\B100\[AA]\Design Files\B100AA\Schematics\Bidirectional Voltage Translator.SchDoc with Capacitor - 33pF [0402-6V3] from Ovoo_Library.IntLib
Replace Part C37 Capacitor - 33pF [0402-6V3] in C:\Altium Projects\B100\[AA]\Design Files\B100AA\Schematics\Bidirectional Voltage Translator.SchDoc with Capacitor - 33pF [0402-6V3] from Ovoo_Library.IntLib
Replace Part C38 Capacitor - 33pF [0402-6V3] in C:\Altium Projects\B100\[AA]\Design Files\B100AA\Schematics\Bidirectional Voltage Translator.SchDoc with Capacitor - 33pF [0402-6V3] from Ovoo_Library.IntLib
Replace Part C39 Capacitor - 33pF [0402-6V3] in C:\Altium Projects\B100\[AA]\Design Files\B100AA\Schematics\Bidirectional Voltage Translator.SchDoc with Capacitor - 33pF [0402-6V3] from Ovoo_Library.IntLib
Replace Part C40 Capacitor - 33pF [0402-6V3] in C:\Altium Projects\B100\[AA]\Design Files\B100AA\Schematics\Bidirectional Voltage Translator.SchDoc with Capacitor - 33pF [0402-6V3] from Ovoo_Library.IntLib
Replace Part C41 Capacitor - 33pF [0402-6V3] in C:\Altium Projects\B100\[AA]\Design Files\B100AA\Schematics\Bidirectional Voltage Translator.SchDoc with Capacitor - 33pF [0402-6V3] from Ovoo_Library.IntLib
Replace Part C42 Capacitor - 1uF [0402-6V3] in C:\Altium Projects\B100\[AA]\Design Files\B100AA\Schematics\Bidirectional Voltage Translator.SchDoc with Capacitor - 1uF [0402-6V3] from Ovoo_Library.IntLib
Replace Part C43 Capacitor - 100nF [0402-6V3] in C:\Altium Projects\B100\[AA]\Design Files\B100AA\Schematics\Bidirectional Voltage Translator.SchDoc with Capacitor - 100nF [0402-6V3] from Ovoo_Library.IntLib
Replace Part C44 Capacitor - 100nF [0402-6V3] in C:\Altium Projects\B100\[AA]\Design Files\B100AA\Schematics\Bidirectional Voltage Translator.SchDoc with Capacitor - 100nF [0402-6V3] from Ovoo_Library.IntLib
Replace Part C45 Capacitor - 33pF [0402-6V3] in C:\Altium Projects\B100\[AA]\Design Files\B100AA\Schematics\Bidirectional Voltage Translator.SchDoc with Capacitor - 33pF [0402-6V3] from Ovoo_Library.IntLib
Replace Part C46 Capacitor - 33pF [0402-6V3] in C:\Altium Projects\B100\[AA]\Design Files\B100AA\Schematics\Bidirectional Voltage Translator.SchDoc with Capacitor - 33pF [0402-6V3] from Ovoo_Library.IntLib
Replace Part C47 Capacitor - 33pF [0402-6V3] in C:\Altium Projects\B100\[AA]\Design Files\B100AA\Schematics\Bidirectional Voltage Translator.SchDoc with Capacitor - 33pF [0402-6V3] from Ovoo_Library.IntLib
Replace Part C48 Capacitor - 33pF [0402-6V3] in C:\Altium Projects\B100\[AA]\Design Files\B100AA\Schematics\Bidirectional Voltage Translator.SchDoc with Capacitor - 33pF [0402-6V3] from Ovoo_Library.IntLib
Replace Part C49 Capacitor - 33pF [0402-6V3] in C:\Altium Projects\B100\[AA]\Design Files\B100AA\Schematics\Bidirectional Voltage Translator.SchDoc with Capacitor - 33pF [0402-6V3] from Ovoo_Library.IntLib
Replace Part C50 Capacitor - 33pF [0402-6V3] in C:\Altium Projects\B100\[AA]\Design Files\B100AA\Schematics\Bidirectional Voltage Translator.SchDoc with Capacitor - 33pF [0402-6V3] from Ovoo_Library.IntLib
Replace Part C51 Capacitor - 33pF [0402-6V3] in C:\Altium Projects\B100\[AA]\Design Files\B100AA\Schematics\Bidirectional Voltage Translator.SchDoc with Capacitor - 33pF [0402-6V3] from Ovoo_Library.IntLib
Replace Part C52 Capacitor - 33pF [0402-6V3] in C:\Altium Projects\B100\[AA]\Design Files\B100AA\Schematics\Bidirectional Voltage Translator.SchDoc with Capacitor - 33pF [0402-6V3] from Ovoo_Library.IntLib
Replace Part R12 Resistor - 47K in C:\Altium Projects\B100\[AA]\Design Files\B100AA\Schematics\Bidirectional Voltage Translator.SchDoc with Resistor - 47K from Ovoo_Library.IntLib
Replace Part R13 Resistor - 47K in C:\Altium Projects\B100\[AA]\Design Files\B100AA\Schematics\Bidirectional Voltage Translator.SchDoc with Resistor - 47K from Ovoo_Library.IntLib
Replace Part R14 Resistor - 47K in C:\Altium Projects\B100\[AA]\Design Files\B100AA\Schematics\Bidirectional Voltage Translator.SchDoc with Resistor - 47K from Ovoo_Library.IntLib
Replace Part R15 Resistor - 47K in C:\Altium Projects\B100\[AA]\Design Files\B100AA\Schematics\Bidirectional Voltage Translator.SchDoc with Resistor - 47K from Ovoo_Library.IntLib
Replace Part R16 Resistor - 47K in C:\Altium Projects\B100\[AA]\Design Files\B100AA\Schematics\Bidirectional Voltage Translator.SchDoc with Resistor - 47K from Ovoo_Library.IntLib
Replace Part U6 IC - SN74AVCH4T245 in C:\Altium Projects\B100\[AA]\Design Files\B100AA\Schematics\Bidirectional Voltage Translator.SchDoc with IC - SN74AVCH4T245 from Ovoo_Library.IntLib
Replace Part U7 IC - SN74AVCH4T245 in C:\Altium Projects\B100\[AA]\Design Files\B100AA\Schematics\Bidirectional Voltage Translator.SchDoc with IC - SN74AVCH4T245 from Ovoo_Library.IntLib
Replace Part U8 IC - SN74AVCH4T245 in C:\Altium Projects\B100\[AA]\Design Files\B100AA\Schematics\Bidirectional Voltage Translator.SchDoc with IC - SN74AVCH4T245 from Ovoo_Library.IntLib
