Replace Part C77 Capacitor - 100nF [0402-6V3] in C:\Altium Projects\B100\[AA]\Design Files\B100AA\Schematics\FOTA MicroController.SchDoc with Capacitor - 100nF [0402-6V3] from Ovoo_Library.IntLib
Replace Part C78 Capacitor - 100nF [0402-6V3] in C:\Altium Projects\B100\[AA]\Design Files\B100AA\Schematics\FOTA MicroController.SchDoc with Capacitor - 100nF [0402-6V3] from Ovoo_Library.IntLib
Replace Part C79 Capacitor - 100nF [0402-6V3] in C:\Altium Projects\B100\[AA]\Design Files\B100AA\Schematics\FOTA MicroController.SchDoc with Capacitor - 100nF [0402-6V3] from Ovoo_Library.IntLib
Replace Part C80 Capacitor - 33pF [0402-6V3] in C:\Altium Projects\B100\[AA]\Design Files\B100AA\Schematics\FOTA MicroController.SchDoc with Capacitor - 33pF [0402-6V3] from Ovoo_Library.IntLib
Replace Part C81 Capacitor - 33pF [0402-6V3] in C:\Altium Projects\B100\[AA]\Design Files\B100AA\Schematics\FOTA MicroController.SchDoc with Capacitor - 33pF [0402-6V3] from Ovoo_Library.IntLib
Replace Part C82 Capacitor - 33pF [0402-6V3] in C:\Altium Projects\B100\[AA]\Design Files\B100AA\Schematics\FOTA MicroController.SchDoc with Capacitor - 33pF [0402-6V3] from Ovoo_Library.IntLib
Replace Part C83 Capacitor - 33pF [0402-6V3] in C:\Altium Projects\B100\[AA]\Design Files\B100AA\Schematics\FOTA MicroController.SchDoc with Capacitor - 33pF [0402-6V3] from Ovoo_Library.IntLib
Replace Part C84 Capacitor - 33pF [0402-6V3] in C:\Altium Projects\B100\[AA]\Design Files\B100AA\Schematics\FOTA MicroController.SchDoc with Capacitor - 33pF [0402-6V3] from Ovoo_Library.IntLib
Replace Part C85 Capacitor - 33pF [0402-6V3] in C:\Altium Projects\B100\[AA]\Design Files\B100AA\Schematics\FOTA MicroController.SchDoc with Capacitor - 33pF [0402-6V3] from Ovoo_Library.IntLib
Replace Part C86 Capacitor - 33pF [0402-6V3] in C:\Altium Projects\B100\[AA]\Design Files\B100AA\Schematics\FOTA MicroController.SchDoc with Capacitor - 33pF [0402-6V3] from Ovoo_Library.IntLib
Replace Part C87 Capacitor - 13pF [0402-50V] in C:\Altium Projects\B100\[AA]\Design Files\B100AA\Schematics\FOTA MicroController.SchDoc with Capacitor - 13pF [0402-50V] from Ovoo_Library.IntLib
Replace Part C88 Capacitor - 13pF [0402-50V] in C:\Altium Projects\B100\[AA]\Design Files\B100AA\Schematics\FOTA MicroController.SchDoc with Capacitor - 13pF [0402-50V] from Ovoo_Library.IntLib
Replace Part C89 Capacitor - 100nF [0402-6V3] in C:\Altium Projects\B100\[AA]\Design Files\B100AA\Schematics\FOTA MicroController.SchDoc with Capacitor - 100nF [0402-6V3] from Ovoo_Library.IntLib
Replace Part D2 Diode - RGB LED (150066M153000) in C:\Altium Projects\B100\[AA]\Design Files\B100AA\Schematics\FOTA MicroController.SchDoc with Diode - RGB LED (150066M153000) from Ovoo_Library.IntLib
Replace Part Q7 Transistor - BC847 in C:\Altium Projects\B100\[AA]\Design Files\B100AA\Schematics\FOTA MicroController.SchDoc with Transistor - BC847 from Ovoo_Library.IntLib
Replace Part Q8 Transistor - BC847 in C:\Altium Projects\B100\[AA]\Design Files\B100AA\Schematics\FOTA MicroController.SchDoc with Transistor - BC847 from Ovoo_Library.IntLib
Replace Part Q9 Transistor - BC847 in C:\Altium Projects\B100\[AA]\Design Files\B100AA\Schematics\FOTA MicroController.SchDoc with Transistor - BC847 from Ovoo_Library.IntLib
Replace Part R34 Resistor - 330R in C:\Altium Projects\B100\[AA]\Design Files\B100AA\Schematics\FOTA MicroController.SchDoc with Resistor - 330R from Ovoo_Library.IntLib
Replace Part R35 Resistor - 330R in C:\Altium Projects\B100\[AA]\Design Files\B100AA\Schematics\FOTA MicroController.SchDoc with Resistor - 330R from Ovoo_Library.IntLib
Replace Part R36 Resistor - 47K in C:\Altium Projects\B100\[AA]\Design Files\B100AA\Schematics\FOTA MicroController.SchDoc with Resistor - 47K from Ovoo_Library.IntLib
Replace Part R37 Resistor - 330R in C:\Altium Projects\B100\[AA]\Design Files\B100AA\Schematics\FOTA MicroController.SchDoc with Resistor - 330R from Ovoo_Library.IntLib
Replace Part R38 Resistor - 47K in C:\Altium Projects\B100\[AA]\Design Files\B100AA\Schematics\FOTA MicroController.SchDoc with Resistor - 47K from Ovoo_Library.IntLib
Replace Part R39 Resistor - 10K in C:\Altium Projects\B100\[AA]\Design Files\B100AA\Schematics\FOTA MicroController.SchDoc with Resistor - 10K from Ovoo_Library.IntLib
Replace Part R40 Resistor - 47K in C:\Altium Projects\B100\[AA]\Design Files\B100AA\Schematics\FOTA MicroController.SchDoc with Resistor - 47K from Ovoo_Library.IntLib
Replace Part U13 IC - ATMEGA328P in C:\Altium Projects\B100\[AA]\Design Files\B100AA\Schematics\FOTA MicroController.SchDoc with IC - ATMEGA328P from Ovoo_Library.IntLib
Replace Part X1 Crystal - 7.3728 MHz (Abracon) in C:\Altium Projects\B100\[AA]\Design Files\B100AA\Schematics\FOTA MicroController.SchDoc with Crystal - 7.3728 MHz (Abracon) from Ovoo_Library.IntLib
