Replace Part C64 Capacitor - 100nF [0402-6V3] in C:\Altium Projects\B100\[AA]\Design Files\B100AA\Schematics\FOTA MicroController.SchDoc with Capacitor - 100nF [0402-6V3] from Ovoo_Library.IntLib
Replace Part C65 Capacitor - 100nF [0402-6V3] in C:\Altium Projects\B100\[AA]\Design Files\B100AA\Schematics\FOTA MicroController.SchDoc with Capacitor - 100nF [0402-6V3] from Ovoo_Library.IntLib
Replace Part C66 Capacitor - 100nF [0402-6V3] in C:\Altium Projects\B100\[AA]\Design Files\B100AA\Schematics\FOTA MicroController.SchDoc with Capacitor - 100nF [0402-6V3] from Ovoo_Library.IntLib
Replace Part C67 Capacitor - 33pF [0402-6V3] in C:\Altium Projects\B100\[AA]\Design Files\B100AA\Schematics\FOTA MicroController.SchDoc with Capacitor - 33pF [0402-6V3] from Ovoo_Library.IntLib
Replace Part C68 Capacitor - 33pF [0402-6V3] in C:\Altium Projects\B100\[AA]\Design Files\B100AA\Schematics\FOTA MicroController.SchDoc with Capacitor - 33pF [0402-6V3] from Ovoo_Library.IntLib
Replace Part C69 Capacitor - 33pF [0402-6V3] in C:\Altium Projects\B100\[AA]\Design Files\B100AA\Schematics\FOTA MicroController.SchDoc with Capacitor - 33pF [0402-6V3] from Ovoo_Library.IntLib
Replace Part C70 Capacitor - 33pF [0402-6V3] in C:\Altium Projects\B100\[AA]\Design Files\B100AA\Schematics\FOTA MicroController.SchDoc with Capacitor - 33pF [0402-6V3] from Ovoo_Library.IntLib
Replace Part C71 Capacitor - 33pF [0402-6V3] in C:\Altium Projects\B100\[AA]\Design Files\B100AA\Schematics\FOTA MicroController.SchDoc with Capacitor - 33pF [0402-6V3] from Ovoo_Library.IntLib
Replace Part C72 Capacitor - 33pF [0402-6V3] in C:\Altium Projects\B100\[AA]\Design Files\B100AA\Schematics\FOTA MicroController.SchDoc with Capacitor - 33pF [0402-6V3] from Ovoo_Library.IntLib
Replace Part C73 Capacitor - 33pF [0402-6V3] in C:\Altium Projects\B100\[AA]\Design Files\B100AA\Schematics\FOTA MicroController.SchDoc with Capacitor - 33pF [0402-6V3] from Ovoo_Library.IntLib
Replace Part C74 Capacitor - 13pF [0402-50V] in C:\Altium Projects\B100\[AA]\Design Files\B100AA\Schematics\FOTA MicroController.SchDoc with Capacitor - 13pF [0402-50V] from Ovoo_Library.IntLib
Replace Part C75 Capacitor - 13pF [0402-50V] in C:\Altium Projects\B100\[AA]\Design Files\B100AA\Schematics\FOTA MicroController.SchDoc with Capacitor - 13pF [0402-50V] from Ovoo_Library.IntLib
Replace Part C76 Capacitor - 100nF [0402-6V3] in C:\Altium Projects\B100\[AA]\Design Files\B100AA\Schematics\FOTA MicroController.SchDoc with Capacitor - 100nF [0402-6V3] from Ovoo_Library.IntLib
Replace Part D2 Diode - RGB LED (150066M153000) in C:\Altium Projects\B100\[AA]\Design Files\B100AA\Schematics\FOTA MicroController.SchDoc with Diode - RGB LED (150066M153000) from Ovoo_Library.IntLib
Replace Part Q7 Transistor - BC847 in C:\Altium Projects\B100\[AA]\Design Files\B100AA\Schematics\FOTA MicroController.SchDoc with Transistor - BC847 from Ovoo_Library.IntLib
Replace Part Q8 Transistor - BC847 in C:\Altium Projects\B100\[AA]\Design Files\B100AA\Schematics\FOTA MicroController.SchDoc with Transistor - BC847 from Ovoo_Library.IntLib
Replace Part Q9 Transistor - BC847 in C:\Altium Projects\B100\[AA]\Design Files\B100AA\Schematics\FOTA MicroController.SchDoc with Transistor - BC847 from Ovoo_Library.IntLib
Replace Part R31 Resistor - 330R in C:\Altium Projects\B100\[AA]\Design Files\B100AA\Schematics\FOTA MicroController.SchDoc with Resistor - 330R from Ovoo_Library.IntLib
Replace Part R32 Resistor - 330R in C:\Altium Projects\B100\[AA]\Design Files\B100AA\Schematics\FOTA MicroController.SchDoc with Resistor - 330R from Ovoo_Library.IntLib
Replace Part R33 Resistor - 47K in C:\Altium Projects\B100\[AA]\Design Files\B100AA\Schematics\FOTA MicroController.SchDoc with Resistor - 47K from Ovoo_Library.IntLib
Replace Part R34 Resistor - 330R in C:\Altium Projects\B100\[AA]\Design Files\B100AA\Schematics\FOTA MicroController.SchDoc with Resistor - 330R from Ovoo_Library.IntLib
Replace Part R35 Resistor - 47K in C:\Altium Projects\B100\[AA]\Design Files\B100AA\Schematics\FOTA MicroController.SchDoc with Resistor - 47K from Ovoo_Library.IntLib
Replace Part R36 Resistor - 10K in C:\Altium Projects\B100\[AA]\Design Files\B100AA\Schematics\FOTA MicroController.SchDoc with Resistor - 10K from Ovoo_Library.IntLib
Replace Part R37 Resistor - 47K in C:\Altium Projects\B100\[AA]\Design Files\B100AA\Schematics\FOTA MicroController.SchDoc with Resistor - 47K from Ovoo_Library.IntLib
Replace Part U11 IC - ATMEGA328P in C:\Altium Projects\B100\[AA]\Design Files\B100AA\Schematics\FOTA MicroController.SchDoc with IC - ATMEGA328P from Ovoo_Library.IntLib
Replace Part X1 Crystal - 7.3728 MHz (Abracon) in C:\Altium Projects\B100\[AA]\Design Files\B100AA\Schematics\FOTA MicroController.SchDoc with Crystal - 7.3728 MHz (Abracon) from Ovoo_Library.IntLib
