Change Component Designator: Old Designator=C30 New Designator=C?
Change Component Designator: Old Designator=C31 New Designator=C?
Change Component Designator: Old Designator=C32 New Designator=C?
Change Component Designator: Old Designator=C33 New Designator=C?
Change Component Designator: Old Designator=C34 New Designator=C?
Change Component Designator: Old Designator=C35 New Designator=C?
Change Component Designator: Old Designator=C36 New Designator=C?
Change Component Designator: Old Designator=L3 New Designator=L?
Change Component Designator: Old Designator=L4 New Designator=L?
Change Component Designator: Old Designator=R12 New Designator=R?
Change Component Designator: Old Designator=R13 New Designator=R?
Change Component Designator: Old Designator=R14 New Designator=R?
Change Component Designator: Old Designator=RF1 New Designator=RF?
Change Component Designator: Old Designator=TP1 New Designator=TP?
Change Component Designator: Old Designator=TP2 New Designator=TP?
Change Component Designator: Old Designator=TP3 New Designator=TP?
Change Component Designator: Old Designator=TP4 New Designator=TP?
Change Component Designator: Old Designator=TP5 New Designator=TP?
Change Component Designator: Old Designator=U6 New Designator=U?
Change Component Designator: Old Designator=U6 New Designator=U?
Change Component Designator: Old Designator=U7 New Designator=U?
