Replace Part C17 Capacitor - 33pF [0402-6V3] in C:\Altium Projects\B100\[AA]\Design Files\B100AA\Schematics\GE910QUAD Modem.SchDoc with Capacitor - 33pF [0402-6V3] from Ovoo_Library.IntLib
Replace Part C18 Capacitor - 33pF [0402-6V3] in C:\Altium Projects\B100\[AA]\Design Files\B100AA\Schematics\GE910QUAD Modem.SchDoc with Capacitor - 33pF [0402-6V3] from Ovoo_Library.IntLib
Replace Part C19 Capacitor - 33pF [0402-6V3] in C:\Altium Projects\B100\[AA]\Design Files\B100AA\Schematics\GE910QUAD Modem.SchDoc with Capacitor - 33pF [0402-6V3] from Ovoo_Library.IntLib
Replace Part C20 Capacitor - 33pF [0402-6V3] in C:\Altium Projects\B100\[AA]\Design Files\B100AA\Schematics\GE910QUAD Modem.SchDoc with Capacitor - 33pF [0402-6V3] from Ovoo_Library.IntLib
Replace Part C21 Capacitor - 33pF [0402-6V3] in C:\Altium Projects\B100\[AA]\Design Files\B100AA\Schematics\GE910QUAD Modem.SchDoc with Capacitor - 33pF [0402-6V3] from Ovoo_Library.IntLib
Replace Part C22 Capacitor - 100nF [0402-6V3] in C:\Altium Projects\B100\[AA]\Design Files\B100AA\Schematics\GE910QUAD Modem.SchDoc with Capacitor - 100nF [0402-6V3] from Ovoo_Library.IntLib
Replace Part C23 Capacitor - 1nF [0402-6V3] in C:\Altium Projects\B100\[AA]\Design Files\B100AA\Schematics\GE910QUAD Modem.SchDoc with Capacitor - 1nF [0402-6V3] from Ovoo_Library.IntLib
Replace Part C24 Capacitor - 1nF [0402-6V3] in C:\Altium Projects\B100\[AA]\Design Files\B100AA\Schematics\GE910QUAD Modem.SchDoc with Capacitor - 1nF [0402-6V3] from Ovoo_Library.IntLib
Replace Part L1 Inductor - 1nH [0402] in C:\Altium Projects\B100\[AA]\Design Files\B100AA\Schematics\GE910QUAD Modem.SchDoc with Inductor - 1nH [0402] from Ovoo_Library.IntLib
Replace Part L2 Inductor - 1nH [0402] in C:\Altium Projects\B100\[AA]\Design Files\B100AA\Schematics\GE910QUAD Modem.SchDoc with Inductor - 1nH [0402] from Ovoo_Library.IntLib
Replace Part R5 Resistor - 0R in C:\Altium Projects\B100\[AA]\Design Files\B100AA\Schematics\GE910QUAD Modem.SchDoc with Resistor - 0R from Ovoo_Library.IntLib
Replace Part R6 Resistor - 0R in C:\Altium Projects\B100\[AA]\Design Files\B100AA\Schematics\GE910QUAD Modem.SchDoc with Resistor - 0R from Ovoo_Library.IntLib
Replace Part R7 Resistor - 0R in C:\Altium Projects\B100\[AA]\Design Files\B100AA\Schematics\GE910QUAD Modem.SchDoc with Resistor - 0R from Ovoo_Library.IntLib
Replace Part RF1 Connector - MHF in C:\Altium Projects\B100\[AA]\Design Files\B100AA\Schematics\GE910QUAD Modem.SchDoc with Connector - MHF from Ovoo_Library.IntLib
Replace Part TP1 PCB - Test Point in C:\Altium Projects\B100\[AA]\Design Files\B100AA\Schematics\GE910QUAD Modem.SchDoc with PCB - Test Point from Ovoo_Library.IntLib
Replace Part TP2 PCB - Test Point in C:\Altium Projects\B100\[AA]\Design Files\B100AA\Schematics\GE910QUAD Modem.SchDoc with PCB - Test Point from Ovoo_Library.IntLib
Replace Part TP3 PCB - Test Point in C:\Altium Projects\B100\[AA]\Design Files\B100AA\Schematics\GE910QUAD Modem.SchDoc with PCB - Test Point from Ovoo_Library.IntLib
Replace Part TP4 PCB - Test Point in C:\Altium Projects\B100\[AA]\Design Files\B100AA\Schematics\GE910QUAD Modem.SchDoc with PCB - Test Point from Ovoo_Library.IntLib
Replace Part TP5 PCB - Test Point in C:\Altium Projects\B100\[AA]\Design Files\B100AA\Schematics\GE910QUAD Modem.SchDoc with PCB - Test Point from Ovoo_Library.IntLib
Replace Part U4 IC - Telit GE910QUAD in C:\Altium Projects\B100\[AA]\Design Files\B100AA\Schematics\GE910QUAD Modem.SchDoc with IC - Telit GE910QUAD from Ovoo_Library.IntLib
Replace Part U4 IC - Telit GE910QUAD in C:\Altium Projects\B100\[AA]\Design Files\B100AA\Schematics\GE910QUAD Modem.SchDoc with IC - Telit GE910QUAD from Ovoo_Library.IntLib
Replace Part U5 IC - MFF2 in C:\Altium Projects\B100\[AA]\Design Files\B100AA\Schematics\GE910QUAD Modem.SchDoc with IC - MFF2 from Ovoo_Library.IntLib
