Replace Part C30 Capacitor - 33pF [0402-6V3] in C:\Altium Projects\B100\[AA]\Design Files\B100AA\Schematics\GE910QUAD Modem.SchDoc with Capacitor - 33pF [0402-6V3] from Ovoo_Library.IntLib
Replace Part C31 Capacitor - 33pF [0402-6V3] in C:\Altium Projects\B100\[AA]\Design Files\B100AA\Schematics\GE910QUAD Modem.SchDoc with Capacitor - 33pF [0402-6V3] from Ovoo_Library.IntLib
Replace Part C32 Capacitor - 33pF [0402-6V3] in C:\Altium Projects\B100\[AA]\Design Files\B100AA\Schematics\GE910QUAD Modem.SchDoc with Capacitor - 33pF [0402-6V3] from Ovoo_Library.IntLib
Replace Part C33 Capacitor - 33pF [0402-6V3] in C:\Altium Projects\B100\[AA]\Design Files\B100AA\Schematics\GE910QUAD Modem.SchDoc with Capacitor - 33pF [0402-6V3] from Ovoo_Library.IntLib
Replace Part C34 Capacitor - 33pF [0402-6V3] in C:\Altium Projects\B100\[AA]\Design Files\B100AA\Schematics\GE910QUAD Modem.SchDoc with Capacitor - 33pF [0402-6V3] from Ovoo_Library.IntLib
Replace Part C35 Capacitor - 100nF [0402-6V3] in C:\Altium Projects\B100\[AA]\Design Files\B100AA\Schematics\GE910QUAD Modem.SchDoc with Capacitor - 100nF [0402-6V3] from Ovoo_Library.IntLib
Replace Part C36 Capacitor - 1nF [0402-6V3] in C:\Altium Projects\B100\[AA]\Design Files\B100AA\Schematics\GE910QUAD Modem.SchDoc with Capacitor - 1nF [0402-6V3] from Ovoo_Library.IntLib
Replace Part C37 Capacitor - 1nF [0402-6V3] in C:\Altium Projects\B100\[AA]\Design Files\B100AA\Schematics\GE910QUAD Modem.SchDoc with Capacitor - 1nF [0402-6V3] from Ovoo_Library.IntLib
Replace Part L3 Inductor - 1nH [0402] in C:\Altium Projects\B100\[AA]\Design Files\B100AA\Schematics\GE910QUAD Modem.SchDoc with Inductor - 1nH [0402] from Ovoo_Library.IntLib
Replace Part L4 Inductor - 1nH [0402] in C:\Altium Projects\B100\[AA]\Design Files\B100AA\Schematics\GE910QUAD Modem.SchDoc with Inductor - 1nH [0402] from Ovoo_Library.IntLib
Replace Part R12 Resistor - 0R in C:\Altium Projects\B100\[AA]\Design Files\B100AA\Schematics\GE910QUAD Modem.SchDoc with Resistor - 0R from Ovoo_Library.IntLib
Replace Part R13 Resistor - 0R in C:\Altium Projects\B100\[AA]\Design Files\B100AA\Schematics\GE910QUAD Modem.SchDoc with Resistor - 0R from Ovoo_Library.IntLib
Replace Part R14 Resistor - 0R in C:\Altium Projects\B100\[AA]\Design Files\B100AA\Schematics\GE910QUAD Modem.SchDoc with Resistor - 0R from Ovoo_Library.IntLib
Replace Part RF1 Connector - MHF in C:\Altium Projects\B100\[AA]\Design Files\B100AA\Schematics\GE910QUAD Modem.SchDoc with Connector - MHF from Ovoo_Library.IntLib
Replace Part TP1 PCB - Test Point in C:\Altium Projects\B100\[AA]\Design Files\B100AA\Schematics\GE910QUAD Modem.SchDoc with PCB - Test Point from Ovoo_Library.IntLib
Replace Part TP2 PCB - Test Point in C:\Altium Projects\B100\[AA]\Design Files\B100AA\Schematics\GE910QUAD Modem.SchDoc with PCB - Test Point from Ovoo_Library.IntLib
Replace Part TP3 PCB - Test Point in C:\Altium Projects\B100\[AA]\Design Files\B100AA\Schematics\GE910QUAD Modem.SchDoc with PCB - Test Point from Ovoo_Library.IntLib
Replace Part TP4 PCB - Test Point in C:\Altium Projects\B100\[AA]\Design Files\B100AA\Schematics\GE910QUAD Modem.SchDoc with PCB - Test Point from Ovoo_Library.IntLib
Replace Part TP5 PCB - Test Point in C:\Altium Projects\B100\[AA]\Design Files\B100AA\Schematics\GE910QUAD Modem.SchDoc with PCB - Test Point from Ovoo_Library.IntLib
Replace Part U6 IC - Telit GE910QUAD in C:\Altium Projects\B100\[AA]\Design Files\B100AA\Schematics\GE910QUAD Modem.SchDoc with IC - Telit GE910QUAD from Ovoo_Library.IntLib
Replace Part U6 IC - Telit GE910QUAD in C:\Altium Projects\B100\[AA]\Design Files\B100AA\Schematics\GE910QUAD Modem.SchDoc with IC - Telit GE910QUAD from Ovoo_Library.IntLib
Replace Part U7 IC - MFF2 in C:\Altium Projects\B100\[AA]\Design Files\B100AA\Schematics\GE910QUAD Modem.SchDoc with IC - MFF2 from Ovoo_Library.IntLib
