Replace Part C53 Capacitor - 33pF [0402-6V3] in C:\Altium Projects\B100\[AA]\Design Files\B100AA\Schematics\GSM LED Indicators.SchDoc with Capacitor - 33pF [0402-6V3] from Ovoo_Library.IntLib
Replace Part C54 Capacitor - 33pF [0402-6V3] in C:\Altium Projects\B100\[AA]\Design Files\B100AA\Schematics\GSM LED Indicators.SchDoc with Capacitor - 33pF [0402-6V3] from Ovoo_Library.IntLib
Replace Part C55 Capacitor - 33pF [0402-6V3] in C:\Altium Projects\B100\[AA]\Design Files\B100AA\Schematics\GSM LED Indicators.SchDoc with Capacitor - 33pF [0402-6V3] from Ovoo_Library.IntLib
Replace Part C56 Capacitor - 33pF [0402-6V3] in C:\Altium Projects\B100\[AA]\Design Files\B100AA\Schematics\GSM LED Indicators.SchDoc with Capacitor - 33pF [0402-6V3] from Ovoo_Library.IntLib
Replace Part C57 Capacitor - 33pF [0402-6V3] in C:\Altium Projects\B100\[AA]\Design Files\B100AA\Schematics\GSM LED Indicators.SchDoc with Capacitor - 33pF [0402-6V3] from Ovoo_Library.IntLib
Replace Part C58 Capacitor - 33pF [0402-6V3] in C:\Altium Projects\B100\[AA]\Design Files\B100AA\Schematics\GSM LED Indicators.SchDoc with Capacitor - 33pF [0402-6V3] from Ovoo_Library.IntLib
Replace Part C59 Capacitor - 33pF [0402-6V3] in C:\Altium Projects\B100\[AA]\Design Files\B100AA\Schematics\GSM LED Indicators.SchDoc with Capacitor - 33pF [0402-6V3] from Ovoo_Library.IntLib
Replace Part D1 Diode - RGB LED (150066M153000) in C:\Altium Projects\B100\[AA]\Design Files\B100AA\Schematics\GSM LED Indicators.SchDoc with Diode - RGB LED (150066M153000) from Ovoo_Library.IntLib
Replace Part Q3 Transistor - BC807 in C:\Altium Projects\B100\[AA]\Design Files\B100AA\Schematics\GSM LED Indicators.SchDoc with Transistor - BC807 from Ovoo_Library.IntLib
Replace Part Q4 Transistor - BC847 in C:\Altium Projects\B100\[AA]\Design Files\B100AA\Schematics\GSM LED Indicators.SchDoc with Transistor - BC847 from Ovoo_Library.IntLib
Replace Part Q5 Transistor - BC847 in C:\Altium Projects\B100\[AA]\Design Files\B100AA\Schematics\GSM LED Indicators.SchDoc with Transistor - BC847 from Ovoo_Library.IntLib
Replace Part Q6 Transistor - BC847 in C:\Altium Projects\B100\[AA]\Design Files\B100AA\Schematics\GSM LED Indicators.SchDoc with Transistor - BC847 from Ovoo_Library.IntLib
Replace Part R17 Resistor - 47K in C:\Altium Projects\B100\[AA]\Design Files\B100AA\Schematics\GSM LED Indicators.SchDoc with Resistor - 47K from Ovoo_Library.IntLib
Replace Part R18 Resistor - 4K7 in C:\Altium Projects\B100\[AA]\Design Files\B100AA\Schematics\GSM LED Indicators.SchDoc with Resistor - 4K7 from Ovoo_Library.IntLib
Replace Part R19 Resistor - 64R9 in C:\Altium Projects\B100\[AA]\Design Files\B100AA\Schematics\GSM LED Indicators.SchDoc with Resistor - 64R9 from Ovoo_Library.IntLib
Replace Part R20 Resistor - 22R in C:\Altium Projects\B100\[AA]\Design Files\B100AA\Schematics\GSM LED Indicators.SchDoc with Resistor - 22R from Ovoo_Library.IntLib
Replace Part R21 Resistor - 22R in C:\Altium Projects\B100\[AA]\Design Files\B100AA\Schematics\GSM LED Indicators.SchDoc with Resistor - 22R from Ovoo_Library.IntLib
Replace Part R22 Resistor - 4K7 in C:\Altium Projects\B100\[AA]\Design Files\B100AA\Schematics\GSM LED Indicators.SchDoc with Resistor - 4K7 from Ovoo_Library.IntLib
Replace Part R23 Resistor - 4K7 in C:\Altium Projects\B100\[AA]\Design Files\B100AA\Schematics\GSM LED Indicators.SchDoc with Resistor - 4K7 from Ovoo_Library.IntLib
Replace Part R24 Resistor - 4K7 in C:\Altium Projects\B100\[AA]\Design Files\B100AA\Schematics\GSM LED Indicators.SchDoc with Resistor - 4K7 from Ovoo_Library.IntLib
Replace Part R25 Resistor - 47K in C:\Altium Projects\B100\[AA]\Design Files\B100AA\Schematics\GSM LED Indicators.SchDoc with Resistor - 47K from Ovoo_Library.IntLib
Replace Part R26 Resistor - 47K in C:\Altium Projects\B100\[AA]\Design Files\B100AA\Schematics\GSM LED Indicators.SchDoc with Resistor - 47K from Ovoo_Library.IntLib
