Change Component Designator: Old Designator=C? New Designator=C66
Change Component Designator: Old Designator=C? New Designator=C67
Change Component Designator: Old Designator=C? New Designator=C68
Change Component Designator: Old Designator=C? New Designator=C69
Change Component Designator: Old Designator=C? New Designator=C70
Change Component Designator: Old Designator=C? New Designator=C71
Change Component Designator: Old Designator=C? New Designator=C72
Change Component Designator: Old Designator=C? New Designator=C73
Change Component Designator: Old Designator=C? New Designator=C74
Change Component Designator: Old Designator=C? New Designator=C75
Change Component Designator: Old Designator=C? New Designator=C76
Change Component Designator: Old Designator=C? New Designator=C77
Change Component Designator: Old Designator=C? New Designator=C78
Change Component Designator: Old Designator=C? New Designator=C79
Change Component Designator: Old Designator=C? New Designator=C80
Change Component Designator: Old Designator=C? New Designator=C81
Change Component Designator: Old Designator=C? New Designator=C82
Change Component Designator: Old Designator=C? New Designator=C83
Change Component Designator: Old Designator=C? New Designator=C84
Change Component Designator: Old Designator=C? New Designator=C85
Change Component Designator: Old Designator=C? New Designator=C86
Change Component Designator: Old Designator=C? New Designator=C87
Change Component Designator: Old Designator=C? New Designator=C88
Change Component Designator: Old Designator=C? New Designator=C89
Change Component Designator: Old Designator=C? New Designator=C90
Change Component Designator: Old Designator=C? New Designator=C91
Change Component Designator: Old Designator=C? New Designator=C92
Change Component Designator: Old Designator=C? New Designator=C93
Change Component Designator: Old Designator=C? New Designator=C94
Change Component Designator: Old Designator=C? New Designator=C95
Change Component Designator: Old Designator=C? New Designator=C96
Change Component Designator: Old Designator=C? New Designator=C97
Change Component Designator: Old Designator=C? New Designator=C98
Change Component Designator: Old Designator=C? New Designator=C99
Change Component Designator: Old Designator=C? New Designator=C100
Change Component Designator: Old Designator=C? New Designator=C101
Change Component Designator: Old Designator=C? New Designator=C102
Change Component Designator: Old Designator=C? New Designator=C103
Change Component Designator: Old Designator=C? New Designator=C104
Change Component Designator: Old Designator=C? New Designator=C105
Change Component Designator: Old Designator=C? New Designator=C119
Change Component Designator: Old Designator=C? New Designator=C120
Change Component Designator: Old Designator=C? New Designator=C121
Change Component Designator: Old Designator=C? New Designator=C122
Change Component Designator: Old Designator=C? New Designator=C123
Change Component Designator: Old Designator=C? New Designator=C124
Change Component Designator: Old Designator=C? New Designator=C125
Change Component Designator: Old Designator=D? New Designator=D2
Change Component Designator: Old Designator=Q? New Designator=Q7
Change Component Designator: Old Designator=Q? New Designator=Q8
Change Component Designator: Old Designator=Q? New Designator=Q9
Change Component Designator: Old Designator=R? New Designator=R29
Change Component Designator: Old Designator=R? New Designator=R30
Change Component Designator: Old Designator=R? New Designator=R31
Change Component Designator: Old Designator=R? New Designator=R32
Change Component Designator: Old Designator=R? New Designator=R33
Change Component Designator: Old Designator=R? New Designator=R34
Change Component Designator: Old Designator=U? New Designator=U18
Change Component Designator: Old Designator=U? New Designator=U18
